<?xml version="1.0" encoding="utf-8"?>
<TestRun id="28eb9f37-5ace-4aff-abbf-1998d1c9f2c1" name="madoc@MADOC 2026-02-13 19:58:47" runUser="MADOC\madoc" xmlns="http://microsoft.com/schemas/VisualStudio/TeamTest/2010">
  <Times creation="2026-02-13T19:58:47.4134152+02:00" queuing="2026-02-13T19:58:47.4134158+02:00" start="2026-02-13T19:58:44.6444895+02:00" finish="2026-02-13T19:58:54.2866515+02:00" />
  <TestSettings name="default" id="397c7096-6eaf-4e1d-95cc-0fd62af8ad32">
    <Deployment runDeploymentRoot="madoc_MADOC_2026-02-13_19_58_47" />
  </TestSettings>
  <Results>
    <UnitTestResult executionId="12551d4a-7dd6-4d7f-981b-6ac562b049c3" testId="c66fa6ee-c57f-d93b-3761-48562408594d" testName="SAFARIstack.Tests.Unit.Domain.EnterpriseEntityTests.PropertyGroup_AddProperty_AddsAndPreventsDuplicates" computerName="MADOC" duration="00:00:00.0088401" startTime="2026-02-13T19:58:47.3109055+02:00" endTime="2026-02-13T19:58:47.3109057+02:00" testType="13cdc9d9-ddb5-4fa4-a97d-d965ccfc6d4b" outcome="Passed" testListId="8c84fa94-04c1-424b-9868-57a2d4851a1d" relativeResultsDirectory="12551d4a-7dd6-4d7f-981b-6ac562b049c3" />
    <UnitTestResult executionId="8375a4e9-c9ab-43cd-8367-309b1e002f5e" testId="813bd882-c89b-e080-89a1-5bc6879a21c9" testName="SAFARIstack.Tests.Unit.Services.AiConciergeServiceTests.GetAiAnalyticsAsync_WithData_CalculatesCorrectly" computerName="MADOC" duration="00:00:00.0139978" startTime="2026-02-13T19:58:53.6503488+02:00" endTime="2026-02-13T19:58:53.6503514+02:00" testType="13cdc9d9-ddb5-4fa4-a97d-d965ccfc6d4b" outcome="Failed" testListId="8c84fa94-04c1-424b-9868-57a2d4851a1d" relativeResultsDirectory="8375a4e9-c9ab-43cd-8367-309b1e002f5e">
      <Output>
        <ErrorInfo>
          <Message>System.NullReferenceException : Object reference not set to an instance of an object.</Message>
          <StackTrace>   at lambda_method1928(Closure, QueryContext)&#xD;
   at Microsoft.EntityFrameworkCore.Query.Internal.QueryCompiler.ExecuteCore[TResult](Expression query, Boolean async, CancellationToken cancellationToken)&#xD;
   at Microsoft.EntityFrameworkCore.Query.Internal.QueryCompiler.ExecuteAsync[TResult](Expression query, CancellationToken cancellationToken)&#xD;
   at Microsoft.EntityFrameworkCore.Query.Internal.EntityQueryProvider.ExecuteAsync[TResult](Expression expression, CancellationToken cancellationToken)&#xD;
   at Microsoft.EntityFrameworkCore.Query.Internal.EntityQueryable`1.GetAsyncEnumerator(CancellationToken cancellationToken)&#xD;
   at System.Runtime.CompilerServices.ConfiguredCancelableAsyncEnumerable`1.GetAsyncEnumerator()&#xD;
   at Microsoft.EntityFrameworkCore.EntityFrameworkQueryableExtensions.ToListAsync[TSource](IQueryable`1 source, CancellationToken cancellationToken)&#xD;
   at SAFARIstack.Infrastructure.Services.AiConciergeService.GetAiAnalyticsAsync(Guid propertyId, DateTime startDate, DateTime endDate) in C:\Users\madoc\OneDrive\Documents\Lodge&amp;Hotel\backend\src\SAFARIstack.Infrastructure\Services\AiConciergeService.cs:line 104&#xD;
   at SAFARIstack.Tests.Unit.Services.AiConciergeServiceTests.GetAiAnalyticsAsync_WithData_CalculatesCorrectly() in C:\Users\madoc\OneDrive\Documents\Lodge&amp;Hotel\backend\tests\SAFARIstack.Tests.Unit\Services\AiConciergeServiceTests.cs:line 175&#xD;
--- End of stack trace from previous location ---</StackTrace>
        </ErrorInfo>
      </Output>
    </UnitTestResult>
    <UnitTestResult executionId="43f414eb-5886-458b-b4ed-207fdac51615" testId="36c6b7b9-2ddd-bf76-7345-d8b1ba0f3b31" testName="SAFARIstack.Tests.Unit.Services.ReportFormatTests.GiftCard_GeneratePin_Format" computerName="MADOC" duration="00:00:00.3393602" startTime="2026-02-13T19:58:47.5513929+02:00" endTime="2026-02-13T19:58:47.5513936+02:00" testType="13cdc9d9-ddb5-4fa4-a97d-d965ccfc6d4b" outcome="Failed" testListId="8c84fa94-04c1-424b-9868-57a2d4851a1d" relativeResultsDirectory="43f414eb-5886-458b-b4ed-207fdac51615">
      <Output>
        <ErrorInfo>
          <Message>Expected pins to contain only items matching (p.Length == 6), but {"7715", "6415", "1487", "4709", "7312", "9091", "3228", "3321", "3423", "2154", "3011", "8730", "9900", "9518", "4151", "5008", "5594", "9993", "7276", "8880", "3277", "5218", "8595", "4243", "2768", "3185", "4727", "1500", "5217", "9538", "8238", "1481", …more…} do(es) not match.</Message>
          <StackTrace>   at FluentAssertions.Execution.XUnit2TestFramework.Throw(String message)&#xD;
   at FluentAssertions.Execution.TestFrameworkProvider.Throw(String message)&#xD;
   at FluentAssertions.Execution.DefaultAssertionStrategy.HandleFailure(String message)&#xD;
   at FluentAssertions.Execution.AssertionScope.FailWith(Func`1 failReasonFunc)&#xD;
   at FluentAssertions.Execution.AssertionScope.FailWith(Func`1 failReasonFunc)&#xD;
   at FluentAssertions.Execution.AssertionScope.FailWith(String message, Object[] args)&#xD;
   at FluentAssertions.Execution.GivenSelector`1.FailWith(String message, Object[] args)&#xD;
   at FluentAssertions.Execution.GivenSelector`1.FailWith(String message, Func`2[] args)&#xD;
   at FluentAssertions.Collections.GenericCollectionAssertions`3.OnlyContain(Expression`1 predicate, String because, Object[] becauseArgs)&#xD;
   at SAFARIstack.Tests.Unit.Services.ReportFormatTests.GiftCard_GeneratePin_Format() in C:\Users\madoc\OneDrive\Documents\Lodge&amp;Hotel\backend\tests\SAFARIstack.Tests.Unit\Services\EnterpriseServiceTests.cs:line 500&#xD;
   at System.RuntimeMethodHandle.InvokeMethod(Object target, Void** arguments, Signature sig, Boolean isConstructor)&#xD;
   at System.Reflection.MethodBaseInvoker.InvokeWithNoArgs(Object obj, BindingFlags invokeAttr)</StackTrace>
        </ErrorInfo>
      </Output>
    </UnitTestResult>
    <UnitTestResult executionId="822cc804-2881-4527-9cbe-c169767c91ca" testId="abeb1688-5529-4fab-9360-96841d0d4a7b" testName="SAFARIstack.Tests.Unit.Services.AiConciergeServiceTests.HandleInquiryAsync_ClassifiesIntentCorrectly(question: &quot;Do you have a spa?&quot;, expectedIntent: &quot;Spa&quot;)" computerName="MADOC" duration="00:00:00.0037134" startTime="2026-02-13T19:58:53.0965788+02:00" endTime="2026-02-13T19:58:53.0965802+02:00" testType="13cdc9d9-ddb5-4fa4-a97d-d965ccfc6d4b" outcome="Passed" testListId="8c84fa94-04c1-424b-9868-57a2d4851a1d" relativeResultsDirectory="822cc804-2881-4527-9cbe-c169767c91ca" />
    <UnitTestResult executionId="a2c1a566-e020-4f3a-ae5f-b44ff9be2dd8" testId="d5759162-a4df-2ff2-9fbb-174124ecc9dd" testName="SAFARIstack.Tests.Unit.Domain.EnterpriseEntityTests.UpsellOffer_Deactivate_SetsInactive" computerName="MADOC" duration="00:00:00.0018417" startTime="2026-02-13T19:58:47.3406125+02:00" endTime="2026-02-13T19:58:47.3406126+02:00" testType="13cdc9d9-ddb5-4fa4-a97d-d965ccfc6d4b" outcome="Passed" testListId="8c84fa94-04c1-424b-9868-57a2d4851a1d" relativeResultsDirectory="a2c1a566-e020-4f3a-ae5f-b44ff9be2dd8" />
    <UnitTestResult executionId="0f5af2b8-d232-4b95-a896-d9aa207a4971" testId="23b0abef-1b4b-a025-c60e-4f58b95c5462" testName="SAFARIstack.Tests.Unit.Services.AiConciergeServiceTests.HandleInquiryAsync_ClassifiesIntentCorrectly(question: &quot;What time does dinner start?&quot;, expectedIntent: &quot;Restaurant&quot;)" computerName="MADOC" duration="00:00:00.0053802" startTime="2026-02-13T19:58:52.9943386+02:00" endTime="2026-02-13T19:58:52.9943392+02:00" testType="13cdc9d9-ddb5-4fa4-a97d-d965ccfc6d4b" outcome="Failed" testListId="8c84fa94-04c1-424b-9868-57a2d4851a1d" relativeResultsDirectory="0f5af2b8-d232-4b95-a896-d9aa207a4971">
      <Output>
        <ErrorInfo>
          <Message>Expected result.IntentCategory to be "Restaurant" with a length of 10, but "RoomService" has a length of 11, differs near "oom" (index 1).</Message>
          <StackTrace>   at FluentAssertions.Execution.XUnit2TestFramework.Throw(String message)&#xD;
   at FluentAssertions.Execution.TestFrameworkProvider.Throw(String message)&#xD;
   at FluentAssertions.Execution.DefaultAssertionStrategy.HandleFailure(String message)&#xD;
   at FluentAssertions.Execution.AssertionScope.FailWith(Func`1 failReasonFunc)&#xD;
   at FluentAssertions.Execution.AssertionScope.FailWith(Func`1 failReasonFunc)&#xD;
   at FluentAssertions.Primitives.StringEqualityValidator.ValidateAgainstLengthDifferences()&#xD;
   at FluentAssertions.Primitives.StringValidator.Validate()&#xD;
   at FluentAssertions.Primitives.StringAssertions`1.Be(String expected, String because, Object[] becauseArgs)&#xD;
   at SAFARIstack.Tests.Unit.Services.AiConciergeServiceTests.HandleInquiryAsync_ClassifiesIntentCorrectly(String question, String expectedIntent) in C:\Users\madoc\OneDrive\Documents\Lodge&amp;Hotel\backend\tests\SAFARIstack.Tests.Unit\Services\AiConciergeServiceTests.cs:line 77&#xD;
--- End of stack trace from previous location ---</StackTrace>
        </ErrorInfo>
      </Output>
    </UnitTestResult>
    <UnitTestResult executionId="b573c360-2615-49ce-b0bb-3beba273eede" testId="380a29c4-9bdc-0fff-0ee0-16c6dead79ea" testName="SAFARIstack.Tests.Unit.Domain.EnterpriseEntityTests.AiInteraction_LearningLoop_TracksOutcomes" computerName="MADOC" duration="00:00:00.0057767" startTime="2026-02-13T19:58:47.3105268+02:00" endTime="2026-02-13T19:58:47.3105269+02:00" testType="13cdc9d9-ddb5-4fa4-a97d-d965ccfc6d4b" outcome="Passed" testListId="8c84fa94-04c1-424b-9868-57a2d4851a1d" relativeResultsDirectory="b573c360-2615-49ce-b0bb-3beba273eede" />
    <UnitTestResult executionId="9f801bf1-9bf2-4750-919a-af894610a4d2" testId="4e40c4d3-840b-2919-deef-23cb53266732" testName="SAFARIstack.Tests.Unit.Services.GiftCardServiceTests.GetGiftCardsByPropertyAsync_ReturnsOnlyPropertyCards" computerName="MADOC" duration="00:00:00.0998551" startTime="2026-02-13T19:58:53.4535862+02:00" endTime="2026-02-13T19:58:53.4535865+02:00" testType="13cdc9d9-ddb5-4fa4-a97d-d965ccfc6d4b" outcome="Failed" testListId="8c84fa94-04c1-424b-9868-57a2d4851a1d" relativeResultsDirectory="9f801bf1-9bf2-4750-919a-af894610a4d2">
      <Output>
        <ErrorInfo>
          <Message>System.NullReferenceException : Object reference not set to an instance of an object.</Message>
          <StackTrace>   at lambda_method1912(Closure, QueryContext)&#xD;
   at Microsoft.EntityFrameworkCore.Query.Internal.QueryCompiler.ExecuteCore[TResult](Expression query, Boolean async, CancellationToken cancellationToken)&#xD;
   at Microsoft.EntityFrameworkCore.Query.Internal.QueryCompiler.ExecuteAsync[TResult](Expression query, CancellationToken cancellationToken)&#xD;
   at Microsoft.EntityFrameworkCore.Query.Internal.EntityQueryProvider.ExecuteAsync[TResult](Expression expression, CancellationToken cancellationToken)&#xD;
   at Microsoft.EntityFrameworkCore.Query.Internal.EntityQueryable`1.GetAsyncEnumerator(CancellationToken cancellationToken)&#xD;
   at System.Runtime.CompilerServices.ConfiguredCancelableAsyncEnumerable`1.GetAsyncEnumerator()&#xD;
   at Microsoft.EntityFrameworkCore.EntityFrameworkQueryableExtensions.ToListAsync[TSource](IQueryable`1 source, CancellationToken cancellationToken)&#xD;
   at SAFARIstack.Infrastructure.Services.GiftCardService.GetGiftCardsByPropertyAsync(Guid propertyId) in C:\Users\madoc\OneDrive\Documents\Lodge&amp;Hotel\backend\src\SAFARIstack.Infrastructure\Services\GiftCardService.cs:line 95&#xD;
   at SAFARIstack.Tests.Unit.Services.GiftCardServiceTests.GetGiftCardsByPropertyAsync_ReturnsOnlyPropertyCards() in C:\Users\madoc\OneDrive\Documents\Lodge&amp;Hotel\backend\tests\SAFARIstack.Tests.Unit\Services\EnterpriseServiceTests.cs:line 110&#xD;
--- End of stack trace from previous location ---</StackTrace>
        </ErrorInfo>
      </Output>
    </UnitTestResult>
    <UnitTestResult executionId="6661006f-a8e0-4afb-b40c-27bd9bff57e9" testId="8224dfb8-654a-7d18-0013-1341405c89b4" testName="SAFARIstack.Tests.Unit.Services.AiConciergeServiceTests.HandleInquiryAsync_ClassifiesIntentCorrectly(question: &quot;I need an airport transfer please&quot;, expectedIntent: &quot;Transport&quot;)" computerName="MADOC" duration="00:00:00.0029125" startTime="2026-02-13T19:58:52.9077284+02:00" endTime="2026-02-13T19:58:52.9077290+02:00" testType="13cdc9d9-ddb5-4fa4-a97d-d965ccfc6d4b" outcome="Passed" testListId="8c84fa94-04c1-424b-9868-57a2d4851a1d" relativeResultsDirectory="6661006f-a8e0-4afb-b40c-27bd9bff57e9" />
    <UnitTestResult executionId="5962f031-9d32-4028-a652-dbf71da3bc7d" testId="bee505cc-c087-7963-50be-a6ad2c073dcd" testName="SAFARIstack.Tests.Unit.Services.GiftCardServiceTests.VoidGiftCardAsync_NonExistentCard_Throws" computerName="MADOC" duration="00:00:00.1370688" startTime="2026-02-13T19:58:53.7245635+02:00" endTime="2026-02-13T19:58:53.7245641+02:00" testType="13cdc9d9-ddb5-4fa4-a97d-d965ccfc6d4b" outcome="Failed" testListId="8c84fa94-04c1-424b-9868-57a2d4851a1d" relativeResultsDirectory="5962f031-9d32-4028-a652-dbf71da3bc7d">
      <Output>
        <ErrorInfo>
          <Message>Expected a &lt;System.InvalidOperationException&gt; to be thrown, but found &lt;System.NullReferenceException&gt;:&#xD;
System.NullReferenceException: Object reference not set to an instance of an object.&#xD;
   at lambda_method1997(Closure, QueryContext)&#xD;
   at Microsoft.EntityFrameworkCore.Query.Internal.QueryCompiler.ExecuteCore[TResult](Expression query, Boolean async, CancellationToken cancellationToken)&#xD;
   at Microsoft.EntityFrameworkCore.Query.Internal.QueryCompiler.ExecuteAsync[TResult](Expression query, CancellationToken cancellationToken)&#xD;
   at Microsoft.EntityFrameworkCore.Query.Internal.EntityQueryProvider.ExecuteAsync[TResult](Expression expression, CancellationToken cancellationToken)&#xD;
   at Microsoft.EntityFrameworkCore.EntityFrameworkQueryableExtensions.ExecuteAsync[TSource,TResult](MethodInfo operatorMethodInfo, IQueryable`1 source, Expression expression, CancellationToken cancellationToken)&#xD;
   at Microsoft.EntityFrameworkCore.EntityFrameworkQueryableExtensions.ExecuteAsync[TSource,TResult](MethodInfo operatorMethodInfo, IQueryable`1 source, LambdaExpression expression, CancellationToken cancellationToken)&#xD;
   at Microsoft.EntityFrameworkCore.EntityFrameworkQueryableExtensions.FirstOrDefaultAsync[TSource](IQueryable`1 source, Expression`1 predicate, CancellationToken cancellationToken)&#xD;
   at Microsoft.EntityFrameworkCore.Internal.EntityFinder`1.FindAsync(Object[] keyValues, CancellationToken cancellationToken)&#xD;
   at Microsoft.EntityFrameworkCore.Internal.InternalDbSet`1.FindAsync(Object[] keyValues)&#xD;
   at SAFARIstack.Infrastructure.Services.GiftCardService.VoidGiftCardAsync(Guid giftCardId, String reason) in C:\Users\madoc\OneDrive\Documents\Lodge&amp;Hotel\backend\src\SAFARIstack.Infrastructure\Services\GiftCardService.cs:line 109&#xD;
   at FluentAssertions.Specialized.AsyncFunctionAssertions`2.InvokeWithInterceptionAsync(Func`1 action).</Message>
          <StackTrace>   at FluentAssertions.Execution.XUnit2TestFramework.Throw(String message)&#xD;
   at FluentAssertions.Execution.TestFrameworkProvider.Throw(String message)&#xD;
   at FluentAssertions.Execution.DefaultAssertionStrategy.HandleFailure(String message)&#xD;
   at FluentAssertions.Execution.AssertionScope.FailWith(Func`1 failReasonFunc)&#xD;
   at FluentAssertions.Execution.AssertionScope.FailWith(Func`1 failReasonFunc)&#xD;
   at FluentAssertions.Execution.AssertionScope.FailWith(String message, Object[] args)&#xD;
   at FluentAssertions.Specialized.DelegateAssertionsBase`2.ThrowInternal[TException](Exception exception, String because, Object[] becauseArgs)&#xD;
   at FluentAssertions.Specialized.AsyncFunctionAssertions`2.ThrowAsync[TException](String because, Object[] becauseArgs)&#xD;
   at FluentAssertions.ExceptionAssertionsExtensions.WithMessage[TException](Task`1 task, String expectedWildcardPattern, String because, Object[] becauseArgs)&#xD;
   at SAFARIstack.Tests.Unit.Services.GiftCardServiceTests.VoidGiftCardAsync_NonExistentCard_Throws() in C:\Users\madoc\OneDrive\Documents\Lodge&amp;Hotel\backend\tests\SAFARIstack.Tests.Unit\Services\EnterpriseServiceTests.cs:line 93&#xD;
--- End of stack trace from previous location ---</StackTrace>
        </ErrorInfo>
      </Output>
    </UnitTestResult>
    <UnitTestResult executionId="a0b7ef78-175c-425d-8b72-219c5da8925f" testId="45155842-ac38-d8bd-1b12-95ed050a745a" testName="SAFARIstack.Tests.Unit.Domain.EnterpriseEntityTests.PropertyGroup_Create_SetsPropertiesCorrectly" computerName="MADOC" duration="00:00:00.0009280" startTime="2026-02-13T19:58:47.3228758+02:00" endTime="2026-02-13T19:58:47.3228761+02:00" testType="13cdc9d9-ddb5-4fa4-a97d-d965ccfc6d4b" outcome="Passed" testListId="8c84fa94-04c1-424b-9868-57a2d4851a1d" relativeResultsDirectory="a0b7ef78-175c-425d-8b72-219c5da8925f" />
    <UnitTestResult executionId="0b699490-91ff-4a4e-92e0-203cfb5c8337" testId="9d756e3b-266b-9b11-2ca7-daeeab986ebd" testName="SAFARIstack.Tests.Unit.Domain.EnterpriseEntityTests.GiftCard_Create_SetsPropertiesCorrectly" computerName="MADOC" duration="00:00:00.0352898" startTime="2026-02-13T19:58:47.1911857+02:00" endTime="2026-02-13T19:58:47.1911860+02:00" testType="13cdc9d9-ddb5-4fa4-a97d-d965ccfc6d4b" outcome="Passed" testListId="8c84fa94-04c1-424b-9868-57a2d4851a1d" relativeResultsDirectory="0b699490-91ff-4a4e-92e0-203cfb5c8337" />
    <UnitTestResult executionId="603d2e3d-3ce5-4659-bb7d-bbedd349dccb" testId="d6e4fd16-685c-2236-8482-e08e689f4301" testName="SAFARIstack.Tests.Unit.Domain.EnterpriseEntityTests.UpsellOffer_Purchase_CreatesTransactionAndDecrementsInventory" computerName="MADOC" duration="00:00:00.0059222" startTime="2026-02-13T19:58:47.3112794+02:00" endTime="2026-02-13T19:58:47.3112795+02:00" testType="13cdc9d9-ddb5-4fa4-a97d-d965ccfc6d4b" outcome="Passed" testListId="8c84fa94-04c1-424b-9868-57a2d4851a1d" relativeResultsDirectory="603d2e3d-3ce5-4659-bb7d-bbedd349dccb" />
    <UnitTestResult executionId="7070d4ec-5436-431a-a91c-7f08d126cc82" testId="9493cdfd-24fc-d082-bc0b-e8def2a4a430" testName="SAFARIstack.Tests.Unit.Services.ExperienceBookingServiceTests.GetExperienceAnalyticsAsync_EmptyData_ReturnsZeros" computerName="MADOC" duration="00:00:00.2323295" startTime="2026-02-13T19:58:53.5669309+02:00" endTime="2026-02-13T19:58:53.5669313+02:00" testType="13cdc9d9-ddb5-4fa4-a97d-d965ccfc6d4b" outcome="Failed" testListId="8c84fa94-04c1-424b-9868-57a2d4851a1d" relativeResultsDirectory="7070d4ec-5436-431a-a91c-7f08d126cc82">
      <Output>
        <ErrorInfo>
          <Message>System.NullReferenceException : Object reference not set to an instance of an object.</Message>
          <StackTrace>   at lambda_method1956(Closure, QueryContext)&#xD;
   at Microsoft.EntityFrameworkCore.Query.Internal.QueryCompiler.ExecuteCore[TResult](Expression query, Boolean async, CancellationToken cancellationToken)&#xD;
   at Microsoft.EntityFrameworkCore.Query.Internal.QueryCompiler.ExecuteAsync[TResult](Expression query, CancellationToken cancellationToken)&#xD;
   at Microsoft.EntityFrameworkCore.Query.Internal.EntityQueryProvider.ExecuteAsync[TResult](Expression expression, CancellationToken cancellationToken)&#xD;
   at Microsoft.EntityFrameworkCore.Query.Internal.EntityQueryable`1.GetAsyncEnumerator(CancellationToken cancellationToken)&#xD;
   at System.Runtime.CompilerServices.ConfiguredCancelableAsyncEnumerable`1.GetAsyncEnumerator()&#xD;
   at Microsoft.EntityFrameworkCore.EntityFrameworkQueryableExtensions.ToListAsync[TSource](IQueryable`1 source, CancellationToken cancellationToken)&#xD;
   at SAFARIstack.Infrastructure.Services.ExperienceBookingService.GetExperienceAnalyticsAsync(Guid propertyId, DateTime startDate, DateTime endDate) in C:\Users\madoc\OneDrive\Documents\Lodge&amp;Hotel\backend\src\SAFARIstack.Infrastructure\Services\ExperienceBookingService.cs:line 142&#xD;
   at SAFARIstack.Tests.Unit.Services.ExperienceBookingServiceTests.GetExperienceAnalyticsAsync_EmptyData_ReturnsZeros() in C:\Users\madoc\OneDrive\Documents\Lodge&amp;Hotel\backend\tests\SAFARIstack.Tests.Unit\Services\EnterpriseServiceTests.cs:line 256&#xD;
--- End of stack trace from previous location ---</StackTrace>
        </ErrorInfo>
      </Output>
    </UnitTestResult>
    <UnitTestResult executionId="f2ddb3ef-6471-4f9b-b0b5-0a82136f5062" testId="00c57dea-cc31-99ce-d216-58ec64c22637" testName="SAFARIstack.Tests.Unit.Services.GuestInboxServiceTests.ReceiveMessageAsync_AiFailure_DoesNotBlockMessage" computerName="MADOC" duration="00:00:00.0149912" startTime="2026-02-13T19:58:53.7869695+02:00" endTime="2026-02-13T19:58:53.7869698+02:00" testType="13cdc9d9-ddb5-4fa4-a97d-d965ccfc6d4b" outcome="Passed" testListId="8c84fa94-04c1-424b-9868-57a2d4851a1d" relativeResultsDirectory="f2ddb3ef-6471-4f9b-b0b5-0a82136f5062" />
    <UnitTestResult executionId="f4b716ce-4675-407d-b0b7-ba734e36c531" testId="cec3dec6-8da9-9a50-9190-da8d7d1c584a" testName="SAFARIstack.Tests.Unit.Domain.EnterpriseEntityTests.UpsellOffer_Create_SetsPropertiesCorrectly" computerName="MADOC" duration="00:00:00.0050040" startTime="2026-02-13T19:58:47.3216666+02:00" endTime="2026-02-13T19:58:47.3216672+02:00" testType="13cdc9d9-ddb5-4fa4-a97d-d965ccfc6d4b" outcome="Passed" testListId="8c84fa94-04c1-424b-9868-57a2d4851a1d" relativeResultsDirectory="f4b716ce-4675-407d-b0b7-ba734e36c531" />
    <UnitTestResult executionId="6ae9a073-e1b4-475d-bb2a-a5ff451eb68d" testId="ab26b55b-1861-f631-c1c5-bdd69c437134" testName="SAFARIstack.Tests.Unit.Services.AiConciergeServiceTests.HandleInquiryAsync_ClassifiesIntentCorrectly(question: &quot;I want early check in&quot;, expectedIntent: &quot;CheckIn&quot;)" computerName="MADOC" duration="00:00:00.0066635" startTime="2026-02-13T19:58:52.9659255+02:00" endTime="2026-02-13T19:58:52.9659261+02:00" testType="13cdc9d9-ddb5-4fa4-a97d-d965ccfc6d4b" outcome="Passed" testListId="8c84fa94-04c1-424b-9868-57a2d4851a1d" relativeResultsDirectory="6ae9a073-e1b4-475d-bb2a-a5ff451eb68d" />
    <UnitTestResult executionId="70e7b6f4-3fcc-437e-a69e-fb0961cdb3b1" testId="cd16e6a2-389f-e720-a9b8-53949716b148" testName="SAFARIstack.Tests.Unit.Services.ExperienceBookingServiceTests.GetExperienceAnalyticsAsync_WithBookings_AggregatesCorrectly" computerName="MADOC" duration="00:00:00.0119521" startTime="2026-02-13T19:58:53.6362499+02:00" endTime="2026-02-13T19:58:53.6362502+02:00" testType="13cdc9d9-ddb5-4fa4-a97d-d965ccfc6d4b" outcome="Failed" testListId="8c84fa94-04c1-424b-9868-57a2d4851a1d" relativeResultsDirectory="70e7b6f4-3fcc-437e-a69e-fb0961cdb3b1">
      <Output>
        <ErrorInfo>
          <Message>System.NullReferenceException : Object reference not set to an instance of an object.</Message>
          <StackTrace>   at lambda_method1956(Closure, QueryContext)&#xD;
   at Microsoft.EntityFrameworkCore.Query.Internal.QueryCompiler.ExecuteCore[TResult](Expression query, Boolean async, CancellationToken cancellationToken)&#xD;
   at Microsoft.EntityFrameworkCore.Query.Internal.QueryCompiler.ExecuteAsync[TResult](Expression query, CancellationToken cancellationToken)&#xD;
   at Microsoft.EntityFrameworkCore.Query.Internal.EntityQueryProvider.ExecuteAsync[TResult](Expression expression, CancellationToken cancellationToken)&#xD;
   at Microsoft.EntityFrameworkCore.Query.Internal.EntityQueryable`1.GetAsyncEnumerator(CancellationToken cancellationToken)&#xD;
   at System.Runtime.CompilerServices.ConfiguredCancelableAsyncEnumerable`1.GetAsyncEnumerator()&#xD;
   at Microsoft.EntityFrameworkCore.EntityFrameworkQueryableExtensions.ToListAsync[TSource](IQueryable`1 source, CancellationToken cancellationToken)&#xD;
   at SAFARIstack.Infrastructure.Services.ExperienceBookingService.GetExperienceAnalyticsAsync(Guid propertyId, DateTime startDate, DateTime endDate) in C:\Users\madoc\OneDrive\Documents\Lodge&amp;Hotel\backend\src\SAFARIstack.Infrastructure\Services\ExperienceBookingService.cs:line 142&#xD;
   at SAFARIstack.Tests.Unit.Services.ExperienceBookingServiceTests.GetExperienceAnalyticsAsync_WithBookings_AggregatesCorrectly() in C:\Users\madoc\OneDrive\Documents\Lodge&amp;Hotel\backend\tests\SAFARIstack.Tests.Unit\Services\EnterpriseServiceTests.cs:line 276&#xD;
--- End of stack trace from previous location ---</StackTrace>
        </ErrorInfo>
      </Output>
    </UnitTestResult>
    <UnitTestResult executionId="1f111ae1-a11a-4de6-aa51-dd7ee157fd26" testId="78ff913f-a539-37c4-1e63-783eb4ccc79a" testName="SAFARIstack.Tests.Unit.Services.GuestInboxServiceTests.SendReplyAsync_UpdatesMessageStatus" computerName="MADOC" duration="00:00:00.0942751" startTime="2026-02-13T19:58:53.7086980+02:00" endTime="2026-02-13T19:58:53.7086984+02:00" testType="13cdc9d9-ddb5-4fa4-a97d-d965ccfc6d4b" outcome="Failed" testListId="8c84fa94-04c1-424b-9868-57a2d4851a1d" relativeResultsDirectory="1f111ae1-a11a-4de6-aa51-dd7ee157fd26">
      <Output>
        <ErrorInfo>
          <Message>System.ArgumentException : An item with the same key has already been added. Key: 807df2df-16e9-42d9-8322-d5fed1f983e6</Message>
          <StackTrace>   at System.Collections.Generic.Dictionary`2.TryInsert(TKey key, TValue value, InsertionBehavior behavior)&#xD;
   at System.Collections.Generic.Dictionary`2.Add(TKey key, TValue value)&#xD;
   at Microsoft.EntityFrameworkCore.InMemory.Storage.Internal.InMemoryTable`1.Create(IUpdateEntry entry, IDiagnosticsLogger`1 updateLogger)&#xD;
   at Microsoft.EntityFrameworkCore.InMemory.Storage.Internal.InMemoryStore.ExecuteTransaction(IList`1 entries, IDiagnosticsLogger`1 updateLogger)&#xD;
   at Microsoft.EntityFrameworkCore.InMemory.Storage.Internal.InMemoryDatabase.SaveChangesAsync(IList`1 entries, CancellationToken cancellationToken)&#xD;
   at Microsoft.EntityFrameworkCore.ChangeTracking.Internal.StateManager.SaveChangesAsync(IList`1 entriesToSave, CancellationToken cancellationToken)&#xD;
   at Microsoft.EntityFrameworkCore.ChangeTracking.Internal.StateManager.SaveChangesAsync(StateManager stateManager, Boolean acceptAllChangesOnSuccess, CancellationToken cancellationToken)&#xD;
   at Microsoft.EntityFrameworkCore.DbContext.SaveChangesAsync(Boolean acceptAllChangesOnSuccess, CancellationToken cancellationToken)&#xD;
   at Microsoft.EntityFrameworkCore.DbContext.SaveChangesAsync(Boolean acceptAllChangesOnSuccess, CancellationToken cancellationToken)&#xD;
   at SAFARIstack.Infrastructure.Data.ApplicationDbContext.SaveChangesAsync(CancellationToken cancellationToken) in C:\Users\madoc\OneDrive\Documents\Lodge&amp;Hotel\backend\src\SAFARIstack.Infrastructure\Data\ApplicationDbContext.cs:line 364&#xD;
   at SAFARIstack.Infrastructure.Services.GuestInboxService.SendReplyAsync(Guid messageId, String reply, Guid staffId) in C:\Users\madoc\OneDrive\Documents\Lodge&amp;Hotel\backend\src\SAFARIstack.Infrastructure\Services\GuestInboxService.cs:line 73&#xD;
   at SAFARIstack.Tests.Unit.Services.GuestInboxServiceTests.SendReplyAsync_UpdatesMessageStatus() in C:\Users\madoc\OneDrive\Documents\Lodge&amp;Hotel\backend\tests\SAFARIstack.Tests.Unit\Services\EnterpriseServiceTests.cs:line 390&#xD;
--- End of stack trace from previous location ---</StackTrace>
        </ErrorInfo>
      </Output>
    </UnitTestResult>
    <UnitTestResult executionId="0e8f75c5-3234-4398-ad45-4d2ac681ea8b" testId="0f4c9ca2-0ce6-ea03-8fd6-40fe20cea0e0" testName="SAFARIstack.Tests.Unit.Services.AiConciergeServiceTests.HandleInquiryAsync_RecordsInteractionInDatabase" computerName="MADOC" duration="00:00:00.1994829" startTime="2026-02-13T19:58:53.3112133+02:00" endTime="2026-02-13T19:58:53.3112137+02:00" testType="13cdc9d9-ddb5-4fa4-a97d-d965ccfc6d4b" outcome="Failed" testListId="8c84fa94-04c1-424b-9868-57a2d4851a1d" relativeResultsDirectory="0e8f75c5-3234-4398-ad45-4d2ac681ea8b">
      <Output>
        <ErrorInfo>
          <Message>System.NullReferenceException : Object reference not set to an instance of an object.</Message>
          <StackTrace>   at lambda_method1831(Closure, QueryContext)&#xD;
   at Microsoft.EntityFrameworkCore.Query.Internal.QueryCompiler.ExecuteCore[TResult](Expression query, Boolean async, CancellationToken cancellationToken)&#xD;
   at Microsoft.EntityFrameworkCore.Query.Internal.QueryCompiler.ExecuteAsync[TResult](Expression query, CancellationToken cancellationToken)&#xD;
   at Microsoft.EntityFrameworkCore.Query.Internal.EntityQueryProvider.ExecuteAsync[TResult](Expression expression, CancellationToken cancellationToken)&#xD;
   at Microsoft.EntityFrameworkCore.EntityFrameworkQueryableExtensions.ExecuteAsync[TSource,TResult](MethodInfo operatorMethodInfo, IQueryable`1 source, Expression expression, CancellationToken cancellationToken)&#xD;
   at Microsoft.EntityFrameworkCore.EntityFrameworkQueryableExtensions.ExecuteAsync[TSource,TResult](MethodInfo operatorMethodInfo, IQueryable`1 source, CancellationToken cancellationToken)&#xD;
   at Microsoft.EntityFrameworkCore.EntityFrameworkQueryableExtensions.FirstOrDefaultAsync[TSource](IQueryable`1 source, CancellationToken cancellationToken)&#xD;
   at SAFARIstack.Tests.Unit.Services.AiConciergeServiceTests.HandleInquiryAsync_RecordsInteractionInDatabase() in C:\Users\madoc\OneDrive\Documents\Lodge&amp;Hotel\backend\tests\SAFARIstack.Tests.Unit\Services\AiConciergeServiceTests.cs:line 133&#xD;
--- End of stack trace from previous location ---</StackTrace>
        </ErrorInfo>
      </Output>
    </UnitTestResult>
    <UnitTestResult executionId="77bd0b10-0fa6-4094-8df1-25277c26c451" testId="513803fb-ba91-6cae-1e4f-037f706fd729" testName="SAFARIstack.Tests.Unit.Services.AiConciergeServiceTests.HandleInquiryAsync_UnknownQuery_ReturnsGeneralWithLowConfidence" computerName="MADOC" duration="00:00:00.0195780" startTime="2026-02-13T19:58:53.3275692+02:00" endTime="2026-02-13T19:58:53.3275699+02:00" testType="13cdc9d9-ddb5-4fa4-a97d-d965ccfc6d4b" outcome="Passed" testListId="8c84fa94-04c1-424b-9868-57a2d4851a1d" relativeResultsDirectory="77bd0b10-0fa6-4094-8df1-25277c26c451" />
    <UnitTestResult executionId="4347b727-b1ce-4928-b8a7-3bba14647b33" testId="637097f5-ce4f-dc31-7675-13996f6bd793" testName="SAFARIstack.Tests.Unit.Services.AiConciergeServiceTests.HandleInquiryAsync_ClassifiesIntentCorrectly(question: &quot;Are there any shops nearby?&quot;, expectedIntent: &quot;LocalInfo&quot;)" computerName="MADOC" duration="00:00:00.0022128" startTime="2026-02-13T19:58:52.8986405+02:00" endTime="2026-02-13T19:58:52.8986410+02:00" testType="13cdc9d9-ddb5-4fa4-a97d-d965ccfc6d4b" outcome="Passed" testListId="8c84fa94-04c1-424b-9868-57a2d4851a1d" relativeResultsDirectory="4347b727-b1ce-4928-b8a7-3bba14647b33" />
    <UnitTestResult executionId="39bfc6a9-23aa-4105-ae5f-045fcb7dab80" testId="0b1166ab-65c1-e501-b8a4-4350a0958950" testName="SAFARIstack.Tests.Unit.Services.AiConciergeServiceTests.HandleInquiryAsync_ClassifiesIntentCorrectly(question: &quot;What are the member rewards?&quot;, expectedIntent: &quot;Loyalty&quot;)" computerName="MADOC" duration="00:00:00.0020166" startTime="2026-02-13T19:58:52.9100473+02:00" endTime="2026-02-13T19:58:52.9100477+02:00" testType="13cdc9d9-ddb5-4fa4-a97d-d965ccfc6d4b" outcome="Passed" testListId="8c84fa94-04c1-424b-9868-57a2d4851a1d" relativeResultsDirectory="39bfc6a9-23aa-4105-ae5f-045fcb7dab80" />
    <UnitTestResult executionId="854f179f-bf0b-4ea0-959e-1924e7884907" testId="22ffb367-f241-bbe0-adc2-f3a899d1ae3d" testName="SAFARIstack.Tests.Unit.Services.MultiPropertyServiceTests.AllocateGroupInventoryAsync_CreatesAllocation" computerName="MADOC" duration="00:00:00.1822829" startTime="2026-02-13T19:58:54.0021025+02:00" endTime="2026-02-13T19:58:54.0021045+02:00" testType="13cdc9d9-ddb5-4fa4-a97d-d965ccfc6d4b" outcome="Passed" testListId="8c84fa94-04c1-424b-9868-57a2d4851a1d" relativeResultsDirectory="854f179f-bf0b-4ea0-959e-1924e7884907" />
    <UnitTestResult executionId="478b6044-4c19-46f5-a55a-ebc02da70167" testId="361fe2c9-10fd-4678-172d-beefd70f2b95" testName="SAFARIstack.Tests.Unit.Services.GiftCardServiceTests.CreateGiftCardAsync_ReturnsValidCard" computerName="MADOC" duration="00:00:00.0152030" startTime="2026-02-13T19:58:53.5438901+02:00" endTime="2026-02-13T19:58:53.5438904+02:00" testType="13cdc9d9-ddb5-4fa4-a97d-d965ccfc6d4b" outcome="Passed" testListId="8c84fa94-04c1-424b-9868-57a2d4851a1d" relativeResultsDirectory="478b6044-4c19-46f5-a55a-ebc02da70167" />
    <UnitTestResult executionId="99f424ec-6e38-41ca-96f1-6ac9e920a201" testId="58830b87-fe0c-abf4-15f1-76d4cab47d74" testName="SAFARIstack.Tests.Unit.Services.AiConciergeServiceTests.HandleInquiryAsync_ClassifiesIntentCorrectly(question: &quot;Can I see the big five here?&quot;, expectedIntent: &quot;Safari&quot;)" computerName="MADOC" duration="00:00:00.0064580" startTime="2026-02-13T19:58:53.1064089+02:00" endTime="2026-02-13T19:58:53.1064099+02:00" testType="13cdc9d9-ddb5-4fa4-a97d-d965ccfc6d4b" outcome="Passed" testListId="8c84fa94-04c1-424b-9868-57a2d4851a1d" relativeResultsDirectory="99f424ec-6e38-41ca-96f1-6ac9e920a201" />
    <UnitTestResult executionId="1c085ee5-5bc6-4418-93c8-1422c18680aa" testId="07d317f0-7bd2-9802-be21-9a7b3a202b66" testName="SAFARIstack.Tests.Unit.Services.UpsellEngineTests.PurchaseUpsellAsync_ValidOffer_ReturnsSuccess" computerName="MADOC" duration="00:00:06.1769799" startTime="2026-02-13T19:58:53.3152413+02:00" endTime="2026-02-13T19:58:53.3152419+02:00" testType="13cdc9d9-ddb5-4fa4-a97d-d965ccfc6d4b" outcome="Failed" testListId="8c84fa94-04c1-424b-9868-57a2d4851a1d" relativeResultsDirectory="1c085ee5-5bc6-4418-93c8-1422c18680aa">
      <Output>
        <ErrorInfo>
          <Message>Expected result.Success to be True, but found False.</Message>
          <StackTrace>   at FluentAssertions.Execution.XUnit2TestFramework.Throw(String message)&#xD;
   at FluentAssertions.Execution.TestFrameworkProvider.Throw(String message)&#xD;
   at FluentAssertions.Execution.DefaultAssertionStrategy.HandleFailure(String message)&#xD;
   at FluentAssertions.Execution.AssertionScope.FailWith(Func`1 failReasonFunc)&#xD;
   at FluentAssertions.Execution.AssertionScope.FailWith(Func`1 failReasonFunc)&#xD;
   at FluentAssertions.Execution.AssertionScope.FailWith(String message, Object[] args)&#xD;
   at FluentAssertions.Primitives.BooleanAssertions`1.BeTrue(String because, Object[] becauseArgs)&#xD;
   at SAFARIstack.Tests.Unit.Services.UpsellEngineTests.PurchaseUpsellAsync_ValidOffer_ReturnsSuccess() in C:\Users\madoc\OneDrive\Documents\Lodge&amp;Hotel\backend\tests\SAFARIstack.Tests.Unit\Services\EnterpriseServiceTests.cs:line 539&#xD;
--- End of stack trace from previous location ---</StackTrace>
        </ErrorInfo>
      </Output>
    </UnitTestResult>
    <UnitTestResult executionId="b0874805-fdf5-4c07-b829-fe692b1f69c3" testId="5fa32dc8-6900-9a65-835b-94bf0f25c57f" testName="SAFARIstack.Tests.Unit.Services.AiConciergeServiceTests.HandleInquiryAsync_ClassifiesIntentCorrectly(question: &quot;What time is checkout?&quot;, expectedIntent: &quot;CheckOut&quot;)" computerName="MADOC" duration="00:00:00.0121164" startTime="2026-02-13T19:58:52.9224116+02:00" endTime="2026-02-13T19:58:52.9224121+02:00" testType="13cdc9d9-ddb5-4fa4-a97d-d965ccfc6d4b" outcome="Passed" testListId="8c84fa94-04c1-424b-9868-57a2d4851a1d" relativeResultsDirectory="b0874805-fdf5-4c07-b829-fe692b1f69c3" />
    <UnitTestResult executionId="9d5f4e17-dccc-4f2e-9eff-911c332f2c2b" testId="3ddbbfed-6bb1-4ded-0b16-a79b8b0ea0f9" testName="SAFARIstack.Tests.Unit.Domain.EnterpriseEntityTests.GiftCard_GenerateCardNumber_ReturnsCorrectFormat" computerName="MADOC" duration="00:00:00.0032930" startTime="2026-02-13T19:58:47.3201871+02:00" endTime="2026-02-13T19:58:47.3201873+02:00" testType="13cdc9d9-ddb5-4fa4-a97d-d965ccfc6d4b" outcome="Passed" testListId="8c84fa94-04c1-424b-9868-57a2d4851a1d" relativeResultsDirectory="9d5f4e17-dccc-4f2e-9eff-911c332f2c2b" />
    <UnitTestResult executionId="af2f7f57-402b-46ab-8e38-00d4f90d6925" testId="7499be6c-4c3b-d03d-6498-6f7d22ff27eb" testName="SAFARIstack.Tests.Unit.Services.GuestInboxServiceTests.ReceiveMessageAsync_CreatesMessageAndConversation" computerName="MADOC" duration="00:00:00.0347158" startTime="2026-02-13T19:58:53.8264210+02:00" endTime="2026-02-13T19:58:53.8264213+02:00" testType="13cdc9d9-ddb5-4fa4-a97d-d965ccfc6d4b" outcome="Failed" testListId="8c84fa94-04c1-424b-9868-57a2d4851a1d" relativeResultsDirectory="af2f7f57-402b-46ab-8e38-00d4f90d6925">
      <Output>
        <ErrorInfo>
          <Message>System.NullReferenceException : Object reference not set to an instance of an object.</Message>
          <StackTrace>   at lambda_method2044(Closure, QueryContext)&#xD;
   at Microsoft.EntityFrameworkCore.Query.Internal.QueryCompiler.ExecuteCore[TResult](Expression query, Boolean async, CancellationToken cancellationToken)&#xD;
   at Microsoft.EntityFrameworkCore.Query.Internal.QueryCompiler.ExecuteAsync[TResult](Expression query, CancellationToken cancellationToken)&#xD;
   at Microsoft.EntityFrameworkCore.Query.Internal.EntityQueryProvider.ExecuteAsync[TResult](Expression expression, CancellationToken cancellationToken)&#xD;
   at Microsoft.EntityFrameworkCore.Query.Internal.EntityQueryable`1.GetAsyncEnumerator(CancellationToken cancellationToken)&#xD;
   at System.Runtime.CompilerServices.ConfiguredCancelableAsyncEnumerable`1.GetAsyncEnumerator()&#xD;
   at Microsoft.EntityFrameworkCore.EntityFrameworkQueryableExtensions.ToListAsync[TSource](IQueryable`1 source, CancellationToken cancellationToken)&#xD;
   at SAFARIstack.Tests.Unit.Services.GuestInboxServiceTests.ReceiveMessageAsync_CreatesMessageAndConversation() in C:\Users\madoc\OneDrive\Documents\Lodge&amp;Hotel\backend\tests\SAFARIstack.Tests.Unit\Services\EnterpriseServiceTests.cs:line 326&#xD;
--- End of stack trace from previous location ---</StackTrace>
        </ErrorInfo>
      </Output>
    </UnitTestResult>
    <UnitTestResult executionId="937664b6-edca-4250-b64b-fd26acc19023" testId="24922706-ad78-93b7-73fb-1cd1b6e135f9" testName="SAFARIstack.Tests.Unit.Services.GiftCardServiceTests.VoidGiftCardAsync_MarksCardAsVoided" computerName="MADOC" duration="00:00:00.0866435" startTime="2026-02-13T19:58:53.5405119+02:00" endTime="2026-02-13T19:58:53.5405125+02:00" testType="13cdc9d9-ddb5-4fa4-a97d-d965ccfc6d4b" outcome="Failed" testListId="8c84fa94-04c1-424b-9868-57a2d4851a1d" relativeResultsDirectory="937664b6-edca-4250-b64b-fd26acc19023">
      <Output>
        <ErrorInfo>
          <Message>System.ArgumentException : An item with the same key has already been added. Key: 7dc736f3-19b0-4616-b203-69286ad1ef78</Message>
          <StackTrace>   at System.Collections.Generic.Dictionary`2.TryInsert(TKey key, TValue value, InsertionBehavior behavior)&#xD;
   at System.Collections.Generic.Dictionary`2.Add(TKey key, TValue value)&#xD;
   at Microsoft.EntityFrameworkCore.InMemory.Storage.Internal.InMemoryTable`1.Create(IUpdateEntry entry, IDiagnosticsLogger`1 updateLogger)&#xD;
   at Microsoft.EntityFrameworkCore.InMemory.Storage.Internal.InMemoryStore.ExecuteTransaction(IList`1 entries, IDiagnosticsLogger`1 updateLogger)&#xD;
   at Microsoft.EntityFrameworkCore.InMemory.Storage.Internal.InMemoryDatabase.SaveChangesAsync(IList`1 entries, CancellationToken cancellationToken)&#xD;
   at Microsoft.EntityFrameworkCore.ChangeTracking.Internal.StateManager.SaveChangesAsync(IList`1 entriesToSave, CancellationToken cancellationToken)&#xD;
   at Microsoft.EntityFrameworkCore.ChangeTracking.Internal.StateManager.SaveChangesAsync(StateManager stateManager, Boolean acceptAllChangesOnSuccess, CancellationToken cancellationToken)&#xD;
   at Microsoft.EntityFrameworkCore.DbContext.SaveChangesAsync(Boolean acceptAllChangesOnSuccess, CancellationToken cancellationToken)&#xD;
   at Microsoft.EntityFrameworkCore.DbContext.SaveChangesAsync(Boolean acceptAllChangesOnSuccess, CancellationToken cancellationToken)&#xD;
   at SAFARIstack.Infrastructure.Data.ApplicationDbContext.SaveChangesAsync(CancellationToken cancellationToken) in C:\Users\madoc\OneDrive\Documents\Lodge&amp;Hotel\backend\src\SAFARIstack.Infrastructure\Data\ApplicationDbContext.cs:line 364&#xD;
   at SAFARIstack.Infrastructure.Services.GiftCardService.VoidGiftCardAsync(Guid giftCardId, String reason) in C:\Users\madoc\OneDrive\Documents\Lodge&amp;Hotel\backend\src\SAFARIstack.Infrastructure\Services\GiftCardService.cs:line 114&#xD;
   at SAFARIstack.Tests.Unit.Services.GiftCardServiceTests.VoidGiftCardAsync_MarksCardAsVoided() in C:\Users\madoc\OneDrive\Documents\Lodge&amp;Hotel\backend\tests\SAFARIstack.Tests.Unit\Services\EnterpriseServiceTests.cs:line 82&#xD;
--- End of stack trace from previous location ---</StackTrace>
        </ErrorInfo>
      </Output>
    </UnitTestResult>
    <UnitTestResult executionId="6b87b5e4-1941-4028-a457-a3efb017f6ad" testId="ebb21bd1-4387-d9e9-b10b-c4d98ccb4858" testName="SAFARIstack.Tests.Unit.Services.AiConciergeServiceTests.HandleInquiryAsync_ClassifiesIntentCorrectly(question: &quot;Can I order room service?&quot;, expectedIntent: &quot;RoomService&quot;)" computerName="MADOC" duration="00:00:00.0021307" startTime="2026-02-13T19:58:52.9009651+02:00" endTime="2026-02-13T19:58:52.9009656+02:00" testType="13cdc9d9-ddb5-4fa4-a97d-d965ccfc6d4b" outcome="Passed" testListId="8c84fa94-04c1-424b-9868-57a2d4851a1d" relativeResultsDirectory="6b87b5e4-1941-4028-a457-a3efb017f6ad" />
    <UnitTestResult executionId="a5cdfc25-c65b-4f83-ace2-e376fa2aa634" testId="f4d11621-ade7-506d-45b2-e82f8674ae94" testName="SAFARIstack.Tests.Unit.Services.UpsellEngineTests.PurchaseUpsellAsync_ExceedsInventory_ReturnsError" computerName="MADOC" duration="00:00:00.0108248" startTime="2026-02-13T19:58:53.5433546+02:00" endTime="2026-02-13T19:58:53.5433551+02:00" testType="13cdc9d9-ddb5-4fa4-a97d-d965ccfc6d4b" outcome="Failed" testListId="8c84fa94-04c1-424b-9868-57a2d4851a1d" relativeResultsDirectory="a5cdfc25-c65b-4f83-ace2-e376fa2aa634">
      <Output>
        <ErrorInfo>
          <Message>Expected result.ErrorMessage "Object reference not set to an instance of an object." to contain "Insufficient".</Message>
          <StackTrace>   at FluentAssertions.Execution.XUnit2TestFramework.Throw(String message)&#xD;
   at FluentAssertions.Execution.TestFrameworkProvider.Throw(String message)&#xD;
   at FluentAssertions.Execution.DefaultAssertionStrategy.HandleFailure(String message)&#xD;
   at FluentAssertions.Execution.AssertionScope.FailWith(Func`1 failReasonFunc)&#xD;
   at FluentAssertions.Execution.AssertionScope.FailWith(Func`1 failReasonFunc)&#xD;
   at FluentAssertions.Execution.AssertionScope.FailWith(String message, Object[] args)&#xD;
   at FluentAssertions.Primitives.StringAssertions`1.Contain(String expected, String because, Object[] becauseArgs)&#xD;
   at SAFARIstack.Tests.Unit.Services.UpsellEngineTests.PurchaseUpsellAsync_ExceedsInventory_ReturnsError() in C:\Users\madoc\OneDrive\Documents\Lodge&amp;Hotel\backend\tests\SAFARIstack.Tests.Unit\Services\EnterpriseServiceTests.cs:line 557&#xD;
--- End of stack trace from previous location ---</StackTrace>
        </ErrorInfo>
      </Output>
    </UnitTestResult>
    <UnitTestResult executionId="9149b237-db70-4946-bcc6-083262fff501" testId="2ba76239-0c6e-d6b4-ec70-deab80db97bc" testName="SAFARIstack.Tests.Unit.Domain.EnterpriseEntityTests.GiftCard_Create_ThrowsWhenAmountTooLow" computerName="MADOC" duration="00:00:00.0337053" startTime="2026-02-13T19:58:47.3106624+02:00" endTime="2026-02-13T19:58:47.3106625+02:00" testType="13cdc9d9-ddb5-4fa4-a97d-d965ccfc6d4b" outcome="Passed" testListId="8c84fa94-04c1-424b-9868-57a2d4851a1d" relativeResultsDirectory="9149b237-db70-4946-bcc6-083262fff501" />
    <UnitTestResult executionId="6e3a150c-a69b-45e3-ad56-dbf05abbdd9d" testId="348aa458-932d-7ee0-7933-69654e3aa4fa" testName="SAFARIstack.Tests.Unit.Services.AiConciergeServiceTests.GetAiAnalyticsAsync_EmptyPeriod_ReturnsZeroCounts" computerName="MADOC" duration="00:00:00.1141302" startTime="2026-02-13T19:58:53.4567024+02:00" endTime="2026-02-13T19:58:53.4567028+02:00" testType="13cdc9d9-ddb5-4fa4-a97d-d965ccfc6d4b" outcome="Failed" testListId="8c84fa94-04c1-424b-9868-57a2d4851a1d" relativeResultsDirectory="6e3a150c-a69b-45e3-ad56-dbf05abbdd9d">
      <Output>
        <ErrorInfo>
          <Message>System.NullReferenceException : Object reference not set to an instance of an object.</Message>
          <StackTrace>   at lambda_method1928(Closure, QueryContext)&#xD;
   at Microsoft.EntityFrameworkCore.Query.Internal.QueryCompiler.ExecuteCore[TResult](Expression query, Boolean async, CancellationToken cancellationToken)&#xD;
   at Microsoft.EntityFrameworkCore.Query.Internal.QueryCompiler.ExecuteAsync[TResult](Expression query, CancellationToken cancellationToken)&#xD;
   at Microsoft.EntityFrameworkCore.Query.Internal.EntityQueryProvider.ExecuteAsync[TResult](Expression expression, CancellationToken cancellationToken)&#xD;
   at Microsoft.EntityFrameworkCore.Query.Internal.EntityQueryable`1.GetAsyncEnumerator(CancellationToken cancellationToken)&#xD;
   at System.Runtime.CompilerServices.ConfiguredCancelableAsyncEnumerable`1.GetAsyncEnumerator()&#xD;
   at Microsoft.EntityFrameworkCore.EntityFrameworkQueryableExtensions.ToListAsync[TSource](IQueryable`1 source, CancellationToken cancellationToken)&#xD;
   at SAFARIstack.Infrastructure.Services.AiConciergeService.GetAiAnalyticsAsync(Guid propertyId, DateTime startDate, DateTime endDate) in C:\Users\madoc\OneDrive\Documents\Lodge&amp;Hotel\backend\src\SAFARIstack.Infrastructure\Services\AiConciergeService.cs:line 104&#xD;
   at SAFARIstack.Tests.Unit.Services.AiConciergeServiceTests.GetAiAnalyticsAsync_EmptyPeriod_ReturnsZeroCounts() in C:\Users\madoc\OneDrive\Documents\Lodge&amp;Hotel\backend\tests\SAFARIstack.Tests.Unit\Services\AiConciergeServiceTests.cs:line 157&#xD;
--- End of stack trace from previous location ---</StackTrace>
        </ErrorInfo>
      </Output>
    </UnitTestResult>
    <UnitTestResult executionId="9fb9cd7e-0779-43ff-8851-758f60b4e100" testId="9f17bec0-1118-c013-b93c-3977ccc91cc7" testName="SAFARIstack.Tests.Unit.Services.AiConciergeServiceTests.HandleInquiryAsync_ClassifiesIntentCorrectly(question: &quot;When is the next game drive?&quot;, expectedIntent: &quot;Safari&quot;)" computerName="MADOC" duration="00:00:00.0024030" startTime="2026-02-13T19:58:52.8960643+02:00" endTime="2026-02-13T19:58:52.8960650+02:00" testType="13cdc9d9-ddb5-4fa4-a97d-d965ccfc6d4b" outcome="Passed" testListId="8c84fa94-04c1-424b-9868-57a2d4851a1d" relativeResultsDirectory="9fb9cd7e-0779-43ff-8851-758f60b4e100" />
    <UnitTestResult executionId="3aa73ca0-764a-4b72-9b60-f7b47a8699a4" testId="4e634517-e4ca-e7e7-20b0-6a01ea865114" testName="SAFARIstack.Tests.Unit.Services.AiConciergeServiceTests.HandleInquiryAsync_ClassifiesIntentCorrectly(question: &quot;Can I get late check-out?&quot;, expectedIntent: &quot;CheckOut&quot;)" computerName="MADOC" duration="00:00:00.0031932" startTime="2026-02-13T19:58:52.9043892+02:00" endTime="2026-02-13T19:58:52.9043897+02:00" testType="13cdc9d9-ddb5-4fa4-a97d-d965ccfc6d4b" outcome="Passed" testListId="8c84fa94-04c1-424b-9868-57a2d4851a1d" relativeResultsDirectory="3aa73ca0-764a-4b72-9b60-f7b47a8699a4" />
    <UnitTestResult executionId="c2d354a3-3747-4388-8f8f-82d131ab0bca" testId="46347563-1136-da9b-bcef-35d5e14dcb07" testName="SAFARIstack.Tests.Unit.Services.MultiPropertyServiceTests.GetGroupDashboardAsync_EmptyGroup_ReturnsZeroMetrics" computerName="MADOC" duration="00:00:06.4022045" startTime="2026-02-13T19:58:53.7932917+02:00" endTime="2026-02-13T19:58:53.7932925+02:00" testType="13cdc9d9-ddb5-4fa4-a97d-d965ccfc6d4b" outcome="Passed" testListId="8c84fa94-04c1-424b-9868-57a2d4851a1d" relativeResultsDirectory="c2d354a3-3747-4388-8f8f-82d131ab0bca" />
    <UnitTestResult executionId="0e05c081-95ea-46b7-b861-6dd1680d2304" testId="c0094b99-d77b-bceb-f512-282c12ea2475" testName="SAFARIstack.Tests.Unit.Domain.EnterpriseEntityTests.PropertyGroup_RemoveProperty_RemovesSuccessfully" computerName="MADOC" duration="00:00:00.0043611" startTime="2026-02-13T19:58:47.3408028+02:00" endTime="2026-02-13T19:58:47.3408030+02:00" testType="13cdc9d9-ddb5-4fa4-a97d-d965ccfc6d4b" outcome="Passed" testListId="8c84fa94-04c1-424b-9868-57a2d4851a1d" relativeResultsDirectory="0e05c081-95ea-46b7-b861-6dd1680d2304" />
    <UnitTestResult executionId="9dec570f-4c1f-49bc-aa66-d57fc7898842" testId="0638b0b1-0e0c-2f6e-0f5d-0c0712ba8f74" testName="SAFARIstack.Tests.Unit.Services.AiConciergeServiceTests.HandleInquiryAsync_ClassifiesIntentCorrectly(question: &quot;Can housekeeping come clean my room?&quot;, expectedIntent: &quot;Housekeeping&quot;)" computerName="MADOC" duration="00:00:00.0025295" startTime="2026-02-13T19:58:53.0995684+02:00" endTime="2026-02-13T19:58:53.0995697+02:00" testType="13cdc9d9-ddb5-4fa4-a97d-d965ccfc6d4b" outcome="Passed" testListId="8c84fa94-04c1-424b-9868-57a2d4851a1d" relativeResultsDirectory="9dec570f-4c1f-49bc-aa66-d57fc7898842" />
    <UnitTestResult executionId="ad1a6000-43ab-4516-be16-477e1a9fd2ef" testId="4e6b2890-8118-1a06-d5c5-4de25f5c73f7" testName="SAFARIstack.Tests.Unit.Services.AiConciergeServiceTests.HandleInquiryAsync_ClassifiesIntentCorrectly(question: &quot;When can I arrive at the hotel?&quot;, expectedIntent: &quot;CheckIn&quot;)" computerName="MADOC" duration="00:00:00.0021434" startTime="2026-02-13T19:58:53.0732591+02:00" endTime="2026-02-13T19:58:53.0732594+02:00" testType="13cdc9d9-ddb5-4fa4-a97d-d965ccfc6d4b" outcome="Passed" testListId="8c84fa94-04c1-424b-9868-57a2d4851a1d" relativeResultsDirectory="ad1a6000-43ab-4516-be16-477e1a9fd2ef" />
    <UnitTestResult executionId="b70445a3-3667-48f4-963e-8ad0b73a6d9f" testId="67ca1b7a-aa7c-864d-dfd7-fd4ece69a5bd" testName="SAFARIstack.Tests.Unit.Services.GuestInboxServiceTests.ResolveConversationAsync_SetsResolvedStatus" computerName="MADOC" duration="00:00:00.0656186" startTime="2026-02-13T19:58:53.7863058+02:00" endTime="2026-02-13T19:58:53.7863062+02:00" testType="13cdc9d9-ddb5-4fa4-a97d-d965ccfc6d4b" outcome="Failed" testListId="8c84fa94-04c1-424b-9868-57a2d4851a1d" relativeResultsDirectory="b70445a3-3667-48f4-963e-8ad0b73a6d9f">
      <Output>
        <ErrorInfo>
          <Message>System.NullReferenceException : Object reference not set to an instance of an object.</Message>
          <StackTrace>   at lambda_method2026(Closure, QueryContext)&#xD;
   at Microsoft.EntityFrameworkCore.Query.Internal.QueryCompiler.ExecuteCore[TResult](Expression query, Boolean async, CancellationToken cancellationToken)&#xD;
   at Microsoft.EntityFrameworkCore.Query.Internal.QueryCompiler.ExecuteAsync[TResult](Expression query, CancellationToken cancellationToken)&#xD;
   at Microsoft.EntityFrameworkCore.Query.Internal.EntityQueryProvider.ExecuteAsync[TResult](Expression expression, CancellationToken cancellationToken)&#xD;
   at Microsoft.EntityFrameworkCore.EntityFrameworkQueryableExtensions.ExecuteAsync[TSource,TResult](MethodInfo operatorMethodInfo, IQueryable`1 source, Expression expression, CancellationToken cancellationToken)&#xD;
   at Microsoft.EntityFrameworkCore.EntityFrameworkQueryableExtensions.ExecuteAsync[TSource,TResult](MethodInfo operatorMethodInfo, IQueryable`1 source, CancellationToken cancellationToken)&#xD;
   at Microsoft.EntityFrameworkCore.EntityFrameworkQueryableExtensions.FirstAsync[TSource](IQueryable`1 source, CancellationToken cancellationToken)&#xD;
   at SAFARIstack.Tests.Unit.Services.GuestInboxServiceTests.ResolveConversationAsync_SetsResolvedStatus() in C:\Users\madoc\OneDrive\Documents\Lodge&amp;Hotel\backend\tests\SAFARIstack.Tests.Unit\Services\EnterpriseServiceTests.cs:line 431&#xD;
--- End of stack trace from previous location ---</StackTrace>
        </ErrorInfo>
      </Output>
    </UnitTestResult>
    <UnitTestResult executionId="b9e3a7d9-60e3-4858-bfb7-879fa64c1e94" testId="3126ec62-a46d-06b7-022c-943fef89c37f" testName="SAFARIstack.Tests.Unit.Services.ExperienceBookingServiceTests.BookExperienceAsync_FlatPrice_IgnoresParticipantCount" computerName="MADOC" duration="00:00:00.0097075" startTime="2026-02-13T19:58:53.7030174+02:00" endTime="2026-02-13T19:58:53.7030179+02:00" testType="13cdc9d9-ddb5-4fa4-a97d-d965ccfc6d4b" outcome="Failed" testListId="8c84fa94-04c1-424b-9868-57a2d4851a1d" relativeResultsDirectory="b9e3a7d9-60e3-4858-bfb7-879fa64c1e94">
      <Output>
        <ErrorInfo>
          <Message>Expected result.TotalPrice to be 1500M, but found 0M (difference of -1500).</Message>
          <StackTrace>   at FluentAssertions.Execution.XUnit2TestFramework.Throw(String message)&#xD;
   at FluentAssertions.Execution.TestFrameworkProvider.Throw(String message)&#xD;
   at FluentAssertions.Execution.DefaultAssertionStrategy.HandleFailure(String message)&#xD;
   at FluentAssertions.Execution.AssertionScope.FailWith(Func`1 failReasonFunc)&#xD;
   at FluentAssertions.Execution.AssertionScope.FailWith(Func`1 failReasonFunc)&#xD;
   at FluentAssertions.Execution.AssertionScope.FailWith(String message, Object[] args)&#xD;
   at FluentAssertions.Numeric.NumericAssertions`2.Be(T expected, String because, Object[] becauseArgs)&#xD;
   at SAFARIstack.Tests.Unit.Services.ExperienceBookingServiceTests.BookExperienceAsync_FlatPrice_IgnoresParticipantCount() in C:\Users\madoc\OneDrive\Documents\Lodge&amp;Hotel\backend\tests\SAFARIstack.Tests.Unit\Services\EnterpriseServiceTests.cs:line 175&#xD;
--- End of stack trace from previous location ---</StackTrace>
        </ErrorInfo>
      </Output>
    </UnitTestResult>
    <UnitTestResult executionId="c5bf44f6-8ef8-405d-aa43-792e3fa2110b" testId="71e18a18-2074-393e-4ff0-b78ba1c98fbd" testName="SAFARIstack.Tests.Unit.Domain.EnterpriseEntityTests.GuestMessage_EditAndApproveAi_SetsEditedFlag" computerName="MADOC" duration="00:00:00.0076202" startTime="2026-02-13T19:58:47.3099959+02:00" endTime="2026-02-13T19:58:47.3099961+02:00" testType="13cdc9d9-ddb5-4fa4-a97d-d965ccfc6d4b" outcome="Passed" testListId="8c84fa94-04c1-424b-9868-57a2d4851a1d" relativeResultsDirectory="c5bf44f6-8ef8-405d-aa43-792e3fa2110b" />
    <UnitTestResult executionId="5d78593c-1f67-4d9f-b693-25ad7ad2a094" testId="9f16341e-b052-652e-dd17-f9a73fe0b744" testName="SAFARIstack.Tests.Unit.Services.ReportFormatTests.GiftCard_GenerateCardNumber_Format" computerName="MADOC" duration="00:00:00.0042357" startTime="2026-02-13T19:58:47.5522124+02:00" endTime="2026-02-13T19:58:47.5522129+02:00" testType="13cdc9d9-ddb5-4fa4-a97d-d965ccfc6d4b" outcome="Passed" testListId="8c84fa94-04c1-424b-9868-57a2d4851a1d" relativeResultsDirectory="5d78593c-1f67-4d9f-b693-25ad7ad2a094" />
    <UnitTestResult executionId="3b612111-8d0f-443f-b212-f7bc548ca2ab" testId="31424cf4-4ba7-bc5c-4670-de8c24d1ea7f" testName="SAFARIstack.Tests.Unit.Services.AiConciergeServiceTests.HandleInquiryAsync_ClassifiesIntentCorrectly(question: &quot;I have a question about a charge&quot;, expectedIntent: &quot;Billing&quot;)" computerName="MADOC" duration="00:00:00.0022449" startTime="2026-02-13T19:58:53.0854345+02:00" endTime="2026-02-13T19:58:53.0854353+02:00" testType="13cdc9d9-ddb5-4fa4-a97d-d965ccfc6d4b" outcome="Passed" testListId="8c84fa94-04c1-424b-9868-57a2d4851a1d" relativeResultsDirectory="3b612111-8d0f-443f-b212-f7bc548ca2ab" />
    <UnitTestResult executionId="19e96990-e617-4f53-ae00-933cc4f6c334" testId="f4a68574-e388-e12a-1b4a-00b44a533ef6" testName="SAFARIstack.Tests.Unit.Services.ExperienceBookingServiceTests.BookExperienceAsync_ValidRequest_CreatesBooking" computerName="MADOC" duration="00:00:00.0158895" startTime="2026-02-13T19:58:53.7127780+02:00" endTime="2026-02-13T19:58:53.7127786+02:00" testType="13cdc9d9-ddb5-4fa4-a97d-d965ccfc6d4b" outcome="Failed" testListId="8c84fa94-04c1-424b-9868-57a2d4851a1d" relativeResultsDirectory="19e96990-e617-4f53-ae00-933cc4f6c334">
      <Output>
        <ErrorInfo>
          <Message>Expected result.Success to be True, but found False.</Message>
          <StackTrace>   at FluentAssertions.Execution.XUnit2TestFramework.Throw(String message)&#xD;
   at FluentAssertions.Execution.TestFrameworkProvider.Throw(String message)&#xD;
   at FluentAssertions.Execution.DefaultAssertionStrategy.HandleFailure(String message)&#xD;
   at FluentAssertions.Execution.AssertionScope.FailWith(Func`1 failReasonFunc)&#xD;
   at FluentAssertions.Execution.AssertionScope.FailWith(Func`1 failReasonFunc)&#xD;
   at FluentAssertions.Execution.AssertionScope.FailWith(String message, Object[] args)&#xD;
   at FluentAssertions.Primitives.BooleanAssertions`1.BeTrue(String because, Object[] becauseArgs)&#xD;
   at SAFARIstack.Tests.Unit.Services.ExperienceBookingServiceTests.BookExperienceAsync_ValidRequest_CreatesBooking() in C:\Users\madoc\OneDrive\Documents\Lodge&amp;Hotel\backend\tests\SAFARIstack.Tests.Unit\Services\EnterpriseServiceTests.cs:line 158&#xD;
--- End of stack trace from previous location ---</StackTrace>
        </ErrorInfo>
      </Output>
    </UnitTestResult>
    <UnitTestResult executionId="e3efc39a-520f-4272-b3be-9aa5766b35fb" testId="fbed4f15-e019-9486-70e7-db5f5fdc7394" testName="SAFARIstack.Tests.Unit.Domain.EnterpriseEntityTests.GuestMessage_AiWorkflow_ApproveAndEdit" computerName="MADOC" duration="00:00:00.0021740" startTime="2026-02-13T19:58:47.3778716+02:00" endTime="2026-02-13T19:58:47.3778719+02:00" testType="13cdc9d9-ddb5-4fa4-a97d-d965ccfc6d4b" outcome="Passed" testListId="8c84fa94-04c1-424b-9868-57a2d4851a1d" relativeResultsDirectory="e3efc39a-520f-4272-b3be-9aa5766b35fb" />
    <UnitTestResult executionId="b34babb9-a117-4830-84dd-fd19704ea818" testId="71554141-b857-7286-6d1c-0dfedf5fadb8" testName="SAFARIstack.Tests.Unit.Domain.EnterpriseEntityTests.UpsellOffer_Purchase_ThrowsWhenInsufficientInventory" computerName="MADOC" duration="00:00:00.0019315" startTime="2026-02-13T19:58:47.3404833+02:00" endTime="2026-02-13T19:58:47.3404834+02:00" testType="13cdc9d9-ddb5-4fa4-a97d-d965ccfc6d4b" outcome="Passed" testListId="8c84fa94-04c1-424b-9868-57a2d4851a1d" relativeResultsDirectory="b34babb9-a117-4830-84dd-fd19704ea818" />
    <UnitTestResult executionId="2e527d91-b6cc-4b3a-9003-0974b7e78a31" testId="d060c201-0949-18ef-7bc5-b6ac8222a8e9" testName="SAFARIstack.Tests.Unit.Domain.EnterpriseEntityTests.GiftCard_Redeem_ReducesBalanceAndCreatesRedemption" computerName="MADOC" duration="00:00:00.0032785" startTime="2026-02-13T19:58:47.3107740+02:00" endTime="2026-02-13T19:58:47.3107741+02:00" testType="13cdc9d9-ddb5-4fa4-a97d-d965ccfc6d4b" outcome="Passed" testListId="8c84fa94-04c1-424b-9868-57a2d4851a1d" relativeResultsDirectory="2e527d91-b6cc-4b3a-9003-0974b7e78a31" />
    <UnitTestResult executionId="a40e1939-b6ff-41f2-b0b1-e44cae89d29a" testId="6824ccbe-1eb9-c66e-88b0-4bf4e638cd41" testName="SAFARIstack.Tests.Unit.Domain.EnterpriseEntityTests.GiftCard_Void_ChangesStatusToVoided" computerName="MADOC" duration="00:00:00.0004070" startTime="2026-02-13T19:58:47.3402828+02:00" endTime="2026-02-13T19:58:47.3402836+02:00" testType="13cdc9d9-ddb5-4fa4-a97d-d965ccfc6d4b" outcome="Passed" testListId="8c84fa94-04c1-424b-9868-57a2d4851a1d" relativeResultsDirectory="a40e1939-b6ff-41f2-b0b1-e44cae89d29a" />
    <UnitTestResult executionId="75e42382-30c9-4370-aabc-2c36f710c88c" testId="0debeb1c-f334-7a94-f2bf-c45640f069b5" testName="SAFARIstack.Tests.Unit.Services.UpsellEngineTests.GetUpsellAnalyticsAsync_EmptyData_ReturnsZeros" computerName="MADOC" duration="00:00:00.1966193" startTime="2026-02-13T19:58:53.5150882+02:00" endTime="2026-02-13T19:58:53.5159943+02:00" testType="13cdc9d9-ddb5-4fa4-a97d-d965ccfc6d4b" outcome="Failed" testListId="8c84fa94-04c1-424b-9868-57a2d4851a1d" relativeResultsDirectory="75e42382-30c9-4370-aabc-2c36f710c88c">
      <Output>
        <ErrorInfo>
          <Message>System.NullReferenceException : Object reference not set to an instance of an object.</Message>
          <StackTrace>   at lambda_method1941(Closure, QueryContext)&#xD;
   at Microsoft.EntityFrameworkCore.Query.Internal.QueryCompiler.ExecuteCore[TResult](Expression query, Boolean async, CancellationToken cancellationToken)&#xD;
   at Microsoft.EntityFrameworkCore.Query.Internal.QueryCompiler.ExecuteAsync[TResult](Expression query, CancellationToken cancellationToken)&#xD;
   at Microsoft.EntityFrameworkCore.Query.Internal.EntityQueryProvider.ExecuteAsync[TResult](Expression expression, CancellationToken cancellationToken)&#xD;
   at Microsoft.EntityFrameworkCore.Query.Internal.EntityQueryable`1.GetAsyncEnumerator(CancellationToken cancellationToken)&#xD;
   at System.Runtime.CompilerServices.ConfiguredCancelableAsyncEnumerable`1.GetAsyncEnumerator()&#xD;
   at Microsoft.EntityFrameworkCore.EntityFrameworkQueryableExtensions.ToListAsync[TSource](IQueryable`1 source, CancellationToken cancellationToken)&#xD;
   at SAFARIstack.Infrastructure.Services.UpsellEngine.GetUpsellAnalyticsAsync(Guid propertyId, DateTime startDate, DateTime endDate) in C:\Users\madoc\OneDrive\Documents\Lodge&amp;Hotel\backend\src\SAFARIstack.Infrastructure\Services\UpsellEngineService.cs:line 73&#xD;
   at SAFARIstack.Tests.Unit.Services.UpsellEngineTests.GetUpsellAnalyticsAsync_EmptyData_ReturnsZeros() in C:\Users\madoc\OneDrive\Documents\Lodge&amp;Hotel\backend\tests\SAFARIstack.Tests.Unit\Services\EnterpriseServiceTests.cs:line 573&#xD;
--- End of stack trace from previous location ---</StackTrace>
        </ErrorInfo>
      </Output>
    </UnitTestResult>
    <UnitTestResult executionId="8065ffe0-6ce6-466d-a32f-a4806647f876" testId="c73af1cf-52d4-80f8-abd3-fe90473d45b3" testName="SAFARIstack.Tests.Unit.Domain.EnterpriseEntityTests.DigitalCheckIn_FullWorkflow" computerName="MADOC" duration="00:00:00.0108235" startTime="2026-02-13T19:58:47.3218194+02:00" endTime="2026-02-13T19:58:47.3218195+02:00" testType="13cdc9d9-ddb5-4fa4-a97d-d965ccfc6d4b" outcome="Passed" testListId="8c84fa94-04c1-424b-9868-57a2d4851a1d" relativeResultsDirectory="8065ffe0-6ce6-466d-a32f-a4806647f876" />
    <UnitTestResult executionId="80053487-c8e1-4266-9ac3-d0c93d747b78" testId="9fcfbd93-a523-3e03-daec-3cf8e95206a3" testName="SAFARIstack.Tests.Unit.Services.AiConciergeServiceTests.HandleInquiryAsync_WithGuestName_PersonalizesResponse" computerName="MADOC" duration="00:00:00.0052753" startTime="2026-02-13T19:58:53.3330331+02:00" endTime="2026-02-13T19:58:53.3330335+02:00" testType="13cdc9d9-ddb5-4fa4-a97d-d965ccfc6d4b" outcome="Passed" testListId="8c84fa94-04c1-424b-9868-57a2d4851a1d" relativeResultsDirectory="80053487-c8e1-4266-9ac3-d0c93d747b78" />
    <UnitTestResult executionId="e45cb787-9cef-4943-bdc1-031e97bc98ce" testId="194c40c6-e190-b69c-44ad-f2f5f0c8187f" testName="SAFARIstack.Tests.Unit.Services.AiConciergeServiceTests.HandleInquiryAsync_ClassifiesIntentCorrectly(question: &quot;Is there parking available?&quot;, expectedIntent: &quot;Transport&quot;)" computerName="MADOC" duration="00:00:00.1738029" startTime="2026-02-13T19:58:52.8933890+02:00" endTime="2026-02-13T19:58:52.8933895+02:00" testType="13cdc9d9-ddb5-4fa4-a97d-d965ccfc6d4b" outcome="Passed" testListId="8c84fa94-04c1-424b-9868-57a2d4851a1d" relativeResultsDirectory="e45cb787-9cef-4943-bdc1-031e97bc98ce" />
    <UnitTestResult executionId="287f26e7-2af8-4fdd-8f78-3b3bedd01f33" testId="48337a55-464a-1aff-b51a-bc0aee71e977" testName="SAFARIstack.Tests.Unit.Services.AiConciergeServiceTests.HandleInquiryAsync_ClassifiesIntentCorrectly(question: &quot;Can I see my bill please?&quot;, expectedIntent: &quot;Billing&quot;)" computerName="MADOC" duration="00:00:00.0037928" startTime="2026-02-13T19:58:53.0889530+02:00" endTime="2026-02-13T19:58:53.0889535+02:00" testType="13cdc9d9-ddb5-4fa4-a97d-d965ccfc6d4b" outcome="Passed" testListId="8c84fa94-04c1-424b-9868-57a2d4851a1d" relativeResultsDirectory="287f26e7-2af8-4fdd-8f78-3b3bedd01f33" />
    <UnitTestResult executionId="47005b64-f17e-48b4-8c87-1efa08c6dd45" testId="b15ccafe-204d-1165-e7cf-849d89a7bd83" testName="SAFARIstack.Tests.Unit.Services.AiConciergeServiceTests.GetImprovementSuggestionsAsync_WithLowConfidence_SuggestsImprovement" computerName="MADOC" duration="00:00:00.0207877" startTime="2026-02-13T19:58:53.6403157+02:00" endTime="2026-02-13T19:58:53.6403161+02:00" testType="13cdc9d9-ddb5-4fa4-a97d-d965ccfc6d4b" outcome="Failed" testListId="8c84fa94-04c1-424b-9868-57a2d4851a1d" relativeResultsDirectory="47005b64-f17e-48b4-8c87-1efa08c6dd45">
      <Output>
        <ErrorInfo>
          <Message>System.NullReferenceException : Object reference not set to an instance of an object.</Message>
          <StackTrace>   at lambda_method1970(Closure, QueryContext)&#xD;
   at Microsoft.EntityFrameworkCore.Query.Internal.QueryCompiler.ExecuteCore[TResult](Expression query, Boolean async, CancellationToken cancellationToken)&#xD;
   at Microsoft.EntityFrameworkCore.Query.Internal.QueryCompiler.ExecuteAsync[TResult](Expression query, CancellationToken cancellationToken)&#xD;
   at Microsoft.EntityFrameworkCore.Query.Internal.EntityQueryProvider.ExecuteAsync[TResult](Expression expression, CancellationToken cancellationToken)&#xD;
   at Microsoft.EntityFrameworkCore.Query.Internal.EntityQueryable`1.GetAsyncEnumerator(CancellationToken cancellationToken)&#xD;
   at System.Runtime.CompilerServices.ConfiguredCancelableAsyncEnumerable`1.GetAsyncEnumerator()&#xD;
   at Microsoft.EntityFrameworkCore.EntityFrameworkQueryableExtensions.ToListAsync[TSource](IQueryable`1 source, CancellationToken cancellationToken)&#xD;
   at SAFARIstack.Infrastructure.Services.AiConciergeService.GetImprovementSuggestionsAsync(Guid propertyId) in C:\Users\madoc\OneDrive\Documents\Lodge&amp;Hotel\backend\src\SAFARIstack.Infrastructure\Services\AiConciergeService.cs:line 145&#xD;
   at SAFARIstack.Tests.Unit.Services.AiConciergeServiceTests.GetImprovementSuggestionsAsync_WithLowConfidence_SuggestsImprovement() in C:\Users\madoc\OneDrive\Documents\Lodge&amp;Hotel\backend\tests\SAFARIstack.Tests.Unit\Services\AiConciergeServiceTests.cs:line 209&#xD;
--- End of stack trace from previous location ---</StackTrace>
        </ErrorInfo>
      </Output>
    </UnitTestResult>
    <UnitTestResult executionId="75884b1b-4402-4aec-9520-66fb051de6c3" testId="fd90306f-3624-6be2-c32b-f9aca7f710a8" testName="SAFARIstack.Tests.Unit.Services.AiConciergeServiceTests.HandleInquiryAsync_ClassifiesIntentCorrectly(question: &quot;I'm very disappointed with the noise&quot;, expectedIntent: &quot;Complaint&quot;)" computerName="MADOC" duration="00:00:00.0033471" startTime="2026-02-13T19:58:53.0926845+02:00" endTime="2026-02-13T19:58:53.0926849+02:00" testType="13cdc9d9-ddb5-4fa4-a97d-d965ccfc6d4b" outcome="Passed" testListId="8c84fa94-04c1-424b-9868-57a2d4851a1d" relativeResultsDirectory="75884b1b-4402-4aec-9520-66fb051de6c3" />
    <UnitTestResult executionId="97c79a3f-7b05-4171-ada8-28102d4ae4a6" testId="34fede08-d416-03e7-605e-e07a4f933509" testName="SAFARIstack.Tests.Unit.Services.AiConciergeServiceTests.HandleInquiryAsync_ClassifiesIntentCorrectly(question: &quot;Can I change my booking dates?&quot;, expectedIntent: &quot;Cancellation&quot;)" computerName="MADOC" duration="00:00:00.0080191" startTime="2026-02-13T19:58:52.9903307+02:00" endTime="2026-02-13T19:58:52.9903343+02:00" testType="13cdc9d9-ddb5-4fa4-a97d-d965ccfc6d4b" outcome="Failed" testListId="8c84fa94-04c1-424b-9868-57a2d4851a1d" relativeResultsDirectory="97c79a3f-7b05-4171-ada8-28102d4ae4a6">
      <Output>
        <ErrorInfo>
          <Message>Expected result.IntentCategory to be "Cancellation" with a length of 12, but "General" has a length of 7, differs near "Gen" (index 0).</Message>
          <StackTrace>   at FluentAssertions.Execution.XUnit2TestFramework.Throw(String message)&#xD;
   at FluentAssertions.Execution.TestFrameworkProvider.Throw(String message)&#xD;
   at FluentAssertions.Execution.DefaultAssertionStrategy.HandleFailure(String message)&#xD;
   at FluentAssertions.Execution.AssertionScope.FailWith(Func`1 failReasonFunc)&#xD;
   at FluentAssertions.Execution.AssertionScope.FailWith(Func`1 failReasonFunc)&#xD;
   at FluentAssertions.Primitives.StringEqualityValidator.ValidateAgainstLengthDifferences()&#xD;
   at FluentAssertions.Primitives.StringValidator.Validate()&#xD;
   at FluentAssertions.Primitives.StringAssertions`1.Be(String expected, String because, Object[] becauseArgs)&#xD;
   at SAFARIstack.Tests.Unit.Services.AiConciergeServiceTests.HandleInquiryAsync_ClassifiesIntentCorrectly(String question, String expectedIntent) in C:\Users\madoc\OneDrive\Documents\Lodge&amp;Hotel\backend\tests\SAFARIstack.Tests.Unit\Services\AiConciergeServiceTests.cs:line 77&#xD;
--- End of stack trace from previous location ---</StackTrace>
        </ErrorInfo>
      </Output>
    </UnitTestResult>
    <UnitTestResult executionId="229f101e-c636-4be8-b45c-05ce92c6e393" testId="8507d138-14ef-0149-d5c8-10af06f84ee4" testName="SAFARIstack.Tests.Unit.Services.GuestInboxServiceTests.ReceiveMessageAsync_AttachesAiSuggestion" computerName="MADOC" duration="00:00:06.3911187" startTime="2026-02-13T19:58:53.5242172+02:00" endTime="2026-02-13T19:58:53.5242176+02:00" testType="13cdc9d9-ddb5-4fa4-a97d-d965ccfc6d4b" outcome="Passed" testListId="8c84fa94-04c1-424b-9868-57a2d4851a1d" relativeResultsDirectory="229f101e-c636-4be8-b45c-05ce92c6e393" />
    <UnitTestResult executionId="1d6eca02-725a-4241-b44f-76094dfbdb60" testId="90f71c48-6bbc-89ca-f8db-bc2744fa2009" testName="SAFARIstack.Tests.Unit.Services.AiConciergeServiceTests.HandleInquiryAsync_ClassifiesIntentCorrectly(question: &quot;How do I connect to the internet?&quot;, expectedIntent: &quot;WiFi&quot;)" computerName="MADOC" duration="00:00:00.0019716" startTime="2026-02-13T19:58:53.0802975+02:00" endTime="2026-02-13T19:58:53.0802980+02:00" testType="13cdc9d9-ddb5-4fa4-a97d-d965ccfc6d4b" outcome="Passed" testListId="8c84fa94-04c1-424b-9868-57a2d4851a1d" relativeResultsDirectory="1d6eca02-725a-4241-b44f-76094dfbdb60" />
    <UnitTestResult executionId="22c32d54-2c06-4b35-a03a-644c06818dd7" testId="83db265d-ed79-be01-38d7-8d6c6587a155" testName="SAFARIstack.Tests.Unit.Services.AiConciergeServiceTests.GetImprovementSuggestionsAsync_NoData_ReturnsEmpty" computerName="MADOC" duration="00:00:00.0907347" startTime="2026-02-13T19:58:53.5544646+02:00" endTime="2026-02-13T19:58:53.5544655+02:00" testType="13cdc9d9-ddb5-4fa4-a97d-d965ccfc6d4b" outcome="Failed" testListId="8c84fa94-04c1-424b-9868-57a2d4851a1d" relativeResultsDirectory="22c32d54-2c06-4b35-a03a-644c06818dd7">
      <Output>
        <ErrorInfo>
          <Message>System.NullReferenceException : Object reference not set to an instance of an object.</Message>
          <StackTrace>   at lambda_method1970(Closure, QueryContext)&#xD;
   at Microsoft.EntityFrameworkCore.Query.Internal.QueryCompiler.ExecuteCore[TResult](Expression query, Boolean async, CancellationToken cancellationToken)&#xD;
   at Microsoft.EntityFrameworkCore.Query.Internal.QueryCompiler.ExecuteAsync[TResult](Expression query, CancellationToken cancellationToken)&#xD;
   at Microsoft.EntityFrameworkCore.Query.Internal.EntityQueryProvider.ExecuteAsync[TResult](Expression expression, CancellationToken cancellationToken)&#xD;
   at Microsoft.EntityFrameworkCore.Query.Internal.EntityQueryable`1.GetAsyncEnumerator(CancellationToken cancellationToken)&#xD;
   at System.Runtime.CompilerServices.ConfiguredCancelableAsyncEnumerable`1.GetAsyncEnumerator()&#xD;
   at Microsoft.EntityFrameworkCore.EntityFrameworkQueryableExtensions.ToListAsync[TSource](IQueryable`1 source, CancellationToken cancellationToken)&#xD;
   at SAFARIstack.Infrastructure.Services.AiConciergeService.GetImprovementSuggestionsAsync(Guid propertyId) in C:\Users\madoc\OneDrive\Documents\Lodge&amp;Hotel\backend\src\SAFARIstack.Infrastructure\Services\AiConciergeService.cs:line 145&#xD;
   at SAFARIstack.Tests.Unit.Services.AiConciergeServiceTests.GetImprovementSuggestionsAsync_NoData_ReturnsEmpty() in C:\Users\madoc\OneDrive\Documents\Lodge&amp;Hotel\backend\tests\SAFARIstack.Tests.Unit\Services\AiConciergeServiceTests.cs:line 188&#xD;
--- End of stack trace from previous location ---</StackTrace>
        </ErrorInfo>
      </Output>
    </UnitTestResult>
    <UnitTestResult executionId="96c42d45-0194-4e96-b217-60b302a52d36" testId="e8ca5ef2-feb3-3252-696e-c66aa61a50df" testName="SAFARIstack.Tests.Unit.Services.AiConciergeServiceTests.HandleInquiryAsync_ClassifiesIntentCorrectly(question: &quot;How many loyalty points do I have?&quot;, expectedIntent: &quot;Loyalty&quot;)" computerName="MADOC" duration="00:00:00.0040050" startTime="2026-02-13T19:58:53.0682739+02:00" endTime="2026-02-13T19:58:53.0682743+02:00" testType="13cdc9d9-ddb5-4fa4-a97d-d965ccfc6d4b" outcome="Passed" testListId="8c84fa94-04c1-424b-9868-57a2d4851a1d" relativeResultsDirectory="96c42d45-0194-4e96-b217-60b302a52d36" />
    <UnitTestResult executionId="c6fb9ba2-4a63-4965-bdcf-cd597eba410a" testId="942adfcc-fd28-7782-bd7c-bb012428dab4" testName="SAFARIstack.Tests.Unit.Domain.EnterpriseEntityTests.GiftCard_Create_ThrowsWhenAmountTooHigh" computerName="MADOC" duration="00:00:00.0022142" startTime="2026-02-13T19:58:47.3704197+02:00" endTime="2026-02-13T19:58:47.3704201+02:00" testType="13cdc9d9-ddb5-4fa4-a97d-d965ccfc6d4b" outcome="Passed" testListId="8c84fa94-04c1-424b-9868-57a2d4851a1d" relativeResultsDirectory="c6fb9ba2-4a63-4965-bdcf-cd597eba410a" />
    <UnitTestResult executionId="52b30615-0a15-4145-9912-f3dbf07d9968" testId="8a623c55-0026-ef82-6643-721ea71923d2" testName="SAFARIstack.Tests.Unit.Services.MultiPropertyServiceTests.GetGroupDashboardAsync_NonExistentGroup_Throws" computerName="MADOC" duration="00:00:00.0064959" startTime="2026-02-13T19:58:54.0082200+02:00" endTime="2026-02-13T19:58:54.0082207+02:00" testType="13cdc9d9-ddb5-4fa4-a97d-d965ccfc6d4b" outcome="Passed" testListId="8c84fa94-04c1-424b-9868-57a2d4851a1d" relativeResultsDirectory="52b30615-0a15-4145-9912-f3dbf07d9968" />
    <UnitTestResult executionId="9ccdeef9-c2c4-4c9c-b51e-1d773429fef4" testId="48e4c5aa-423d-c9ac-3a42-0b8790f1e9b3" testName="SAFARIstack.Tests.Unit.Services.ExperienceBookingServiceTests.CancelExperienceBookingAsync_CancelsSuccessfully" computerName="MADOC" duration="00:00:06.1576233" startTime="2026-02-13T19:58:53.2940602+02:00" endTime="2026-02-13T19:58:53.2940609+02:00" testType="13cdc9d9-ddb5-4fa4-a97d-d965ccfc6d4b" outcome="Failed" testListId="8c84fa94-04c1-424b-9868-57a2d4851a1d" relativeResultsDirectory="9ccdeef9-c2c4-4c9c-b51e-1d773429fef4">
      <Output>
        <ErrorInfo>
          <Message>System.InvalidOperationException : Nullable object must have a value.</Message>
          <StackTrace>   at System.Nullable`1.get_Value()&#xD;
   at SAFARIstack.Tests.Unit.Services.ExperienceBookingServiceTests.CancelExperienceBookingAsync_CancelsSuccessfully() in C:\Users\madoc\OneDrive\Documents\Lodge&amp;Hotel\backend\tests\SAFARIstack.Tests.Unit\Services\EnterpriseServiceTests.cs:line 227&#xD;
--- End of stack trace from previous location ---</StackTrace>
        </ErrorInfo>
      </Output>
    </UnitTestResult>
    <UnitTestResult executionId="6f2949f5-3276-45fd-9694-f5083dace3fd" testId="042fefc9-5778-dc7d-4fa4-922d121dfdfa" testName="SAFARIstack.Tests.Unit.Services.AiConciergeServiceTests.HandleInquiryAsync_WithoutGuestName_NoPersonalGreeting" computerName="MADOC" duration="00:00:00.0038394" startTime="2026-02-13T19:58:53.4571245+02:00" endTime="2026-02-13T19:58:53.4571248+02:00" testType="13cdc9d9-ddb5-4fa4-a97d-d965ccfc6d4b" outcome="Passed" testListId="8c84fa94-04c1-424b-9868-57a2d4851a1d" relativeResultsDirectory="6f2949f5-3276-45fd-9694-f5083dace3fd" />
    <UnitTestResult executionId="b3901aa9-3da8-4c50-a85f-f81cd9237b31" testId="2d6fc26f-e450-e0e5-ecd7-656b33f5838d" testName="SAFARIstack.Tests.Unit.Domain.EnterpriseEntityTests.Experience_Create_SetsPropertiesCorrectly" computerName="MADOC" duration="00:00:00.0097222" startTime="2026-02-13T19:58:47.1947234+02:00" endTime="2026-02-13T19:58:47.1947235+02:00" testType="13cdc9d9-ddb5-4fa4-a97d-d965ccfc6d4b" outcome="Passed" testListId="8c84fa94-04c1-424b-9868-57a2d4851a1d" relativeResultsDirectory="b3901aa9-3da8-4c50-a85f-f81cd9237b31" />
    <UnitTestResult executionId="1018b21b-10d7-403a-b655-8857552fad72" testId="cade82f6-76b9-35c0-3076-01b9bc424004" testName="SAFARIstack.Tests.Unit.Domain.EnterpriseEntityTests.ExperienceBooking_Create_CalculatesCorrectly" computerName="MADOC" duration="00:00:00.0016352" startTime="2026-02-13T19:58:47.3753388+02:00" endTime="2026-02-13T19:58:47.3753392+02:00" testType="13cdc9d9-ddb5-4fa4-a97d-d965ccfc6d4b" outcome="Passed" testListId="8c84fa94-04c1-424b-9868-57a2d4851a1d" relativeResultsDirectory="1018b21b-10d7-403a-b655-8857552fad72" />
    <UnitTestResult executionId="2ef77f5b-53eb-4a59-b479-e674782c1c1f" testId="1f30be67-5d5a-13f5-d4fe-083e173fbc62" testName="SAFARIstack.Tests.Unit.Domain.EnterpriseEntityTests.DigitalCheckIn_MobileKey_Provisioning" computerName="MADOC" duration="00:00:00.0053624" startTime="2026-02-13T19:58:47.3575515+02:00" endTime="2026-02-13T19:58:47.3575522+02:00" testType="13cdc9d9-ddb5-4fa4-a97d-d965ccfc6d4b" outcome="Passed" testListId="8c84fa94-04c1-424b-9868-57a2d4851a1d" relativeResultsDirectory="2ef77f5b-53eb-4a59-b479-e674782c1c1f" />
    <UnitTestResult executionId="3b04bcc6-385e-4650-bb5e-a1639b20fc41" testId="41e24f15-340a-b5ab-4585-28ab279ad5b6" testName="SAFARIstack.Tests.Unit.Domain.EnterpriseEntityTests.GiftCard_Redeem_FullyRedeemsAndChangesStatus" computerName="MADOC" duration="00:00:00.0008191" startTime="2026-02-13T19:58:47.3110171+02:00" endTime="2026-02-13T19:58:47.3110172+02:00" testType="13cdc9d9-ddb5-4fa4-a97d-d965ccfc6d4b" outcome="Passed" testListId="8c84fa94-04c1-424b-9868-57a2d4851a1d" relativeResultsDirectory="3b04bcc6-385e-4650-bb5e-a1639b20fc41" />
    <UnitTestResult executionId="2fd3d221-1da2-4291-bf38-b7d8936b2f0f" testId="9fc71d06-05e3-3506-2599-1c673a881a37" testName="SAFARIstack.Tests.Unit.Services.GuestInboxServiceTests.GetConversationsAsync_ReturnsPropertyConversations" computerName="MADOC" duration="00:00:00.0346081" startTime="2026-02-13T19:58:53.5708469+02:00" endTime="2026-02-13T19:58:53.5708476+02:00" testType="13cdc9d9-ddb5-4fa4-a97d-d965ccfc6d4b" outcome="Failed" testListId="8c84fa94-04c1-424b-9868-57a2d4851a1d" relativeResultsDirectory="2fd3d221-1da2-4291-bf38-b7d8936b2f0f">
      <Output>
        <ErrorInfo>
          <Message>System.NullReferenceException : Object reference not set to an instance of an object.</Message>
          <StackTrace>   at lambda_method1981(Closure, QueryContext)&#xD;
   at Microsoft.EntityFrameworkCore.Query.Internal.QueryCompiler.ExecuteCore[TResult](Expression query, Boolean async, CancellationToken cancellationToken)&#xD;
   at Microsoft.EntityFrameworkCore.Query.Internal.QueryCompiler.ExecuteAsync[TResult](Expression query, CancellationToken cancellationToken)&#xD;
   at Microsoft.EntityFrameworkCore.Query.Internal.EntityQueryProvider.ExecuteAsync[TResult](Expression expression, CancellationToken cancellationToken)&#xD;
   at Microsoft.EntityFrameworkCore.EntityFrameworkQueryableExtensions.ExecuteAsync[TSource,TResult](MethodInfo operatorMethodInfo, IQueryable`1 source, Expression expression, CancellationToken cancellationToken)&#xD;
   at Microsoft.EntityFrameworkCore.EntityFrameworkQueryableExtensions.ExecuteAsync[TSource,TResult](MethodInfo operatorMethodInfo, IQueryable`1 source, CancellationToken cancellationToken)&#xD;
   at Microsoft.EntityFrameworkCore.EntityFrameworkQueryableExtensions.FirstOrDefaultAsync[TSource](IQueryable`1 source, CancellationToken cancellationToken)&#xD;
   at SAFARIstack.Infrastructure.Services.GuestInboxService.FindOrCreateConversationAsync(Guid propertyId, Nullable`1 guestId, Nullable`1 bookingId, String subject, MessageChannel channel) in C:\Users\madoc\OneDrive\Documents\Lodge&amp;Hotel\backend\src\SAFARIstack.Infrastructure\Services\GuestInboxService.cs:line 189&#xD;
   at SAFARIstack.Infrastructure.Services.GuestInboxService.ReceiveMessageAsync(InboundMessageDto message) in C:\Users\madoc\OneDrive\Documents\Lodge&amp;Hotel\backend\src\SAFARIstack.Infrastructure\Services\GuestInboxService.cs:line 35&#xD;
[...]
[xUnit.net 00:00:07.38]          at Microsoft.EntityFrameworkCore.EntityFrameworkQueryableExtensions.ExecuteAsync[TSource,TResult](MethodInfo operatorMethodInfo, IQueryable`1 source, LambdaExpression expression, CancellationToken cancellationToken)&#xD;
[xUnit.net 00:00:07.38]          at Microsoft.EntityFrameworkCore.EntityFrameworkQueryableExtensions.FirstOrDefaultAsync[TSource](IQueryable`1 source, Expression`1 predicate, CancellationToken cancellationToken)&#xD;
[xUnit.net 00:00:07.38]          at Microsoft.EntityFrameworkCore.Internal.EntityFinder`1.FindAsync(Object[] keyValues, CancellationToken cancellationToken)&#xD;
[xUnit.net 00:00:07.38]          at Microsoft.EntityFrameworkCore.Internal.InternalDbSet`1.FindAsync(Object[] keyValues)&#xD;
[xUnit.net 00:00:07.38]          at SAFARIstack.Infrastructure.Services.GiftCardService.VoidGiftCardAsync(Guid giftCardId, String reason) in C:\Users\madoc\OneDrive\Documents\Lodge&amp;Hotel\backend\src\SAFARIstack.Infrastructure\Services\GiftCardService.cs:line 109&#xD;
[xUnit.net 00:00:07.38]          at FluentAssertions.Specialized.AsyncFunctionAssertions`2.InvokeWithInterceptionAsync(Func`1 action).&#xD;
[xUnit.net 00:00:07.38]       Stack Trace:&#xD;
[xUnit.net 00:00:07.38]            at FluentAssertions.Execution.XUnit2TestFramework.Throw(String message)&#xD;
[xUnit.net 00:00:07.38]            at FluentAssertions.Execution.TestFrameworkProvider.Throw(String message)&#xD;
[xUnit.net 00:00:07.38]            at FluentAssertions.Execution.DefaultAssertionStrategy.HandleFailure(String message)&#xD;
[xUnit.net 00:00:07.38]            at FluentAssertions.Execution.AssertionScope.FailWith(Func`1 failReasonFunc)&#xD;
[xUnit.net 00:00:07.38]            at FluentAssertions.Execution.AssertionScope.FailWith(Func`1 failReasonFunc)&#xD;
[xUnit.net 00:00:07.38]            at FluentAssertions.Execution.AssertionScope.FailWith(String message, Object[] args)&#xD;
[xUnit.net 00:00:07.38]            at FluentAssertions.Specialized.DelegateAssertionsBase`2.ThrowInternal[TException](Exception exception, String because, Object[] becauseArgs)&#xD;
[xUnit.net 00:00:07.38]            at FluentAssertions.Specialized.AsyncFunctionAssertions`2.ThrowAsync[TException](String because, Object[] becauseArgs)&#xD;
[xUnit.net 00:00:07.38]            at FluentAssertions.ExceptionAssertionsExtensions.WithMessage[TException](Task`1 task, String expectedWildcardPattern, String because, Object[] becauseArgs)&#xD;
[xUnit.net 00:00:07.38]         C:\Users\madoc\OneDrive\Documents\Lodge&amp;Hotel\backend\tests\SAFARIstack.Tests.Unit\Services\EnterpriseServiceTests.cs(93,0): at SAFARIstack.Tests.Unit.Services.GiftCardServiceTests.VoidGiftCardAsync_NonExistentCard_Throws()&#xD;
[xUnit.net 00:00:07.38]         --- End of stack trace from previous location ---&#xD;
[xUnit.net 00:00:07.38]       System.ArgumentException : An item with the same key has already been added. Key: d109c3e1-fcc9-468b-840c-109e1eb0ede5&#xD;
[xUnit.net 00:00:07.40]       Stack Trace:&#xD;
[xUnit.net 00:00:07.40]            at System.Collections.Generic.Dictionary`2.TryInsert(TKey key, TValue value, InsertionBehavior behavior)&#xD;
[xUnit.net 00:00:07.43]            at System.Collections.Generic.Dictionary`2.Add(TKey key, TValue value)&#xD;
[xUnit.net 00:00:07.43]            at Microsoft.EntityFrameworkCore.InMemory.Storage.Internal.InMemoryTable`1.Create(IUpdateEntry entry, IDiagnosticsLogger`1 updateLogger)&#xD;
[xUnit.net 00:00:07.43]            at Microsoft.EntityFrameworkCore.InMemory.Storage.Internal.InMemoryStore.ExecuteTransaction(IList`1 entries, IDiagnosticsLogger`1 updateLogger)&#xD;
[xUnit.net 00:00:07.43]            at Microsoft.EntityFrameworkCore.InMemory.Storage.Internal.InMemoryDatabase.SaveChangesAsync(IList`1 entries, CancellationToken cancellationToken)&#xD;
[xUnit.net 00:00:07.43]            at Microsoft.EntityFrameworkCore.ChangeTracking.Internal.StateManager.SaveChangesAsync(IList`1 entriesToSave, CancellationToken cancellationToken)&#xD;
[xUnit.net 00:00:07.43]            at Microsoft.EntityFrameworkCore.ChangeTracking.Internal.StateManager.SaveChangesAsync(StateManager stateManager, Boolean acceptAllChangesOnSuccess, CancellationToken cancellationToken)&#xD;
[xUnit.net 00:00:07.43]            at Microsoft.EntityFrameworkCore.DbContext.SaveChangesAsync(Boolean acceptAllChangesOnSuccess, CancellationToken cancellationToken)&#xD;
[xUnit.net 00:00:07.43]            at Microsoft.EntityFrameworkCore.DbContext.SaveChangesAsync(Boolean acceptAllChangesOnSuccess, CancellationToken cancellationToken)&#xD;
[xUnit.net 00:00:07.43]         C:\Users\madoc\OneDrive\Documents\Lodge&amp;Hotel\backend\src\SAFARIstack.Infrastructure\Data\ApplicationDbContext.cs(364,0): at SAFARIstack.Infrastructure.Data.ApplicationDbContext.SaveChangesAsync(CancellationToken cancellationToken)&#xD;
[xUnit.net 00:00:07.43]         C:\Users\madoc\OneDrive\Documents\Lodge&amp;Hotel\backend\src\SAFARIstack.Infrastructure\Services\GuestInboxService.cs(88,0): at SAFARIstack.Infrastructure.Services.GuestInboxService.ApproveAiReplyAsync(Guid messageId, Guid staffId)&#xD;
[xUnit.net 00:00:07.43]         C:\Users\madoc\OneDrive\Documents\Lodge&amp;Hotel\backend\tests\SAFARIstack.Tests.Unit\Services\EnterpriseServiceTests.cs(405,0): at SAFARIstack.Tests.Unit.Services.GuestInboxServiceTests.ApproveAiReplyAsync_SetsApprovedAndReplied()&#xD;
[xUnit.net 00:00:07.43]         --- End of stack trace from previous location ---&#xD;
[xUnit.net 00:00:07.44]       System.NullReferenceException : Object reference not set to an instance of an object.&#xD;
[xUnit.net 00:00:07.44]       Stack Trace:&#xD;
[xUnit.net 00:00:07.44]            at lambda_method2026(Closure, QueryContext)&#xD;
[xUnit.net 00:00:07.44]            at Microsoft.EntityFrameworkCore.Query.Internal.QueryCompiler.ExecuteCore[TResult](Expression query, Boolean async, CancellationToken cancellationToken)&#xD;
[xUnit.net 00:00:07.44]            at Microsoft.EntityFrameworkCore.Query.Internal.QueryCompiler.ExecuteAsync[TResult](Expression query, CancellationToken cancellationToken)&#xD;
[xUnit.net 00:00:07.44]            at Microsoft.EntityFrameworkCore.Query.Internal.EntityQueryProvider.ExecuteAsync[TResult](Expression expression, CancellationToken cancellationToken)&#xD;
[xUnit.net 00:00:07.44]            at Microsoft.EntityFrameworkCore.EntityFrameworkQueryableExtensions.ExecuteAsync[TSource,TResult](MethodInfo operatorMethodInfo, IQueryable`1 source, Expression expression, CancellationToken cancellationToken)&#xD;
[xUnit.net 00:00:07.44]            at Microsoft.EntityFrameworkCore.EntityFrameworkQueryableExtensions.ExecuteAsync[TSource,TResult](MethodInfo operatorMethodInfo, IQueryable`1 source, CancellationToken cancellationToken)&#xD;
[xUnit.net 00:00:07.44]            at Microsoft.EntityFrameworkCore.EntityFrameworkQueryableExtensions.FirstAsync[TSource](IQueryable`1 source, CancellationToken cancellationToken)&#xD;
[xUnit.net 00:00:07.44]         C:\Users\madoc\OneDrive\Documents\Lodge&amp;Hotel\backend\tests\SAFARIstack.Tests.Unit\Services\EnterpriseServiceTests.cs(431,0): at SAFARIstack.Tests.Unit.Services.GuestInboxServiceTests.ResolveConversationAsync_SetsResolvedStatus()&#xD;
[xUnit.net 00:00:07.44]         --- End of stack trace from previous location ---&#xD;
[xUnit.net 00:00:07.48]       System.NullReferenceException : Object reference not set to an instance of an object.&#xD;
[xUnit.net 00:00:07.48]       Stack Trace:&#xD;
[xUnit.net 00:00:07.48]            at lambda_method2044(Closure, QueryContext)&#xD;
[xUnit.net 00:00:07.48]            at Microsoft.EntityFrameworkCore.Query.Internal.QueryCompiler.ExecuteCore[TResult](Expression query, Boolean async, CancellationToken cancellationToken)&#xD;
[xUnit.net 00:00:07.48]            at Microsoft.EntityFrameworkCore.Query.Internal.QueryCompiler.ExecuteAsync[TResult](Expression query, CancellationToken cancellationToken)&#xD;
[xUnit.net 00:00:07.48]            at Microsoft.EntityFrameworkCore.Query.Internal.EntityQueryProvider.ExecuteAsync[TResult](Expression expression, CancellationToken cancellationToken)&#xD;
[xUnit.net 00:00:07.48]            at Microsoft.EntityFrameworkCore.Query.Internal.EntityQueryable`1.GetAsyncEnumerator(CancellationToken cancellationToken)&#xD;
[xUnit.net 00:00:07.48]            at System.Runtime.CompilerServices.ConfiguredCancelableAsyncEnumerable`1.GetAsyncEnumerator()&#xD;
[xUnit.net 00:00:07.48]            at Microsoft.EntityFrameworkCore.EntityFrameworkQueryableExtensions.ToListAsync[TSource](IQueryable`1 source, CancellationToken cancellationToken)&#xD;
[xUnit.net 00:00:07.48]         C:\Users\madoc\OneDrive\Documents\Lodge&amp;Hotel\backend\tests\SAFARIstack.Tests.Unit\Services\EnterpriseServiceTests.cs(326,0): at SAFARIstack.Tests.Unit.Services.GuestInboxServiceTests.ReceiveMessageAsync_CreatesMessageAndConversation()&#xD;
[xUnit.net 00:00:07.48]         --- End of stack trace from previous location ---&#xD;
[xUnit.net 00:00:07.49]       System.NullReferenceException : Object reference not set to an instance of an object.&#xD;
[xUnit.net 00:00:07.49]       Stack Trace:&#xD;
[xUnit.net 00:00:07.49]            at lambda_method2026(Closure, QueryContext)&#xD;
[xUnit.net 00:00:07.49]            at Microsoft.EntityFrameworkCore.Query.Internal.QueryCompiler.ExecuteCore[TResult](Expression query, Boolean async, CancellationToken cancellationToken)&#xD;
[xUnit.net 00:00:07.49]            at Microsoft.EntityFrameworkCore.Query.Internal.QueryCompiler.ExecuteAsync[TResult](Expression query, CancellationToken cancellationToken)&#xD;
[xUnit.net 00:00:07.49]            at Microsoft.EntityFrameworkCore.Query.Internal.EntityQueryProvider.ExecuteAsync[TResult](Expression expression, CancellationToken cancellationToken)&#xD;
[xUnit.net 00:00:07.49]            at Microsoft.EntityFrameworkCore.EntityFrameworkQueryableExtensions.ExecuteAsync[TSource,TResult](MethodInfo operatorMethodInfo, IQueryable`1 source, Expression expression, CancellationToken cancellationToken)&#xD;
[xUnit.net 00:00:07.50]            at Microsoft.EntityFrameworkCore.EntityFrameworkQueryableExtensions.ExecuteAsync[TSource,TResult](MethodInfo operatorMethodInfo, IQueryable`1 source, CancellationToken cancellationToken)&#xD;
[xUnit.net 00:00:07.50]            at Microsoft.EntityFrameworkCore.EntityFrameworkQueryableExtensions.FirstAsync[TSource](IQueryable`1 source, CancellationToken cancellationToken)&#xD;
[xUnit.net 00:00:07.50]         C:\Users\madoc\OneDrive\Documents\Lodge&amp;Hotel\backend\tests\SAFARIstack.Tests.Unit\Services\EnterpriseServiceTests.cs(416,0): at SAFARIstack.Tests.Unit.Services.GuestInboxServiceTests.AssignConversationAsync_SetsStaffId()&#xD;
[xUnit.net 00:00:07.50]         --- End of stack trace from previous location ---&#xD;
[xUnit.net 00:00:07.68]   Finished:    SAFARIstack.Tests.Unit&#xD;
</StdOut>
    </Output>
    <RunInfos>
      <RunInfo computerName="MADOC" outcome="Error" timestamp="2026-02-13T19:58:47.5406431+02:00">
        <Text>[xUnit.net 00:00:01.19]     SAFARIstack.Tests.Unit.Services.ReportFormatTests.GiftCard_GeneratePin_Format [FAIL]</Text>
      </RunInfo>
      <RunInfo computerName="MADOC" outcome="Error" timestamp="2026-02-13T19:58:52.9878125+02:00">
        <Text>[xUnit.net 00:00:06.64]     SAFARIstack.Tests.Unit.Services.AiConciergeServiceTests.HandleInquiryAsync_ClassifiesIntentCorrectly(question: "Can I change my booking dates?", expectedIntent: "Cancellation") [FAIL]</Text>
      </RunInfo>
      <RunInfo computerName="MADOC" outcome="Error" timestamp="2026-02-13T19:58:53.0085953+02:00">
        <Text>[xUnit.net 00:00:06.65]     SAFARIstack.Tests.Unit.Services.AiConciergeServiceTests.HandleInquiryAsync_ClassifiesIntentCorrectly(question: "What time does dinner start?", expectedIntent: "Restaurant") [FAIL]</Text>
      </RunInfo>
      <RunInfo computerName="MADOC" outcome="Error" timestamp="2026-02-13T19:58:53.8983787+02:00">
        <Text>[xUnit.net 00:00:06.95]     SAFARIstack.Tests.Unit.Services.ExperienceBookingServiceTests.CancelExperienceBookingAsync_CancelsSuccessfully [FAIL]</Text>
      </RunInfo>
      <RunInfo computerName="MADOC" outcome="Error" timestamp="2026-02-13T19:58:53.9388241+02:00">
        <Text>[xUnit.net 00:00:06.95]     SAFARIstack.Tests.Unit.Services.GiftCardServiceTests.CheckBalanceAsync_ValidCredentials_ReturnsBalance [FAIL]</Text>
      </RunInfo>
      <RunInfo computerName="MADOC" outcome="Error" timestamp="2026-02-13T19:58:53.9878800+02:00">
        <Text>[xUnit.net 00:00:06.96]     SAFARIstack.Tests.Unit.Services.AiConciergeServiceTests.HandleInquiryAsync_RecordsInteractionInDatabase [FAIL]</Text>
      </RunInfo>
      <RunInfo computerName="MADOC" outcome="Error" timestamp="2026-02-13T19:58:54.0102122+02:00">
        <Text>[xUnit.net 00:00:06.97]     SAFARIstack.Tests.Unit.Services.UpsellEngineTests.PurchaseUpsellAsync_ValidOffer_ReturnsSuccess [FAIL]</Text>
      </RunInfo>
      <RunInfo computerName="MADOC" outcome="Error" timestamp="2026-02-13T19:58:54.1559975+02:00">
        <Text>[xUnit.net 00:00:06.99]     SAFARIstack.Tests.Unit.Services.GiftCardServiceTests.CreateGiftCardAsync_PersistsToDatabase [FAIL]</Text>
      </RunInfo>
      <RunInfo computerName="MADOC" outcome="Error" timestamp="2026-02-13T19:58:54.1562959+02:00">
        <Text>[xUnit.net 00:00:07.11]     SAFARIstack.Tests.Unit.Services.GiftCardServiceTests.GetGiftCardsByPropertyAsync_ReturnsOnlyPropertyCards [FAIL]</Text>
      </RunInfo>
      <RunInfo computerName="MADOC" outcome="Error" timestamp="2026-02-13T19:58:54.1565809+02:00">
        <Text>[xUnit.net 00:00:07.11]     SAFARIstack.Tests.Unit.Services.AiConciergeServiceTests.GetAiAnalyticsAsync_EmptyPeriod_ReturnsZeroCounts [FAIL]</Text>
      </RunInfo>
      <RunInfo computerName="MADOC" outcome="Error" timestamp="2026-02-13T19:58:54.1569324+02:00">
        <Text>[xUnit.net 00:00:07.16]     SAFARIstack.Tests.Unit.Services.UpsellEngineTests.GetUpsellAnalyticsAsync_EmptyData_ReturnsZeros [FAIL]</Text>
      </RunInfo>
      <RunInfo computerName="MADOC" outcome="Error" timestamp="2026-02-13T19:58:54.1713060+02:00">
        <Text>[xUnit.net 00:00:07.18]     SAFARIstack.Tests.Unit.Services.UpsellEngineTests.PurchaseUpsellAsync_NonExistentOffer_ReturnsError [FAIL]</Text>
      </RunInfo>
      <RunInfo computerName="MADOC" outcome="Error" timestamp="2026-02-13T19:58:54.1718797+02:00">
        <Text>[xUnit.net 00:00:07.19]     SAFARIstack.Tests.Unit.Services.GiftCardServiceTests.VoidGiftCardAsync_MarksCardAsVoided [FAIL]</Text>
      </RunInfo>
      <RunInfo computerName="MADOC" outcome="Error" timestamp="2026-02-13T19:58:54.1722015+02:00">
        <Text>[xUnit.net 00:00:07.20]     SAFARIstack.Tests.Unit.Services.UpsellEngineTests.PurchaseUpsellAsync_ExceedsInventory_ReturnsError [FAIL]</Text>
      </RunInfo>
      <RunInfo computerName="MADOC" outcome="Error" timestamp="2026-02-13T19:58:54.1725022+02:00">
        <Text>[xUnit.net 00:00:07.21]     SAFARIstack.Tests.Unit.Services.AiConciergeServiceTests.GetImprovementSuggestionsAsync_NoData_ReturnsEmpty [FAIL]</Text>
      </RunInfo>
      <RunInfo computerName="MADOC" outcome="Error" timestamp="2026-02-13T19:58:54.1920818+02:00">
        <Text>[xUnit.net 00:00:07.22]     SAFARIstack.Tests.Unit.Services.ExperienceBookingServiceTests.GetExperienceAnalyticsAsync_EmptyData_ReturnsZeros [FAIL]</Text>
      </RunInfo>
      <RunInfo computerName="MADOC" outcome="Error" timestamp="2026-02-13T19:58:54.2011609+02:00">
        <Text>[xUnit.net 00:00:07.22]     SAFARIstack.Tests.Unit.Services.GuestInboxServiceTests.GetConversationsAsync_ReturnsPropertyConversations [FAIL]</Text>
      </RunInfo>
      <RunInfo computerName="MADOC" outcome="Error" timestamp="2026-02-13T19:58:54.2019673+02:00">
        <Text>[xUnit.net 00:00:07.28]     SAFARIstack.Tests.Unit.Services.ExperienceBookingServiceTests.GetExperienceAnalyticsAsync_WithBookings_AggregatesCorrectly [FAIL]</Text>
      </RunInfo>
      <RunInfo computerName="MADOC" outcome="Error" timestamp="2026-02-13T19:58:54.2054174+02:00">
        <Text>[xUnit.net 00:00:07.29]     SAFARIstack.Tests.Unit.Services.AiConciergeServiceTests.GetImprovementSuggestionsAsync_WithLowConfidence_SuggestsImprovement [FAIL]</Text>
      </RunInfo>
      <RunInfo computerName="MADOC" outcome="Error" timestamp="2026-02-13T19:58:54.2065804+02:00">
        <Text>[xUnit.net 00:00:07.30]     SAFARIstack.Tests.Unit.Services.ExperienceBookingServiceTests.BookExperienceAsync_NonExistent_ReturnsError [FAIL]</Text>
      </RunInfo>
      <RunInfo computerName="MADOC" outcome="Error" timestamp="2026-02-13T19:58:54.2069711+02:00">
        <Text>[xUnit.net 00:00:07.30]     SAFARIstack.Tests.Unit.Services.AiConciergeServiceTests.GetAiAnalyticsAsync_WithData_CalculatesCorrectly [FAIL]</Text>
      </RunInfo>
      <RunInfo computerName="MADOC" outcome="Error" timestamp="2026-02-13T19:58:54.2082657+02:00">
        <Text>[xUnit.net 00:00:07.31]     SAFARIstack.Tests.Unit.Services.ExperienceBookingServiceTests.BookExperienceAsync_ThirdParty_CalculatesCommission [FAIL]</Text>
      </RunInfo>
      <RunInfo computerName="MADOC" outcome="Error" timestamp="2026-02-13T19:58:54.2411624+02:00">
        <Text>[xUnit.net 00:00:07.35]     SAFARIstack.Tests.Unit.Services.ExperienceBookingServiceTests.BookExperienceAsync_FlatPrice_IgnoresParticipantCount [FAIL]</Text>
      </RunInfo>
      <RunInfo computerName="MADOC" outcome="Error" timestamp="2026-02-13T19:58:54.2435341+02:00">
        <Text>[xUnit.net 00:00:07.36]     SAFARIstack.Tests.Unit.Services.ExperienceBookingServiceTests.RecordFeedbackAsync_SavesScoreAndNotes [FAIL]</Text>
      </RunInfo>
      <RunInfo computerName="MADOC" outcome="Error" timestamp="2026-02-13T19:58:54.2439686+02:00">
        <Text>[xUnit.net 00:00:07.36]     SAFARIstack.Tests.Unit.Services.GuestInboxServiceTests.SendReplyAsync_UpdatesMessageStatus [FAIL]</Text>
      </RunInfo>
      <RunInfo computerName="MADOC" outcome="Error" timestamp="2026-02-13T19:58:54.2449374+02:00">
        <Text>[xUnit.net 00:00:07.36]     SAFARIstack.Tests.Unit.Services.ExperienceBookingServiceTests.BookExperienceAsync_ValidRequest_CreatesBooking [FAIL]</Text>
      </RunInfo>
      <RunInfo computerName="MADOC" outcome="Error" timestamp="2026-02-13T19:58:54.2477325+02:00">
        <Text>[xUnit.net 00:00:07.37]     SAFARIstack.Tests.Unit.Services.GuestInboxServiceTests.ReceiveMessageAsync_SameGuest_ReusesConversation [FAIL]</Text>
      </RunInfo>
      <RunInfo computerName="MADOC" outcome="Error" timestamp="2026-02-13T19:58:54.2537935+02:00">
        <Text>[xUnit.net 00:00:07.37]     SAFARIstack.Tests.Unit.Services.GiftCardServiceTests.VoidGiftCardAsync_NonExistentCard_Throws [FAIL]</Text>
      </RunInfo>
      <RunInfo computerName="MADOC" outcome="Error" timestamp="2026-02-13T19:58:54.2542503+02:00">
        <Text>[xUnit.net 00:00:07.38]     SAFARIstack.Tests.Unit.Services.GuestInboxServiceTests.ApproveAiReplyAsync_SetsApprovedAndReplied [FAIL]</Text>
      </RunInfo>
      <RunInfo computerName="MADOC" outcome="Error" timestamp="2026-02-13T19:58:54.2546436+02:00">
        <Text>[xUnit.net 00:00:07.44]     SAFARIstack.Tests.Unit.Services.GuestInboxServiceTests.ResolveConversationAsync_SetsResolvedStatus [FAIL]</Text>
      </RunInfo>
      <RunInfo computerName="MADOC" outcome="Error" timestamp="2026-02-13T19:58:54.2759682+02:00">
        <Text>[xUnit.net 00:00:07.48]     SAFARIstack.Tests.Unit.Services.GuestInboxServiceTests.ReceiveMessageAsync_CreatesMessageAndConversation [FAIL]</Text>
      </RunInfo>
      <RunInfo computerName="MADOC" outcome="Error" timestamp="2026-02-13T19:58:54.2764541+02:00">
        <Text>[xUnit.net 00:00:07.49]     SAFARIstack.Tests.Unit.Services.GuestInboxServiceTests.AssignConversationAsync_SetsStaffId [FAIL]</Text>
      </RunInfo>
    </RunInfos>
  </ResultSummary>
</TestRun>