<?xml version="1.0" encoding="utf-8"?>
<TestRun id="eda879cc-fd83-4acb-bb20-510d7d4a2276" name="madoc@MADOC 2026-02-13 21:38:02" runUser="MADOC\madoc" xmlns="http://microsoft.com/schemas/VisualStudio/TeamTest/2010">
  <Times creation="2026-02-13T21:38:02.6543408+02:00" queuing="2026-02-13T21:38:02.6543414+02:00" start="2026-02-13T21:37:58.6516440+02:00" finish="2026-02-13T21:38:10.9496832+02:00" />
  <TestSettings name="default" id="28d3d392-8448-40a0-969b-703e1cfa4f77">
    <Deployment runDeploymentRoot="madoc_MADOC_2026-02-13_21_38_02" />
  </TestSettings>
  <Results>
    <UnitTestResult executionId="b285c917-2d02-4d91-9929-0b32f4448bfd" testId="1f30be67-5d5a-13f5-d4fe-083e173fbc62" testName="SAFARIstack.Tests.Unit.Domain.EnterpriseEntityTests.DigitalCheckIn_MobileKey_Provisioning" computerName="MADOC" duration="00:00:00.0093791" startTime="2026-02-13T21:38:02.7532805+02:00" endTime="2026-02-13T21:38:02.7532806+02:00" testType="13cdc9d9-ddb5-4fa4-a97d-d965ccfc6d4b" outcome="Passed" testListId="8c84fa94-04c1-424b-9868-57a2d4851a1d" relativeResultsDirectory="b285c917-2d02-4d91-9929-0b32f4448bfd" />
    <UnitTestResult executionId="6fa4cce1-d325-4c48-81fe-35d70c493abc" testId="996d929e-2f28-32dd-42b4-3fec20e6832d" testName="SAFARIstack.Tests.Unit.Domain.FolioTests.Create_RaisesFolioCreatedEvent" computerName="MADOC" duration="00:00:00.0005076" startTime="2026-02-13T21:38:02.8976207+02:00" endTime="2026-02-13T21:38:02.8976208+02:00" testType="13cdc9d9-ddb5-4fa4-a97d-d965ccfc6d4b" outcome="Passed" testListId="8c84fa94-04c1-424b-9868-57a2d4851a1d" relativeResultsDirectory="6fa4cce1-d325-4c48-81fe-35d70c493abc" />
    <UnitTestResult executionId="cf173bd0-2190-46fc-8681-9725dc4c6825" testId="8ffc72cf-d0e2-91c6-3841-4049edb66e2b" testName="SAFARIstack.Tests.Unit.Domain.PropertySettingsTests.UpdateOperationalSettings_InvalidTourismLevyRate_Throws(rate: -0,01)" computerName="MADOC" duration="00:00:00.0120400" startTime="2026-02-13T21:38:02.9630631+02:00" endTime="2026-02-13T21:38:02.9630636+02:00" testType="13cdc9d9-ddb5-4fa4-a97d-d965ccfc6d4b" outcome="Passed" testListId="8c84fa94-04c1-424b-9868-57a2d4851a1d" relativeResultsDirectory="cf173bd0-2190-46fc-8681-9725dc4c6825" />
    <UnitTestResult executionId="5f5a85e4-4286-4c92-b1b4-8a3b476e9215" testId="2ab51143-f92c-dffc-64a6-01ba79ac9ca8" testName="SAFARIstack.Tests.Unit.Validators.RecordPaymentRequestValidatorTests.ExcessiveAmount_Fails" computerName="MADOC" duration="00:00:00.0014775" startTime="2026-02-13T21:38:02.8499589+02:00" endTime="2026-02-13T21:38:02.8499593+02:00" testType="13cdc9d9-ddb5-4fa4-a97d-d965ccfc6d4b" outcome="Passed" testListId="8c84fa94-04c1-424b-9868-57a2d4851a1d" relativeResultsDirectory="5f5a85e4-4286-4c92-b1b4-8a3b476e9215" />
    <UnitTestResult executionId="a976cc0a-f19e-4c26-bb64-186777d65853" testId="4e909409-54a3-01ec-6173-1598904ed524" testName="SAFARIstack.Tests.Unit.Domain.MerchantConfigurationTests.Create_AllProviderTypes_Succeeds(type: Peach)" computerName="MADOC" duration="00:00:00.0004085" startTime="2026-02-13T21:38:02.4954492+02:00" endTime="2026-02-13T21:38:02.4954494+02:00" testType="13cdc9d9-ddb5-4fa4-a97d-d965ccfc6d4b" outcome="Passed" testListId="8c84fa94-04c1-424b-9868-57a2d4851a1d" relativeResultsDirectory="a976cc0a-f19e-4c26-bb64-186777d65853" />
    <UnitTestResult executionId="8135ef86-6b02-401a-ad57-8d150cb39e62" testId="4bf02f9a-fa3f-894a-bc19-cd61016dad7f" testName="SAFARIstack.Tests.Unit.ValueObjects.MoneyTests.CalculateVAT_BoundaryAmounts_NoException(amount: 0,01)" computerName="MADOC" duration="00:00:00.0004003" startTime="2026-02-13T21:38:02.5128776+02:00" endTime="2026-02-13T21:38:02.5128778+02:00" testType="13cdc9d9-ddb5-4fa4-a97d-d965ccfc6d4b" outcome="Passed" testListId="8c84fa94-04c1-424b-9868-57a2d4851a1d" relativeResultsDirectory="8135ef86-6b02-401a-ad57-8d150cb39e62" />
    <UnitTestResult executionId="356b7a0f-48af-40b9-a702-aee948b92bb2" testId="f67fa816-474f-2f0e-16e8-7f20dc204ff5" testName="SAFARIstack.Tests.Unit.Domain.RfidReaderTests.Create_SetsAllProperties" computerName="MADOC" duration="00:00:00.0024239" startTime="2026-02-13T21:38:02.9023495+02:00" endTime="2026-02-13T21:38:02.9023496+02:00" testType="13cdc9d9-ddb5-4fa4-a97d-d965ccfc6d4b" outcome="Passed" testListId="8c84fa94-04c1-424b-9868-57a2d4851a1d" relativeResultsDirectory="356b7a0f-48af-40b9-a702-aee948b92bb2" />
    <UnitTestResult executionId="3703c125-2159-4856-a22a-37e28712d8ce" testId="be9f80d0-8cfb-273f-d851-388d2174eb51" testName="SAFARIstack.Tests.Unit.Base.EnumerationTests.FromName_InvalidName_Throws" computerName="MADOC" duration="00:00:00.0011454" startTime="2026-02-13T21:38:02.8655806+02:00" endTime="2026-02-13T21:38:02.8655807+02:00" testType="13cdc9d9-ddb5-4fa4-a97d-d965ccfc6d4b" outcome="Passed" testListId="8c84fa94-04c1-424b-9868-57a2d4851a1d" relativeResultsDirectory="3703c125-2159-4856-a22a-37e28712d8ce" />
    <UnitTestResult executionId="8bdfadfb-08f2-40b1-96d4-c4dcbf56f9e2" testId="9f16341e-b052-652e-dd17-f9a73fe0b744" testName="SAFARIstack.Tests.Unit.Services.ReportFormatTests.GiftCard_GenerateCardNumber_Format" computerName="MADOC" duration="00:00:00.0031985" startTime="2026-02-13T21:38:02.8006178+02:00" endTime="2026-02-13T21:38:02.8006180+02:00" testType="13cdc9d9-ddb5-4fa4-a97d-d965ccfc6d4b" outcome="Passed" testListId="8c84fa94-04c1-424b-9868-57a2d4851a1d" relativeResultsDirectory="8bdfadfb-08f2-40b1-96d4-c4dcbf56f9e2" />
    <UnitTestResult executionId="791358bd-f846-494e-aa85-4d24d6647853" testId="5db04074-7a94-279f-949d-345a47ceba9b" testName="SAFARIstack.Tests.Unit.Services.AiConciergeServiceTests.HandleInquiryAsync_ClassifiesIntentCorrectly(question: &quot;What is the WiFi password?&quot;, expectedIntent: &quot;WiFi&quot;)" computerName="MADOC" duration="00:00:00.0017187" startTime="2026-02-13T21:38:09.2996561+02:00" endTime="2026-02-13T21:38:09.2996564+02:00" testType="13cdc9d9-ddb5-4fa4-a97d-d965ccfc6d4b" outcome="Passed" testListId="8c84fa94-04c1-424b-9868-57a2d4851a1d" relativeResultsDirectory="791358bd-f846-494e-aa85-4d24d6647853" />
    <UnitTestResult executionId="4a6f22d5-ac65-4ff7-b80c-ebc94d19140b" testId="c378ece5-3366-96c7-b921-d027ea17ff79" testName="SAFARIstack.Tests.Unit.ValueObjects.DateRangeTests.Overlaps_TouchingBoundary_ReturnsTrue" computerName="MADOC" duration="00:00:00.0003642" startTime="2026-02-13T21:38:02.9163354+02:00" endTime="2026-02-13T21:38:02.9163357+02:00" testType="13cdc9d9-ddb5-4fa4-a97d-d965ccfc6d4b" outcome="Passed" testListId="8c84fa94-04c1-424b-9868-57a2d4851a1d" relativeResultsDirectory="4a6f22d5-ac65-4ff7-b80c-ebc94d19140b" />
    <UnitTestResult executionId="d48cbc52-2d3f-47bd-b4da-367c423c2405" testId="dc407682-bc6d-5416-ed94-f9ec0d86a5cd" testName="SAFARIstack.Tests.Unit.Domain.RoomTests.MarkClean_SetsHkStatusAndLastCleaned" computerName="MADOC" duration="00:00:00.0015194" startTime="2026-02-13T21:38:02.7966804+02:00" endTime="2026-02-13T21:38:02.7966805+02:00" testType="13cdc9d9-ddb5-4fa4-a97d-d965ccfc6d4b" outcome="Passed" testListId="8c84fa94-04c1-424b-9868-57a2d4851a1d" relativeResultsDirectory="d48cbc52-2d3f-47bd-b4da-367c423c2405" />
    <UnitTestResult executionId="f9da87b1-15ac-4115-8651-fd34d4c57bf1" testId="970d395f-1bbd-bcfd-8760-bea3b6f5334a" testName="SAFARIstack.Tests.Unit.Domain.MerchantConfigurationTests.SetAdditionalConfig_SetsJson" computerName="MADOC" duration="00:00:00.0007450" startTime="2026-02-13T21:38:02.5006319+02:00" endTime="2026-02-13T21:38:02.5006320+02:00" testType="13cdc9d9-ddb5-4fa4-a97d-d965ccfc6d4b" outcome="Passed" testListId="8c84fa94-04c1-424b-9868-57a2d4851a1d" relativeResultsDirectory="f9da87b1-15ac-4115-8651-fd34d4c57bf1" />
    <UnitTestResult executionId="fc8e62a7-c073-4d48-be39-1eef99a174a5" testId="a692a179-bc3d-f21a-9931-2feca120ca2d" testName="SAFARIstack.Tests.Unit.Domain.MerchantConfigurationTests.Create_AllProviderTypes_Succeeds(type: Yoco)" computerName="MADOC" duration="00:00:00.0000149" startTime="2026-02-13T21:38:02.4971313+02:00" endTime="2026-02-13T21:38:02.4971314+02:00" testType="13cdc9d9-ddb5-4fa4-a97d-d965ccfc6d4b" outcome="Passed" testListId="8c84fa94-04c1-424b-9868-57a2d4851a1d" relativeResultsDirectory="fc8e62a7-c073-4d48-be39-1eef99a174a5" />
    <UnitTestResult executionId="792297c0-3163-46c7-bbd1-ffb2b3e4166e" testId="b942cb5c-1d6a-a8de-f499-192c728ac35f" testName="SAFARIstack.Tests.Unit.Domain.ApplicationUserTests.IsRefreshTokenValid_ExpiredToken_ReturnsFalse" computerName="MADOC" duration="00:00:00.0144737" startTime="2026-02-13T21:38:02.5294944+02:00" endTime="2026-02-13T21:38:02.5294946+02:00" testType="13cdc9d9-ddb5-4fa4-a97d-d965ccfc6d4b" outcome="Passed" testListId="8c84fa94-04c1-424b-9868-57a2d4851a1d" relativeResultsDirectory="792297c0-3163-46c7-bbd1-ffb2b3e4166e" />
    <UnitTestResult executionId="6874aa9f-e8c6-4e48-a27c-1e84e7e32293" testId="7783df67-e954-f1e1-4722-a9020e7ea9ec" testName="SAFARIstack.Tests.Unit.Services.MultiPropertyServiceTests.GetPropertyComparisonAsync_NonExistentGroup_Throws" computerName="MADOC" duration="00:00:00.0394335" startTime="2026-02-13T21:38:09.8328656+02:00" endTime="2026-02-13T21:38:09.8328666+02:00" testType="13cdc9d9-ddb5-4fa4-a97d-d965ccfc6d4b" outcome="Passed" testListId="8c84fa94-04c1-424b-9868-57a2d4851a1d" relativeResultsDirectory="6874aa9f-e8c6-4e48-a27c-1e84e7e32293" />
    <UnitTestResult executionId="b79c8ad6-642c-4f43-b270-7b4b5703808a" testId="e5598327-ed24-3650-7224-5d6e6c3b1b5f" testName="SAFARIstack.Tests.Unit.Validators.AddChargeRequestValidatorTests.ZeroQuantity_Fails" computerName="MADOC" duration="00:00:00.0034490" startTime="2026-02-13T21:38:02.7760283+02:00" endTime="2026-02-13T21:38:02.7760287+02:00" testType="13cdc9d9-ddb5-4fa4-a97d-d965ccfc6d4b" outcome="Passed" testListId="8c84fa94-04c1-424b-9868-57a2d4851a1d" relativeResultsDirectory="b79c8ad6-642c-4f43-b270-7b4b5703808a" />
    <UnitTestResult executionId="8c53ea25-c09e-42b6-a5a9-65b4a842bc3c" testId="160f9c8c-2413-6a1a-9f92-6b35f1583f81" testName="SAFARIstack.Tests.Unit.ValueObjects.MoneyTests.Create_RoundsAwayFromZero" computerName="MADOC" duration="00:00:00.0003319" startTime="2026-02-13T21:38:02.5000798+02:00" endTime="2026-02-13T21:38:02.5000800+02:00" testType="13cdc9d9-ddb5-4fa4-a97d-d965ccfc6d4b" outcome="Passed" testListId="8c84fa94-04c1-424b-9868-57a2d4851a1d" relativeResultsDirectory="8c53ea25-c09e-42b6-a5a9-65b4a842bc3c" />
    <UnitTestResult executionId="edc6da72-e887-472d-98e1-935465cd70c8" testId="048baa79-79ba-16fe-ad39-b638f67ff929" testName="SAFARIstack.Tests.Unit.Domain.BookingTests.OutstandingAmount_Calculated_Correctly" computerName="MADOC" duration="00:00:00.0008247" startTime="2026-02-13T21:38:02.8840104+02:00" endTime="2026-02-13T21:38:02.8840105+02:00" testType="13cdc9d9-ddb5-4fa4-a97d-d965ccfc6d4b" outcome="Passed" testListId="8c84fa94-04c1-424b-9868-57a2d4851a1d" relativeResultsDirectory="edc6da72-e887-472d-98e1-935465cd70c8" />
    <UnitTestResult executionId="45469bbf-2490-4ebd-aaa6-94a0f75dfeb2" testId="71554141-b857-7286-6d1c-0dfedf5fadb8" testName="SAFARIstack.Tests.Unit.Domain.EnterpriseEntityTests.UpsellOffer_Purchase_ThrowsWhenInsufficientInventory" computerName="MADOC" duration="00:00:00.0028828" startTime="2026-02-13T21:38:02.7507619+02:00" endTime="2026-02-13T21:38:02.7507621+02:00" testType="13cdc9d9-ddb5-4fa4-a97d-d965ccfc6d4b" outcome="Passed" testListId="8c84fa94-04c1-424b-9868-57a2d4851a1d" relativeResultsDirectory="45469bbf-2490-4ebd-aaa6-94a0f75dfeb2" />
    <UnitTestResult executionId="69711639-ea4d-42a8-961e-4238e8506313" testId="d3e01a3c-c134-428e-57a3-14f3c1265131" testName="SAFARIstack.Tests.Unit.Services.UpsellEngineTests.PurchaseUpsellAsync_ValidOffer_ReturnsSuccessOrInventoryError" computerName="MADOC" duration="00:00:00.2016149" startTime="2026-02-13T21:38:10.1173482+02:00" endTime="2026-02-13T21:38:10.1173486+02:00" testType="13cdc9d9-ddb5-4fa4-a97d-d965ccfc6d4b" outcome="Passed" testListId="8c84fa94-04c1-424b-9868-57a2d4851a1d" relativeResultsDirectory="69711639-ea4d-42a8-961e-4238e8506313" />
    <UnitTestResult executionId="46a15b1a-a42c-4090-890c-d27ffa3ee1b7" testId="7f2e47ab-1fec-5aa3-464f-f7cd2d073779" testName="SAFARIstack.Tests.Unit.Validators.LoginRequestValidatorTests.EmptyEmail_Fails" computerName="MADOC" duration="00:00:00.0010884" startTime="2026-02-13T21:38:02.7413428+02:00" endTime="2026-02-13T21:38:02.7413436+02:00" testType="13cdc9d9-ddb5-4fa4-a97d-d965ccfc6d4b" outcome="Passed" testListId="8c84fa94-04c1-424b-9868-57a2d4851a1d" relativeResultsDirectory="46a15b1a-a42c-4090-890c-d27ffa3ee1b7" />
    <UnitTestResult executionId="3b1d3455-0ef4-40c7-986e-e1ea1387d1e1" testId="3845301b-93cc-c70d-0fe8-1b963939a9a0" testName="SAFARIstack.Tests.Unit.ValueObjects.DateRangeTests.Equality_SameRange_AreEqual" computerName="MADOC" duration="00:00:00.0111777" startTime="2026-02-13T21:38:02.9167313+02:00" endTime="2026-02-13T21:38:02.9167314+02:00" testType="13cdc9d9-ddb5-4fa4-a97d-d965ccfc6d4b" outcome="Passed" testListId="8c84fa94-04c1-424b-9868-57a2d4851a1d" relativeResultsDirectory="3b1d3455-0ef4-40c7-986e-e1ea1387d1e1" />
    <UnitTestResult executionId="193ede71-8ec8-4082-a7a8-bf310d6e6f87" testId="7cca12f5-958d-9e76-4ce1-952600e4cf14" testName="SAFARIstack.Tests.Unit.Domain.RatePlanTests.SetRestrictions_SetsAllFields" computerName="MADOC" duration="00:00:00.0015892" startTime="2026-02-13T21:38:02.8683765+02:00" endTime="2026-02-13T21:38:02.8683768+02:00" testType="13cdc9d9-ddb5-4fa4-a97d-d965ccfc6d4b" outcome="Passed" testListId="8c84fa94-04c1-424b-9868-57a2d4851a1d" relativeResultsDirectory="193ede71-8ec8-4082-a7a8-bf310d6e6f87" />
    <UnitTestResult executionId="187ac7a0-40f7-4954-9b1a-8b52f1c0271e" testId="87aaf768-b5fd-b69a-1e66-c7b91e845a1a" testName="SAFARIstack.Tests.Unit.Domain.RateTests.UpdateAmount_NegativeAmount_Throws" computerName="MADOC" duration="00:00:00.0181704" startTime="2026-02-13T21:38:02.8823638+02:00" endTime="2026-02-13T21:38:02.8823639+02:00" testType="13cdc9d9-ddb5-4fa4-a97d-d965ccfc6d4b" outcome="Passed" testListId="8c84fa94-04c1-424b-9868-57a2d4851a1d" relativeResultsDirectory="187ac7a0-40f7-4954-9b1a-8b52f1c0271e" />
    <UnitTestResult executionId="55e17086-2488-4adb-9019-f445061b7e60" testId="1ac983dc-80ea-a900-7294-01e30f8a8636" testName="SAFARIstack.Tests.Unit.Domain.RatePlanTests.AddRate_IncreasesRates" computerName="MADOC" duration="00:00:00.0029423" startTime="2026-02-13T21:38:02.8687671+02:00" endTime="2026-02-13T21:38:02.8687672+02:00" testType="13cdc9d9-ddb5-4fa4-a97d-d965ccfc6d4b" outcome="Passed" testListId="8c84fa94-04c1-424b-9868-57a2d4851a1d" relativeResultsDirectory="55e17086-2488-4adb-9019-f445061b7e60" />
    <UnitTestResult executionId="70108609-ee95-4560-9b90-55c562d603fe" testId="45e6bbdb-b086-10e1-74df-c0536e941724" testName="SAFARIstack.Tests.Unit.Domain.RfidCardTests.Deactivate_SetsStatusAndNotes" computerName="MADOC" duration="00:00:00.0042502" startTime="2026-02-13T21:38:02.7424174+02:00" endTime="2026-02-13T21:38:02.7424175+02:00" testType="13cdc9d9-ddb5-4fa4-a97d-d965ccfc6d4b" outcome="Passed" testListId="8c84fa94-04c1-424b-9868-57a2d4851a1d" relativeResultsDirectory="70108609-ee95-4560-9b90-55c562d603fe" />
    <UnitTestResult executionId="2c78efac-3514-4b63-8227-84b522f107f0" testId="23ea06ab-d152-e434-aaac-d771fc613acd" testName="SAFARIstack.Tests.Unit.Domain.EmailTemplateTests.Deactivate_SetsIsActiveFalse" computerName="MADOC" duration="00:00:00.0003490" startTime="2026-02-13T21:38:02.7830600+02:00" endTime="2026-02-13T21:38:02.7830602+02:00" testType="13cdc9d9-ddb5-4fa4-a97d-d965ccfc6d4b" outcome="Passed" testListId="8c84fa94-04c1-424b-9868-57a2d4851a1d" relativeResultsDirectory="2c78efac-3514-4b63-8227-84b522f107f0" />
    <UnitTestResult executionId="907aa6ab-3357-4af1-b741-5cb6fca351ae" testId="97bade63-5f09-040a-98b1-86552421746e" testName="SAFARIstack.Tests.Unit.Validators.CreateRoomRequestValidatorTests.EmptyRoomNumber_Fails" computerName="MADOC" duration="00:00:00.0009649" startTime="2026-02-13T21:38:02.7469959+02:00" endTime="2026-02-13T21:38:02.7469962+02:00" testType="13cdc9d9-ddb5-4fa4-a97d-d965ccfc6d4b" outcome="Passed" testListId="8c84fa94-04c1-424b-9868-57a2d4851a1d" relativeResultsDirectory="907aa6ab-3357-4af1-b741-5cb6fca351ae" />
    <UnitTestResult executionId="ae410d87-aef4-40ae-a26a-3e608a63e288" testId="40a2a2c6-bc9c-2f0a-3248-276b32bbfbf3" testName="SAFARIstack.Tests.Unit.Domain.ApplicationUserTests.IsRefreshTokenValid_WrongToken_ReturnsFalse" computerName="MADOC" duration="00:00:00.0003232" startTime="2026-02-13T21:38:02.6456988+02:00" endTime="2026-02-13T21:38:02.6456989+02:00" testType="13cdc9d9-ddb5-4fa4-a97d-d965ccfc6d4b" outcome="Passed" testListId="8c84fa94-04c1-424b-9868-57a2d4851a1d" relativeResultsDirectory="ae410d87-aef4-40ae-a26a-3e608a63e288" />
    <UnitTestResult executionId="f85b0f96-1f61-4b06-a489-cd453912e4e5" testId="e4433ea4-0ae8-b4b1-4585-64e1d7282b1c" testName="SAFARIstack.Tests.Unit.Domain.BookingTests.Create_ValidInput_SetsAllProperties" computerName="MADOC" duration="00:00:00.0021865" startTime="2026-02-13T21:38:02.8810251+02:00" endTime="2026-02-13T21:38:02.8810252+02:00" testType="13cdc9d9-ddb5-4fa4-a97d-d965ccfc6d4b" outcome="Passed" testListId="8c84fa94-04c1-424b-9868-57a2d4851a1d" relativeResultsDirectory="f85b0f96-1f61-4b06-a489-cd453912e4e5" />
    <UnitTestResult executionId="2cf8dcb3-487a-4115-9725-b85c0a9eb8e4" testId="8758393a-a177-86e3-2d82-cd783510510a" testName="SAFARIstack.Tests.Unit.Domain.BookingTests.CheckIn_FromInvalidStatus_Throws(status: CheckedOut)" computerName="MADOC" duration="00:00:00.0008736" startTime="2026-02-13T21:38:02.8786956+02:00" endTime="2026-02-13T21:38:02.8786957+02:00" testType="13cdc9d9-ddb5-4fa4-a97d-d965ccfc6d4b" outcome="Passed" testListId="8c84fa94-04c1-424b-9868-57a2d4851a1d" relativeResultsDirectory="2cf8dcb3-487a-4115-9725-b85c0a9eb8e4" />
    <UnitTestResult executionId="c6717ec9-a366-4ac8-85ba-6df105800a3b" testId="8cdb091b-e79a-23ab-f896-3f7a7e493aea" testName="SAFARIstack.Tests.Unit.Domain.GuestTests.Blacklist_SetsBlacklistFlagsAndRaisesEvent" computerName="MADOC" duration="00:00:00.0007279" startTime="2026-02-13T21:38:02.8633010+02:00" endTime="2026-02-13T21:38:02.8633011+02:00" testType="13cdc9d9-ddb5-4fa4-a97d-d965ccfc6d4b" outcome="Passed" testListId="8c84fa94-04c1-424b-9868-57a2d4851a1d" relativeResultsDirectory="c6717ec9-a366-4ac8-85ba-6df105800a3b" />
    <UnitTestResult executionId="12a330e2-50df-44d2-998b-797d7f8901c0" testId="1a8b8806-ce7d-b468-eaa3-f6a6f0d4dc35" testName="SAFARIstack.Tests.Unit.Domain.BookingTests.RecordPayment_RaisesEvent" computerName="MADOC" duration="00:00:00.0015533" startTime="2026-02-13T21:38:02.8764974+02:00" endTime="2026-02-13T21:38:02.8764975+02:00" testType="13cdc9d9-ddb5-4fa4-a97d-d965ccfc6d4b" outcome="Passed" testListId="8c84fa94-04c1-424b-9868-57a2d4851a1d" relativeResultsDirectory="12a330e2-50df-44d2-998b-797d7f8901c0" />
    <UnitTestResult executionId="d0d4f83e-040f-43b4-94d9-2548c28b1ee3" testId="7aee0bfe-3db9-3c30-d5c0-20de2c8ed0c2" testName="SAFARIstack.Tests.Unit.Domain.EnterpriseEntityTests.GuestConversation_Lifecycle" computerName="MADOC" duration="00:00:00.0050209" startTime="2026-02-13T21:38:02.7480871+02:00" endTime="2026-02-13T21:38:02.7480872+02:00" testType="13cdc9d9-ddb5-4fa4-a97d-d965ccfc6d4b" outcome="Passed" testListId="8c84fa94-04c1-424b-9868-57a2d4851a1d" relativeResultsDirectory="d0d4f83e-040f-43b4-94d9-2548c28b1ee3" />
    <UnitTestResult executionId="ec1ef436-280f-4af8-8b87-c7a17c9c3310" testId="797088fa-5a66-5388-6859-0016d32c5cfd" testName="SAFARIstack.Tests.Unit.Domain.SeasonTests.CoversDate_ReturnExpectedResult(year: 2026, month: 7, day: 1, expected: False)" computerName="MADOC" duration="00:00:00.0000546" startTime="2026-02-13T21:38:02.5172294+02:00" endTime="2026-02-13T21:38:02.5172297+02:00" testType="13cdc9d9-ddb5-4fa4-a97d-d965ccfc6d4b" outcome="Passed" testListId="8c84fa94-04c1-424b-9868-57a2d4851a1d" relativeResultsDirectory="ec1ef436-280f-4af8-8b87-c7a17c9c3310" />
    <UnitTestResult executionId="ec90f8ad-2270-4763-8505-79c3f733126e" testId="83db265d-ed79-be01-38d7-8d6c6587a155" testName="SAFARIstack.Tests.Unit.Services.AiConciergeServiceTests.GetImprovementSuggestionsAsync_NoData_ReturnsEmpty" computerName="MADOC" duration="00:00:00.0735294" startTime="2026-02-13T21:38:09.6121109+02:00" endTime="2026-02-13T21:38:09.6121116+02:00" testType="13cdc9d9-ddb5-4fa4-a97d-d965ccfc6d4b" outcome="Passed" testListId="8c84fa94-04c1-424b-9868-57a2d4851a1d" relativeResultsDirectory="ec90f8ad-2270-4763-8505-79c3f733126e" />
    <UnitTestResult executionId="24fc9a25-e475-497b-867c-fc9dac113ffb" testId="e6060ef4-9d88-06f0-64e2-fc995056841e" testName="SAFARIstack.Tests.Unit.ValueObjects.FinancialBreakdownTests.Calculate_WithBothAdditionalAndDiscount_Correct" computerName="MADOC" duration="00:00:00.0005669" startTime="2026-02-13T21:38:02.8674281+02:00" endTime="2026-02-13T21:38:02.8674282+02:00" testType="13cdc9d9-ddb5-4fa4-a97d-d965ccfc6d4b" outcome="Passed" testListId="8c84fa94-04c1-424b-9868-57a2d4851a1d" relativeResultsDirectory="24fc9a25-e475-497b-867c-fc9dac113ffb" />
    <UnitTestResult executionId="2cf1e7d1-70a9-44ac-aea5-5418b18a8e25" testId="528ed7ed-dabc-9799-3d55-34282125d63e" testName="SAFARIstack.Tests.Unit.Domain.RateTests.Create_NegativeAmount_Throws" computerName="MADOC" duration="00:00:00.0017157" startTime="2026-02-13T21:38:02.8841294+02:00" endTime="2026-02-13T21:38:02.8841295+02:00" testType="13cdc9d9-ddb5-4fa4-a97d-d965ccfc6d4b" outcome="Passed" testListId="8c84fa94-04c1-424b-9868-57a2d4851a1d" relativeResultsDirectory="2cf1e7d1-70a9-44ac-aea5-5418b18a8e25" />
    <UnitTestResult executionId="85acba6d-1141-48bb-a002-6bc59ba1d7ac" testId="bb28bfc8-e1ff-ea44-a925-e09a0275a0e6" testName="SAFARIstack.Tests.Unit.ValueObjects.MoneyTests.SA_TOURISM_LEVY_RATE_Is1Percent" computerName="MADOC" duration="00:00:00.0002836" startTime="2026-02-13T21:38:02.5165306+02:00" endTime="2026-02-13T21:38:02.5165308+02:00" testType="13cdc9d9-ddb5-4fa4-a97d-d965ccfc6d4b" outcome="Passed" testListId="8c84fa94-04c1-424b-9868-57a2d4851a1d" relativeResultsDirectory="85acba6d-1141-48bb-a002-6bc59ba1d7ac" />
    <UnitTestResult executionId="a2969836-6440-4b0b-91b9-5ccca397b5e8" testId="e81e0d1e-3134-c9eb-ba91-9f3fa60d9e8a" testName="SAFARIstack.Tests.Unit.ValueObjects.DateRangeTests.Overlaps_NonOverlapping_ReturnsFalse" computerName="MADOC" duration="00:00:00.0006249" startTime="2026-02-13T21:38:02.8782224+02:00" endTime="2026-02-13T21:38:02.8782225+02:00" testType="13cdc9d9-ddb5-4fa4-a97d-d965ccfc6d4b" outcome="Passed" testListId="8c84fa94-04c1-424b-9868-57a2d4851a1d" relativeResultsDirectory="a2969836-6440-4b0b-91b9-5ccca397b5e8" />
    <UnitTestResult executionId="40815054-dd2e-4de1-ae1c-8c5ddb43de77" testId="9941d6aa-dff0-e2be-232d-4e90315f33bc" testName="SAFARIstack.Tests.Unit.Validators.RfidCheckInRequestValidatorTests.EmptyCardUid_Fails" computerName="MADOC" duration="00:00:00.0667195" startTime="2026-02-13T21:38:02.6458333+02:00" endTime="2026-02-13T21:38:02.6458334+02:00" testType="13cdc9d9-ddb5-4fa4-a97d-d965ccfc6d4b" outcome="Passed" testListId="8c84fa94-04c1-424b-9868-57a2d4851a1d" relativeResultsDirectory="40815054-dd2e-4de1-ae1c-8c5ddb43de77" />
    <UnitTestResult executionId="90726e68-21a5-4921-a33a-818675acff84" testId="bc04bd43-75d9-a5c6-f3e8-36babf82502d" testName="SAFARIstack.Tests.Unit.ValueObjects.MoneyTests.CalculateVAT_BoundaryAmounts_NoException(amount: 999999,99)" computerName="MADOC" duration="00:00:00.0000295" startTime="2026-02-13T21:38:02.5129679+02:00" endTime="2026-02-13T21:38:02.5129680+02:00" testType="13cdc9d9-ddb5-4fa4-a97d-d965ccfc6d4b" outcome="Passed" testListId="8c84fa94-04c1-424b-9868-57a2d4851a1d" relativeResultsDirectory="90726e68-21a5-4921-a33a-818675acff84" />
    <UnitTestResult executionId="6756089d-4202-4d99-ab83-33bf8813df2e" testId="a83d8413-859d-d7d6-7209-d3069aba5c8a" testName="SAFARIstack.Tests.Unit.ValueObjects.MoneyTests.FromZAR_ValidAmount_CreatesCorrectly" computerName="MADOC" duration="00:00:00.0008478" startTime="2026-02-13T21:38:02.4989604+02:00" endTime="2026-02-13T21:38:02.4989604+02:00" testType="13cdc9d9-ddb5-4fa4-a97d-d965ccfc6d4b" outcome="Passed" testListId="8c84fa94-04c1-424b-9868-57a2d4851a1d" relativeResultsDirectory="6756089d-4202-4d99-ab83-33bf8813df2e" />
    <UnitTestResult executionId="21125cfe-7cb8-4405-9db6-376c7654a942" testId="22e71825-1c34-bd20-ed04-6c0e73c0f76d" testName="SAFARIstack.Tests.Unit.Domain.ApplicationUserTests.Create_TrimsWhitespace" computerName="MADOC" duration="00:00:00.0005676" startTime="2026-02-13T21:38:02.6453416+02:00" endTime="2026-02-13T21:38:02.6453423+02:00" testType="13cdc9d9-ddb5-4fa4-a97d-d965ccfc6d4b" outcome="Passed" testListId="8c84fa94-04c1-424b-9868-57a2d4851a1d" relativeResultsDirectory="21125cfe-7cb8-4405-9db6-376c7654a942" />
    <UnitTestResult executionId="fb678c31-2e05-4215-b273-56aead0543fe" testId="7af0d18b-96ed-dae7-204f-172b26a7704d" testName="SAFARIstack.Tests.Unit.Services.AiConciergeServiceTests.HandleInquiryAsync_ClassifiesIntentCorrectly(question: &quot;What activities and tours do you offer?&quot;, expectedIntent: &quot;Activities&quot;)" computerName="MADOC" duration="00:00:00.0019808" startTime="2026-02-13T21:38:09.2734205+02:00" endTime="2026-02-13T21:38:09.2734209+02:00" testType="13cdc9d9-ddb5-4fa4-a97d-d965ccfc6d4b" outcome="Passed" testListId="8c84fa94-04c1-424b-9868-57a2d4851a1d" relativeResultsDirectory="fb678c31-2e05-4215-b273-56aead0543fe" />
    <UnitTestResult executionId="756d65c2-1765-4ae4-b3dd-24c28a902318" testId="fe8db90c-da1a-11d9-8bce-885a39f4040c" testName="SAFARIstack.Tests.Unit.ValueObjects.MoneyTests.CalculateVAT_BoundaryAmounts_NoException(amount: 0)" computerName="MADOC" duration="00:00:00.0017249" startTime="2026-02-13T21:38:02.5127582+02:00" endTime="2026-02-13T21:38:02.5127583+02:00" testType="13cdc9d9-ddb5-4fa4-a97d-d965ccfc6d4b" outcome="Passed" testListId="8c84fa94-04c1-424b-9868-57a2d4851a1d" relativeResultsDirectory="756d65c2-1765-4ae4-b3dd-24c28a902318" />
    <UnitTestResult executionId="90c09ed1-e6cc-4854-ad07-c0054c6fe1cb" testId="173a4978-9015-1707-1611-c0e5e1773957" testName="SAFARIstack.Tests.Unit.Services.ExperienceBookingServiceTests.RecordFeedbackAsync_SavesScoreAndNotes" computerName="MADOC" duration="00:00:00.0155392" startTime="2026-02-13T21:38:10.2331398+02:00" endTime="2026-02-13T21:38:10.2331410+02:00" testType="13cdc9d9-ddb5-4fa4-a97d-d965ccfc6d4b" outcome="Passed" testListId="8c84fa94-04c1-424b-9868-57a2d4851a1d" relativeResultsDirectory="90c09ed1-e6cc-4854-ad07-c0054c6fe1cb" />
    <UnitTestResult executionId="81a4002d-d7f9-4291-b236-c6473e033792" testId="41837ec3-94ec-d6eb-4693-067fe2b76217" testName="SAFARIstack.Tests.Unit.Domain.NotificationTests.Create_SetsAllFields" computerName="MADOC" duration="00:00:00.0071624" startTime="2026-02-13T21:38:02.7833072+02:00" endTime="2026-02-13T21:38:02.7833074+02:00" testType="13cdc9d9-ddb5-4fa4-a97d-d965ccfc6d4b" outcome="Passed" testListId="8c84fa94-04c1-424b-9868-57a2d4851a1d" relativeResultsDirectory="81a4002d-d7f9-4291-b236-c6473e033792" />
    <UnitTestResult executionId="a653d2f8-b407-4a74-9352-6cf68a9ac6e8" testId="d68255f2-a126-c4f4-b053-ce5a707aaab5" testName="SAFARIstack.Tests.Unit.ValueObjects.MoneyTests.Add_SameCurrency_ReturnsSum" computerName="MADOC" duration="00:00:00.0004179" startTime="2026-02-13T21:38:02.4983802+02:00" endTime="2026-02-13T21:38:02.4983803+02:00" testType="13cdc9d9-ddb5-4fa4-a97d-d965ccfc6d4b" outcome="Passed" testListId="8c84fa94-04c1-424b-9868-57a2d4851a1d" relativeResultsDirectory="a653d2f8-b407-4a74-9352-6cf68a9ac6e8" />
    <UnitTestResult executionId="831824b9-79e0-4bfc-91f4-550513fff35e" testId="41e24f15-340a-b5ab-4585-28ab279ad5b6" testName="SAFARIstack.Tests.Unit.Domain.EnterpriseEntityTests.GiftCard_Redeem_FullyRedeemsAndChangesStatus" computerName="MADOC" duration="00:00:00.0007447" startTime="2026-02-13T21:38:02.7365661+02:00" endTime="2026-02-13T21:38:02.7365662+02:00" testType="13cdc9d9-ddb5-4fa4-a97d-d965ccfc6d4b" outcome="Passed" testListId="8c84fa94-04c1-424b-9868-57a2d4851a1d" relativeResultsDirectory="831824b9-79e0-4bfc-91f4-550513fff35e" />
    <UnitTestResult executionId="a2ff08ad-91fe-4f66-9e42-a2856a8f2d11" testId="97c8c8dc-e1a7-9afb-6151-b472d0faf6d7" testName="SAFARIstack.Tests.Unit.Validators.CompleteTaskRequestValidatorTests.AllFalse_Fails" computerName="MADOC" duration="00:00:00.0164041" startTime="2026-02-13T21:38:02.7171693+02:00" endTime="2026-02-13T21:38:02.7171699+02:00" testType="13cdc9d9-ddb5-4fa4-a97d-d965ccfc6d4b" outcome="Passed" testListId="8c84fa94-04c1-424b-9868-57a2d4851a1d" relativeResultsDirectory="a2ff08ad-91fe-4f66-9e42-a2856a8f2d11" />
    <UnitTestResult executionId="a38a8b48-179a-4106-b47b-ccf3aaae6528" testId="10fcd5f9-6590-1438-9467-51789beaafdf" testName="SAFARIstack.Tests.Unit.Domain.NotificationServiceTests.QueueNotification_AllTypes_UsesDefaultWhenNoCustom(type: BookingCancellation)" computerName="MADOC" duration="00:00:00.0047120" startTime="2026-02-13T21:38:03.2157093+02:00" endTime="2026-02-13T21:38:03.2157098+02:00" testType="13cdc9d9-ddb5-4fa4-a97d-d965ccfc6d4b" outcome="Passed" testListId="8c84fa94-04c1-424b-9868-57a2d4851a1d" relativeResultsDirectory="a38a8b48-179a-4106-b47b-ccf3aaae6528" />
    <UnitTestResult executionId="c2a51c46-cd4c-418c-b0a0-936fcbdb9421" testId="492288b8-403a-95b4-482d-c0d9f7dbfef4" testName="SAFARIstack.Tests.Unit.ValueObjects.MoneyTests.OperatorMultiply_LeftMoney_Works" computerName="MADOC" duration="00:00:00.0005719" startTime="2026-02-13T21:38:02.5151482+02:00" endTime="2026-02-13T21:38:02.5151483+02:00" testType="13cdc9d9-ddb5-4fa4-a97d-d965ccfc6d4b" outcome="Passed" testListId="8c84fa94-04c1-424b-9868-57a2d4851a1d" relativeResultsDirectory="c2a51c46-cd4c-418c-b0a0-936fcbdb9421" />
    <UnitTestResult executionId="54b6b8fa-1386-4bf5-8ef0-e3915865e011" testId="453a60d8-bb7c-5c09-722f-579e948a084e" testName="SAFARIstack.Tests.Unit.Domain.StaffMemberTests.Create_SetsAllProperties" computerName="MADOC" duration="00:00:00.0197019" startTime="2026-02-13T21:38:02.7478294+02:00" endTime="2026-02-13T21:38:02.7478296+02:00" testType="13cdc9d9-ddb5-4fa4-a97d-d965ccfc6d4b" outcome="Passed" testListId="8c84fa94-04c1-424b-9868-57a2d4851a1d" relativeResultsDirectory="54b6b8fa-1386-4bf5-8ef0-e3915865e011" />
    <UnitTestResult executionId="458109dc-61be-46ca-8848-907a0c87bb4b" testId="723c145a-3314-3cb5-dc08-69f6833d1bb5" testName="SAFARIstack.Tests.Unit.Domain.FolioTests.Close_OutstandingBalance_Throws" computerName="MADOC" duration="00:00:00.0283326" startTime="2026-02-13T21:38:02.8821125+02:00" endTime="2026-02-13T21:38:02.8821127+02:00" testType="13cdc9d9-ddb5-4fa4-a97d-d965ccfc6d4b" outcome="Passed" testListId="8c84fa94-04c1-424b-9868-57a2d4851a1d" relativeResultsDirectory="458109dc-61be-46ca-8848-907a0c87bb4b" />
    <UnitTestResult executionId="e956cff0-9933-4c01-952c-1b0634f04af1" testId="88eb661b-2ac6-d0be-a39e-424111a1dc68" testName="SAFARIstack.Tests.Unit.Domain.MerchantConfigurationTests.Activate_SetsIsActiveTrue" computerName="MADOC" duration="00:00:00.0011796" startTime="2026-02-13T21:38:02.5097141+02:00" endTime="2026-02-13T21:38:02.5097143+02:00" testType="13cdc9d9-ddb5-4fa4-a97d-d965ccfc6d4b" outcome="Passed" testListId="8c84fa94-04c1-424b-9868-57a2d4851a1d" relativeResultsDirectory="e956cff0-9933-4c01-952c-1b0634f04af1" />
    <UnitTestResult executionId="4b9b2770-7bcb-489e-b78e-8208062ec239" testId="01e53528-2fe3-13c2-8067-0674fd271e83" testName="SAFARIstack.Tests.Unit.Domain.RfidReaderTests.UpdateLastSeen_WhenOffline_TransitionsToActive" computerName="MADOC" duration="00:00:00.0078063" startTime="2026-02-13T21:38:02.8999105+02:00" endTime="2026-02-13T21:38:02.8999107+02:00" testType="13cdc9d9-ddb5-4fa4-a97d-d965ccfc6d4b" outcome="Passed" testListId="8c84fa94-04c1-424b-9868-57a2d4851a1d" relativeResultsDirectory="4b9b2770-7bcb-489e-b78e-8208062ec239" />
    <UnitTestResult executionId="8b95f3fb-3a23-4686-99e1-6a4150e13766" testId="5fd72d1d-3f17-ecf8-9113-44240be60a9d" testName="SAFARIstack.Tests.Unit.Domain.PropertyTests.Create_SetsAllProperties" computerName="MADOC" duration="00:00:00.0018118" startTime="2026-02-13T21:38:02.8606942+02:00" endTime="2026-02-13T21:38:02.8606944+02:00" testType="13cdc9d9-ddb5-4fa4-a97d-d965ccfc6d4b" outcome="Passed" testListId="8c84fa94-04c1-424b-9868-57a2d4851a1d" relativeResultsDirectory="8b95f3fb-3a23-4686-99e1-6a4150e13766" />
    <UnitTestResult executionId="a4fda9fb-d045-4822-a927-137d42206900" testId="1efbf014-6de3-d2f3-265a-64a42fc76305" testName="SAFARIstack.Tests.Unit.Domain.CancellationPolicyTests.CalculatePenalty_AfterFreePeriod_ReturnsPenaltyAmount" computerName="MADOC" duration="00:00:00.0030234" startTime="2026-02-13T21:38:02.7928840+02:00" endTime="2026-02-13T21:38:02.7928841+02:00" testType="13cdc9d9-ddb5-4fa4-a97d-d965ccfc6d4b" outcome="Passed" testListId="8c84fa94-04c1-424b-9868-57a2d4851a1d" relativeResultsDirectory="a4fda9fb-d045-4822-a927-137d42206900" />
    <UnitTestResult executionId="fba52db5-681d-4a7e-8de1-8aeb2f5e3a11" testId="513803fb-ba91-6cae-1e4f-037f706fd729" testName="SAFARIstack.Tests.Unit.Services.AiConciergeServiceTests.HandleInquiryAsync_UnknownQuery_ReturnsGeneralWithLowConfidence" computerName="MADOC" duration="00:00:00.0043662" startTime="2026-02-13T21:38:09.4733734+02:00" endTime="2026-02-13T21:38:09.4733743+02:00" testType="13cdc9d9-ddb5-4fa4-a97d-d965ccfc6d4b" outcome="Passed" testListId="8c84fa94-04c1-424b-9868-57a2d4851a1d" relativeResultsDirectory="fba52db5-681d-4a7e-8de1-8aeb2f5e3a11" />
    <UnitTestResult executionId="4559d02b-24ad-43e1-8a2c-bfe6437fd975" testId="9c1c6aea-04de-2842-1a4d-fb6f5a6f8b25" testName="SAFARIstack.Tests.Unit.Domain.PermissionsConstantsTests.GetAll_ReturnsAllPermissions" computerName="MADOC" duration="00:00:00.0091164" startTime="2026-02-13T21:38:02.9073376+02:00" endTime="2026-02-13T21:38:02.9073377+02:00" testType="13cdc9d9-ddb5-4fa4-a97d-d965ccfc6d4b" outcome="Passed" testListId="8c84fa94-04c1-424b-9868-57a2d4851a1d" relativeResultsDirectory="4559d02b-24ad-43e1-8a2c-bfe6437fd975" />
    <UnitTestResult executionId="0812b7f6-c92a-429d-9f6a-694e3aa0c022" testId="82f30131-3569-3bef-45a7-56cf10abc85f" testName="SAFARIstack.Tests.Unit.ValueObjects.MoneyTests.OperatorMultiply_LeftDecimal_Works" computerName="MADOC" duration="00:00:00.0012026" startTime="2026-02-13T21:38:02.4987232+02:00" endTime="2026-02-13T21:38:02.4987233+02:00" testType="13cdc9d9-ddb5-4fa4-a97d-d965ccfc6d4b" outcome="Passed" testListId="8c84fa94-04c1-424b-9868-57a2d4851a1d" relativeResultsDirectory="0812b7f6-c92a-429d-9f6a-694e3aa0c022" />
    <UnitTestResult executionId="33cc1145-ca0f-4e49-bbaa-4f899105e4f8" testId="a77c41d2-6ca1-7fd0-ab0f-2e82d4ecfbbd" testName="SAFARIstack.Tests.Unit.Domain.BookingTests.MarkNoShow_FromCheckedIn_Throws" computerName="MADOC" duration="00:00:00.0078626" startTime="2026-02-13T21:38:02.8739741+02:00" endTime="2026-02-13T21:38:02.8739742+02:00" testType="13cdc9d9-ddb5-4fa4-a97d-d965ccfc6d4b" outcome="Passed" testListId="8c84fa94-04c1-424b-9868-57a2d4851a1d" relativeResultsDirectory="33cc1145-ca0f-4e49-bbaa-4f899105e4f8" />
    <UnitTestResult executionId="634a9124-9f46-48ba-a4e2-83221e6a656c" testId="d994fb2d-c224-ae1c-dc05-01b6be0dcb4e" testName="SAFARIstack.Tests.Unit.Validators.CreateGuestRequestValidatorTests.EmptyPropertyId_Fails" computerName="MADOC" duration="00:00:00.0368175" startTime="2026-02-13T21:38:02.7840378+02:00" endTime="2026-02-13T21:38:02.7840379+02:00" testType="13cdc9d9-ddb5-4fa4-a97d-d965ccfc6d4b" outcome="Passed" testListId="8c84fa94-04c1-424b-9868-57a2d4851a1d" relativeResultsDirectory="634a9124-9f46-48ba-a4e2-83221e6a656c" />
    <UnitTestResult executionId="9e674e4a-fbaa-4e59-8f82-6d1d9d225233" testId="b753e33c-5450-1b1c-1b1c-36958fe48156" testName="SAFARIstack.Tests.Unit.ValueObjects.MoneyTests.WithVAT_Returns115Percent" computerName="MADOC" duration="00:00:00.0005666" startTime="2026-02-13T21:38:02.5147735+02:00" endTime="2026-02-13T21:38:02.5147736+02:00" testType="13cdc9d9-ddb5-4fa4-a97d-d965ccfc6d4b" outcome="Passed" testListId="8c84fa94-04c1-424b-9868-57a2d4851a1d" relativeResultsDirectory="9e674e4a-fbaa-4e59-8f82-6d1d9d225233" />
    <UnitTestResult executionId="5765dba9-aed3-45aa-8acc-81be425d4dd0" testId="fbae084e-dab5-f1e5-450a-5e0e92353758" testName="SAFARIstack.Tests.Unit.Services.AiConciergeServiceTests.HandleInquiryAsync_ClassifiesIntentCorrectly(question: &quot;Where is the nearest ATM or bank?&quot;, expectedIntent: &quot;LocalInfo&quot;)" computerName="MADOC" duration="00:00:00.0029748" startTime="2026-02-13T21:38:09.3779109+02:00" endTime="2026-02-13T21:38:09.3779112+02:00" testType="13cdc9d9-ddb5-4fa4-a97d-d965ccfc6d4b" outcome="Passed" testListId="8c84fa94-04c1-424b-9868-57a2d4851a1d" relativeResultsDirectory="5765dba9-aed3-45aa-8acc-81be425d4dd0" />
    <UnitTestResult executionId="101ac705-6c22-47ca-9af7-f1c67432b0a8" testId="04d48029-fed4-d6bf-6f3c-06a65fb8ec67" testName="SAFARIstack.Tests.Unit.Validators.RegisterRequestValidatorTests.ValidRequest_Passes" computerName="MADOC" duration="00:00:00.0005470" startTime="2026-02-13T21:38:02.7123087+02:00" endTime="2026-02-13T21:38:02.7123090+02:00" testType="13cdc9d9-ddb5-4fa4-a97d-d965ccfc6d4b" outcome="Passed" testListId="8c84fa94-04c1-424b-9868-57a2d4851a1d" relativeResultsDirectory="101ac705-6c22-47ca-9af7-f1c67432b0a8" />
    <UnitTestResult executionId="f93b1590-4df9-4340-a022-d57889290b86" testId="c55c61b0-bf7d-b58a-fba5-827dc60517c2" testName="SAFARIstack.Tests.Unit.Domain.GuestTests.SetCompanyInfo_ChangesTypeToCorporate" computerName="MADOC" duration="00:00:00.0018431" startTime="2026-02-13T21:38:02.8638743+02:00" endTime="2026-02-13T21:38:02.8638745+02:00" testType="13cdc9d9-ddb5-4fa4-a97d-d965ccfc6d4b" outcome="Passed" testListId="8c84fa94-04c1-424b-9868-57a2d4851a1d" relativeResultsDirectory="f93b1590-4df9-4340-a022-d57889290b86" />
    <UnitTestResult executionId="80444b1c-b6f0-4c0d-8e1d-6f46becc8063" testId="a75dc63b-c4af-e80d-50b0-400a2d377637" testName="SAFARIstack.Tests.Unit.Domain.ApplicationUserTests.AddRole_IncreasesUserRoles" computerName="MADOC" duration="00:00:00.0085983" startTime="2026-02-13T21:38:02.6992973+02:00" endTime="2026-02-13T21:38:02.6992974+02:00" testType="13cdc9d9-ddb5-4fa4-a97d-d965ccfc6d4b" outcome="Passed" testListId="8c84fa94-04c1-424b-9868-57a2d4851a1d" relativeResultsDirectory="80444b1c-b6f0-4c0d-8e1d-6f46becc8063" />
    <UnitTestResult executionId="15e1953c-fd60-40ee-93be-92fd82289332" testId="5ac8bd97-240b-39b7-31b8-253f9fd7ffeb" testName="SAFARIstack.Tests.Unit.Validators.RegisterRequestValidatorTests.InvalidNameCharacters_Fails" computerName="MADOC" duration="00:00:00.0010552" startTime="2026-02-13T21:38:02.7112093+02:00" endTime="2026-02-13T21:38:02.7112098+02:00" testType="13cdc9d9-ddb5-4fa4-a97d-d965ccfc6d4b" outcome="Passed" testListId="8c84fa94-04c1-424b-9868-57a2d4851a1d" relativeResultsDirectory="15e1953c-fd60-40ee-93be-92fd82289332" />
    <UnitTestResult executionId="6fe18b0f-5160-46a7-a38d-375aaf0b0b40" testId="b6679338-d6e6-9f70-a38d-86a6e4ea0619" testName="SAFARIstack.Tests.Unit.Domain.NotificationServiceTests.QueueNotification_AllTypes_UsesDefaultWhenNoCustom(type: PaymentReceipt)" computerName="MADOC" duration="00:00:00.0041993" startTime="2026-02-13T21:38:03.2510884+02:00" endTime="2026-02-13T21:38:03.2510888+02:00" testType="13cdc9d9-ddb5-4fa4-a97d-d965ccfc6d4b" outcome="Passed" testListId="8c84fa94-04c1-424b-9868-57a2d4851a1d" relativeResultsDirectory="6fe18b0f-5160-46a7-a38d-375aaf0b0b40" />
    <UnitTestResult executionId="b6854b0b-dffe-483a-9e0e-284299017a64" testId="db14cc52-7afb-9435-3fea-7bd7475df5b4" testName="SAFARIstack.Tests.Unit.Domain.BookingTests.CheckOut_FromCheckedIn_ChangesStatus" computerName="MADOC" duration="00:00:00.0058545" startTime="2026-02-13T21:38:02.8766244+02:00" endTime="2026-02-13T21:38:02.8766245+02:00" testType="13cdc9d9-ddb5-4fa4-a97d-d965ccfc6d4b" outcome="Passed" testListId="8c84fa94-04c1-424b-9868-57a2d4851a1d" relativeResultsDirectory="b6854b0b-dffe-483a-9e0e-284299017a64" />
    <UnitTestResult executionId="5646c631-c43e-49a8-aab5-f4f9dad97c44" testId="a8df1e22-7804-533d-7918-59e2e6c59044" testName="SAFARIstack.Tests.Unit.Validators.CreateGuestRequestValidatorTests.EmptyFirstName_Fails" computerName="MADOC" duration="00:00:00.0009545" startTime="2026-02-13T21:38:02.7958820+02:00" endTime="2026-02-13T21:38:02.7958821+02:00" testType="13cdc9d9-ddb5-4fa4-a97d-d965ccfc6d4b" outcome="Passed" testListId="8c84fa94-04c1-424b-9868-57a2d4851a1d" relativeResultsDirectory="5646c631-c43e-49a8-aab5-f4f9dad97c44" />
    <UnitTestResult executionId="040729d0-5294-4d58-aef0-8678a3ed97a2" testId="cc70a395-c093-1c33-fced-ef53a639139c" testName="SAFARIstack.Tests.Unit.ValueObjects.FinancialBreakdownTests.Calculate_WithAdditionalCharges_IncludesInTotal" computerName="MADOC" duration="00:00:00.0031205" startTime="2026-02-13T21:38:02.8661859+02:00" endTime="2026-02-13T21:38:02.8661860+02:00" testType="13cdc9d9-ddb5-4fa4-a97d-d965ccfc6d4b" outcome="Passed" testListId="8c84fa94-04c1-424b-9868-57a2d4851a1d" relativeResultsDirectory="040729d0-5294-4d58-aef0-8678a3ed97a2" />
    <UnitTestResult executionId="b68b7094-fb70-47f9-94b2-aaf304e3ff5f" testId="0de4a511-2b15-6df4-5856-cbbf5eaae964" testName="SAFARIstack.Tests.Unit.Domain.NotificationServiceTests.IsNotificationEnabled_NoSettings_ReturnsTrue" computerName="MADOC" duration="00:00:00.0037384" startTime="2026-02-13T21:38:03.3419109+02:00" endTime="2026-02-13T21:38:03.3419115+02:00" testType="13cdc9d9-ddb5-4fa4-a97d-d965ccfc6d4b" outcome="Passed" testListId="8c84fa94-04c1-424b-9868-57a2d4851a1d" relativeResultsDirectory="b68b7094-fb70-47f9-94b2-aaf304e3ff5f" />
    <UnitTestResult executionId="caf7643e-d7cd-4667-926f-f481af65e449" testId="acbd2604-287e-cb80-f427-916023d3cf5a" testName="SAFARIstack.Tests.Unit.Domain.StaffAttendanceTests.EndBreak_CalculatesBreakDuration" computerName="MADOC" duration="00:00:00.0028278" startTime="2026-02-13T21:38:02.7359108+02:00" endTime="2026-02-13T21:38:02.7359110+02:00" testType="13cdc9d9-ddb5-4fa4-a97d-d965ccfc6d4b" outcome="Passed" testListId="8c84fa94-04c1-424b-9868-57a2d4851a1d" relativeResultsDirectory="caf7643e-d7cd-4667-926f-f481af65e449" />
    <UnitTestResult executionId="3fe8155e-27db-4685-91a4-c7dcf07eb5df" testId="d50ce68d-d4b2-6998-1716-e929626d8bea" testName="SAFARIstack.Tests.Unit.Domain.ApplicationUserTests.RecordFailedLogin_Under5_IncreasesCounter" computerName="MADOC" duration="00:00:00.0328583" startTime="2026-02-13T21:38:02.7323645+02:00" endTime="2026-02-13T21:38:02.7323646+02:00" testType="13cdc9d9-ddb5-4fa4-a97d-d965ccfc6d4b" outcome="Passed" testListId="8c84fa94-04c1-424b-9868-57a2d4851a1d" relativeResultsDirectory="3fe8155e-27db-4685-91a4-c7dcf07eb5df" />
    <UnitTestResult executionId="1a1054fd-9133-4703-a3ef-1b024b9515b7" testId="8cb9adad-f190-74e0-3d0d-57c93806b4b8" testName="SAFARIstack.Tests.Unit.Domain.NotificationTests.MarkFailed_IncrementsRetry_KeepsQueuedUnder3" computerName="MADOC" duration="00:00:00.0006441" startTime="2026-02-13T21:38:02.7835716+02:00" endTime="2026-02-13T21:38:02.7835718+02:00" testType="13cdc9d9-ddb5-4fa4-a97d-d965ccfc6d4b" outcome="Passed" testListId="8c84fa94-04c1-424b-9868-57a2d4851a1d" relativeResultsDirectory="1a1054fd-9133-4703-a3ef-1b024b9515b7" />
    <UnitTestResult executionId="decf1375-7949-404b-85a3-1e83ffa1a912" testId="6e41db45-8a18-5d36-aa12-945e028feec0" testName="SAFARIstack.Tests.Unit.Domain.MerchantConfigurationTests.SetLiveMode_Toggles" computerName="MADOC" duration="00:00:00.0005035" startTime="2026-02-13T21:38:02.5100165+02:00" endTime="2026-02-13T21:38:02.5100166+02:00" testType="13cdc9d9-ddb5-4fa4-a97d-d965ccfc6d4b" outcome="Passed" testListId="8c84fa94-04c1-424b-9868-57a2d4851a1d" relativeResultsDirectory="decf1375-7949-404b-85a3-1e83ffa1a912" />
    <UnitTestResult executionId="32b8790c-e74d-4584-af3e-5b0d933d94de" testId="fe305783-c29d-999c-1ca0-0d7255424dd2" testName="SAFARIstack.Tests.Unit.Domain.EnterpriseEntityTests.GiftCard_Redeem_ThrowsWhenVoided" computerName="MADOC" duration="00:00:00.0082274" startTime="2026-02-13T21:38:02.7468975+02:00" endTime="2026-02-13T21:38:02.7468978+02:00" testType="13cdc9d9-ddb5-4fa4-a97d-d965ccfc6d4b" outcome="Passed" testListId="8c84fa94-04c1-424b-9868-57a2d4851a1d" relativeResultsDirectory="32b8790c-e74d-4584-af3e-5b0d933d94de" />
    <UnitTestResult executionId="d3df608d-fd93-49f6-a3f4-404a31099e46" testId="4b9dbd51-e449-57d7-404c-c581af667e28" testName="SAFARIstack.Tests.Unit.Domain.RoleTests.AddPermission_IncreasesPermissions" computerName="MADOC" duration="00:00:00.0012079" startTime="2026-02-13T21:38:02.9070284+02:00" endTime="2026-02-13T21:38:02.9070286+02:00" testType="13cdc9d9-ddb5-4fa4-a97d-d965ccfc6d4b" outcome="Passed" testListId="8c84fa94-04c1-424b-9868-57a2d4851a1d" relativeResultsDirectory="d3df608d-fd93-49f6-a3f4-404a31099e46" />
    <UnitTestResult executionId="8382fd9b-c835-4fe3-8a7b-2baf8aee37bd" testId="158ebe96-11d4-fdaf-933d-e00ce7ac64c8" testName="SAFARIstack.Tests.Unit.Domain.GuestLoyaltyTests.Create_StartsWithNoTier" computerName="MADOC" duration="00:00:00.0035731" startTime="2026-02-13T21:38:02.8705497+02:00" endTime="2026-02-13T21:38:02.8705501+02:00" testType="13cdc9d9-ddb5-4fa4-a97d-d965ccfc6d4b" outcome="Passed" testListId="8c84fa94-04c1-424b-9868-57a2d4851a1d" relativeResultsDirectory="8382fd9b-c835-4fe3-8a7b-2baf8aee37bd" />
    <UnitTestResult executionId="6a2bcd1b-4279-4fa1-a7e6-74dcf60b339a" testId="69c2a67c-738a-8b40-257b-235d19fcc07b" testName="SAFARIstack.Tests.Unit.Domain.NotificationServiceTests.QueueNotification_DisabledType_ReturnsNull" computerName="MADOC" duration="00:00:00.0351094" startTime="2026-02-13T21:38:03.2916487+02:00" endTime="2026-02-13T21:38:03.2916495+02:00" testType="13cdc9d9-ddb5-4fa4-a97d-d965ccfc6d4b" outcome="Passed" testListId="8c84fa94-04c1-424b-9868-57a2d4851a1d" relativeResultsDirectory="6a2bcd1b-4279-4fa1-a7e6-74dcf60b339a" />
    <UnitTestResult executionId="141d9449-14f6-4059-9da9-3b9500c18899" testId="1314fba1-4d6f-0373-a8d4-1af97a91b4e8" testName="SAFARIstack.Tests.Unit.Domain.RoomTests.MarkDirty_SetsHkStatus" computerName="MADOC" duration="00:00:00.0004664" startTime="2026-02-13T21:38:02.7981994+02:00" endTime="2026-02-13T21:38:02.7981995+02:00" testType="13cdc9d9-ddb5-4fa4-a97d-d965ccfc6d4b" outcome="Passed" testListId="8c84fa94-04c1-424b-9868-57a2d4851a1d" relativeResultsDirectory="141d9449-14f6-4059-9da9-3b9500c18899" />
    <UnitTestResult executionId="24e8c561-9609-42c3-933f-9dc4c412d8a4" testId="dc850d3c-f56d-0403-d4e6-308e254d7604" testName="SAFARIstack.Tests.Unit.Domain.RoomTests.Create_SetsAllProperties" computerName="MADOC" duration="00:00:00.0056533" startTime="2026-02-13T21:38:02.7964043+02:00" endTime="2026-02-13T21:38:02.7964045+02:00" testType="13cdc9d9-ddb5-4fa4-a97d-d965ccfc6d4b" outcome="Passed" testListId="8c84fa94-04c1-424b-9868-57a2d4851a1d" relativeResultsDirectory="24e8c561-9609-42c3-933f-9dc4c412d8a4" />
    <UnitTestResult executionId="c87e4061-21cd-4e98-bdcb-d5a555e8cac5" testId="f7186eb6-14d7-494f-82b0-627d61f6cc13" testName="SAFARIstack.Tests.Unit.Domain.BookingTests.CheckOut_FromConfirmed_Throws" computerName="MADOC" duration="00:00:00.0022587" startTime="2026-02-13T21:38:02.8838825+02:00" endTime="2026-02-13T21:38:02.8838826+02:00" testType="13cdc9d9-ddb5-4fa4-a97d-d965ccfc6d4b" outcome="Passed" testListId="8c84fa94-04c1-424b-9868-57a2d4851a1d" relativeResultsDirectory="c87e4061-21cd-4e98-bdcb-d5a555e8cac5" />
    <UnitTestResult executionId="85dfb337-5776-4c51-852f-b77dda8b70f6" testId="e9fdef38-91cd-4744-ea56-4ca55439b77b" testName="SAFARIstack.Tests.Unit.Domain.NotificationServiceTests.IsNotificationEnabled_DisabledReviewRequest_ReturnsFalse" computerName="MADOC" duration="00:00:00.0046660" startTime="2026-02-13T21:38:03.3088421+02:00" endTime="2026-02-13T21:38:03.3088424+02:00" testType="13cdc9d9-ddb5-4fa4-a97d-d965ccfc6d4b" outcome="Passed" testListId="8c84fa94-04c1-424b-9868-57a2d4851a1d" relativeResultsDirectory="85dfb337-5776-4c51-852f-b77dda8b70f6" />
    <UnitTestResult executionId="199df3cb-92bf-4992-acf6-4b6585483921" testId="633c6499-3959-8441-50b4-97e9791839d5" testName="SAFARIstack.Tests.Unit.Validators.RegisterRequestValidatorTests.InvalidPassword_Fails(password: &quot;NoDigits!!&quot;)" computerName="MADOC" duration="00:00:00.0003349" startTime="2026-02-13T21:38:02.7174249+02:00" endTime="2026-02-13T21:38:02.7174251+02:00" testType="13cdc9d9-ddb5-4fa4-a97d-d965ccfc6d4b" outcome="Passed" testListId="8c84fa94-04c1-424b-9868-57a2d4851a1d" relativeResultsDirectory="199df3cb-92bf-4992-acf6-4b6585483921" />
    <UnitTestResult executionId="0c61b847-5135-44ab-8d72-6d775fa79606" testId="58e56302-101c-076b-9d11-f87c19d1ff4c" testName="SAFARIstack.Tests.Unit.ValueObjects.MoneyTests.OperatorPlus_Works" computerName="MADOC" duration="00:00:00.0004624" startTime="2026-02-13T21:38:02.5125198+02:00" endTime="2026-02-13T21:38:02.5125199+02:00" testType="13cdc9d9-ddb5-4fa4-a97d-d965ccfc6d4b" outcome="Passed" testListId="8c84fa94-04c1-424b-9868-57a2d4851a1d" relativeResultsDirectory="0c61b847-5135-44ab-8d72-6d775fa79606" />
    <UnitTestResult executionId="b7e50177-c131-4907-9a18-7a6581a99f51" testId="077a8b4b-8cdc-4478-5e7c-030ada12c780" testName="SAFARIstack.Tests.Unit.Domain.RfidReaderTests.RecordHeartbeat_DelegatesToUpdateLastSeen" computerName="MADOC" duration="00:00:00.0005147" startTime="2026-02-13T21:38:02.9015309+02:00" endTime="2026-02-13T21:38:02.9015310+02:00" testType="13cdc9d9-ddb5-4fa4-a97d-d965ccfc6d4b" outcome="Passed" testListId="8c84fa94-04c1-424b-9868-57a2d4851a1d" relativeResultsDirectory="b7e50177-c131-4907-9a18-7a6581a99f51" />
    <UnitTestResult executionId="c3d60330-6582-4199-ac7a-45ab0b979617" testId="4edb091d-6655-6a90-f4d2-6bcd075af0fa" testName="SAFARIstack.Tests.Unit.Validators.CreateGuestRequestValidatorTests.ValidRequest_Passes" computerName="MADOC" duration="00:00:00.0010774" startTime="2026-02-13T21:38:02.7907556+02:00" endTime="2026-02-13T21:38:02.7907562+02:00" testType="13cdc9d9-ddb5-4fa4-a97d-d965ccfc6d4b" outcome="Passed" testListId="8c84fa94-04c1-424b-9868-57a2d4851a1d" relativeResultsDirectory="c3d60330-6582-4199-ac7a-45ab0b979617" />
    <UnitTestResult executionId="f58e6a79-b23f-4698-ad91-40b1a31e8153" testId="51a3ac1f-1557-0842-7043-7dc8b26ba0f7" testName="SAFARIstack.Tests.Unit.Domain.EnterpriseEntityTests.RateCopyJob_Lifecycle_TransitionsCorrectly" computerName="MADOC" duration="00:00:00.0110378" startTime="2026-02-13T21:38:02.7533951+02:00" endTime="2026-02-13T21:38:02.7533952+02:00" testType="13cdc9d9-ddb5-4fa4-a97d-d965ccfc6d4b" outcome="Passed" testListId="8c84fa94-04c1-424b-9868-57a2d4851a1d" relativeResultsDirectory="f58e6a79-b23f-4698-ad91-40b1a31e8153" />
    <UnitTestResult executionId="326fe772-f00e-43ce-bd78-aa0a5d2d1139" testId="ceea0225-c873-08c0-12af-0df46ea04594" testName="SAFARIstack.Tests.Unit.Domain.NotificationServiceTests.QueueNotification_NoSettings_UsesDefaultTemplate" computerName="MADOC" duration="00:00:00.0069562" startTime="2026-02-13T21:38:03.3159622+02:00" endTime="2026-02-13T21:38:03.3159626+02:00" testType="13cdc9d9-ddb5-4fa4-a97d-d965ccfc6d4b" outcome="Passed" testListId="8c84fa94-04c1-424b-9868-57a2d4851a1d" relativeResultsDirectory="326fe772-f00e-43ce-bd78-aa0a5d2d1139" />
    <UnitTestResult executionId="acad834c-4a22-4a1c-a77b-d06c28b26b25" testId="fbed4f15-e019-9486-70e7-db5f5fdc7394" testName="SAFARIstack.Tests.Unit.Domain.EnterpriseEntityTests.GuestMessage_AiWorkflow_ApproveAndEdit" computerName="MADOC" duration="00:00:00.0018171" startTime="2026-02-13T21:38:02.7538498+02:00" endTime="2026-02-13T21:38:02.7538499+02:00" testType="13cdc9d9-ddb5-4fa4-a97d-d965ccfc6d4b" outcome="Passed" testListId="8c84fa94-04c1-424b-9868-57a2d4851a1d" relativeResultsDirectory="acad834c-4a22-4a1c-a77b-d06c28b26b25" />
    <UnitTestResult executionId="08bcc085-e690-4476-a8ab-60f3c0306b9c" testId="7f99e6a9-c33d-792f-9d7e-29e295cd3086" testName="SAFARIstack.Tests.Unit.Validators.BlacklistRequestValidatorTests.EmptyReason_Fails" computerName="MADOC" duration="00:00:00.0006960" startTime="2026-02-13T21:38:02.7124962+02:00" endTime="2026-02-13T21:38:02.7124964+02:00" testType="13cdc9d9-ddb5-4fa4-a97d-d965ccfc6d4b" outcome="Passed" testListId="8c84fa94-04c1-424b-9868-57a2d4851a1d" relativeResultsDirectory="08bcc085-e690-4476-a8ab-60f3c0306b9c" />
    <UnitTestResult executionId="823ae778-7dc7-4727-98f8-38567043d874" testId="8bc38b7c-27a0-d09d-3d2c-a210c99ed7b3" testName="SAFARIstack.Tests.Unit.Validators.CreateSeasonRequestValidatorTests.ValidRequest_Passes" computerName="MADOC" duration="00:00:00.0007929" startTime="2026-02-13T21:38:02.9114594+02:00" endTime="2026-02-13T21:38:02.9114595+02:00" testType="13cdc9d9-ddb5-4fa4-a97d-d965ccfc6d4b" outcome="Passed" testListId="8c84fa94-04c1-424b-9868-57a2d4851a1d" relativeResultsDirectory="823ae778-7dc7-4727-98f8-38567043d874" />
    <UnitTestResult executionId="3b39347f-4372-4fb4-8fe3-ab7407724b4d" testId="66e38e4c-b9ad-71cb-8f65-f663b7f07995" testName="SAFARIstack.Tests.Unit.ValueObjects.AddressTests.Create_SetsAllFields" computerName="MADOC" duration="00:00:00.0014184" startTime="2026-02-13T21:38:02.4908353+02:00" endTime="2026-02-13T21:38:02.4908354+02:00" testType="13cdc9d9-ddb5-4fa4-a97d-d965ccfc6d4b" outcome="Passed" testListId="8c84fa94-04c1-424b-9868-57a2d4851a1d" relativeResultsDirectory="3b39347f-4372-4fb4-8fe3-ab7407724b4d" />
    <UnitTestResult executionId="0fde47ed-b224-4ad0-bc59-0f1eac1a0e81" testId="a95c27ac-1398-8b8a-36f0-8bef9b3e1d2b" testName="SAFARIstack.Tests.Unit.ValueObjects.MoneyTests.Create_EmptyCurrency_ThrowsArgumentException" computerName="MADOC" duration="00:00:00.0904478" startTime="2026-02-13T21:38:02.4931949+02:00" endTime="2026-02-13T21:38:02.4931951+02:00" testType="13cdc9d9-ddb5-4fa4-a97d-d965ccfc6d4b" outcome="Passed" testListId="8c84fa94-04c1-424b-9868-57a2d4851a1d" relativeResultsDirectory="0fde47ed-b224-4ad0-bc59-0f1eac1a0e81" />
    <UnitTestResult executionId="24ce071d-359b-4343-8af9-9ccff79ad2eb" testId="8f36ca6f-1aef-f8ec-67c8-cfb1d206de54" testName="SAFARIstack.Tests.Unit.Domain.RfidReaderTests.ValidateApiKey_CorrectKey_ReturnsTrue" computerName="MADOC" duration="00:00:00.0005987" startTime="2026-02-13T21:38:02.9012226+02:00" endTime="2026-02-13T21:38:02.9012228+02:00" testType="13cdc9d9-ddb5-4fa4-a97d-d965ccfc6d4b" outcome="Passed" testListId="8c84fa94-04c1-424b-9868-57a2d4851a1d" relativeResultsDirectory="24ce071d-359b-4343-8af9-9ccff79ad2eb" />
    <UnitTestResult executionId="322a9d83-58dc-4106-8993-3fa9f0d5c1fe" testId="38dae2cc-05ed-10ed-898e-1fcf4436047e" testName="SAFARIstack.Tests.Unit.ValueObjects.MoneyTests.ExtractVAT_FromVATInclusive_ReturnsCorrectVATAmount" computerName="MADOC" duration="00:00:00.0007215" startTime="2026-02-13T21:38:02.4974080+02:00" endTime="2026-02-13T21:38:02.4974081+02:00" testType="13cdc9d9-ddb5-4fa4-a97d-d965ccfc6d4b" outcome="Passed" testListId="8c84fa94-04c1-424b-9868-57a2d4851a1d" relativeResultsDirectory="322a9d83-58dc-4106-8993-3fa9f0d5c1fe" />
    <UnitTestResult executionId="169fec7f-7952-4103-a0d7-08ed600fc3d6" testId="278ebb37-39cd-cb96-d0c0-69aac9755ad6" testName="SAFARIstack.Tests.Unit.Domain.BookingRoomTests.Create_SetsAllProperties" computerName="MADOC" duration="00:00:00.0043023" startTime="2026-02-13T21:38:02.4841285+02:00" endTime="2026-02-13T21:38:02.4841286+02:00" testType="13cdc9d9-ddb5-4fa4-a97d-d965ccfc6d4b" outcome="Passed" testListId="8c84fa94-04c1-424b-9868-57a2d4851a1d" relativeResultsDirectory="169fec7f-7952-4103-a0d7-08ed600fc3d6" />
    <UnitTestResult executionId="cba768ff-6a89-4db4-bff6-f4edebe033fa" testId="b62b2760-221a-9964-8dea-37d9064a0107" testName="SAFARIstack.Tests.Unit.Domain.ApplicationUserTests.Create_EmptyPasswordHash_Throws" computerName="MADOC" duration="00:00:00.0022475" startTime="2026-02-13T21:38:02.6317364+02:00" endTime="2026-02-13T21:38:02.6317367+02:00" testType="13cdc9d9-ddb5-4fa4-a97d-d965ccfc6d4b" outcome="Passed" testListId="8c84fa94-04c1-424b-9868-57a2d4851a1d" relativeResultsDirectory="cba768ff-6a89-4db4-bff6-f4edebe033fa" />
    <UnitTestResult executionId="ccffb4da-3ac3-463e-815e-faa80e3ca1c3" testId="eb9b4152-4955-6a3a-f4ce-30fb76aa2acf" testName="SAFARIstack.Tests.Unit.Validators.AddChargeRequestValidatorTests.EmptyDescription_Fails" computerName="MADOC" duration="00:00:00.0014254" startTime="2026-02-13T21:38:02.7764792+02:00" endTime="2026-02-13T21:38:02.7764793+02:00" testType="13cdc9d9-ddb5-4fa4-a97d-d965ccfc6d4b" outcome="Passed" testListId="8c84fa94-04c1-424b-9868-57a2d4851a1d" relativeResultsDirectory="ccffb4da-3ac3-463e-815e-faa80e3ca1c3" />
    <UnitTestResult executionId="d9a67b02-ce45-4ed4-9e46-c327e4cdb9db" testId="c7493b10-5ee2-77b2-f798-447a7374ff4e" testName="SAFARIstack.Tests.Unit.Domain.RoleTests.Update_SystemRole_Throws" computerName="MADOC" duration="00:00:00.0018290" startTime="2026-02-13T21:38:02.9069023+02:00" endTime="2026-02-13T21:38:02.9069024+02:00" testType="13cdc9d9-ddb5-4fa4-a97d-d965ccfc6d4b" outcome="Passed" testListId="8c84fa94-04c1-424b-9868-57a2d4851a1d" relativeResultsDirectory="d9a67b02-ce45-4ed4-9e46-c327e4cdb9db" />
    <UnitTestResult executionId="9dc83c5d-3e17-40dc-8892-eace8b8233c3" testId="d86a77d5-f752-5408-7394-f236c64eea00" testName="SAFARIstack.Tests.Unit.Domain.FolioLineItemTests.Create_SetsAllFields" computerName="MADOC" duration="00:00:00.0144466" startTime="2026-02-13T21:38:02.5143602+02:00" endTime="2026-02-13T21:38:02.5143603+02:00" testType="13cdc9d9-ddb5-4fa4-a97d-d965ccfc6d4b" outcome="Passed" testListId="8c84fa94-04c1-424b-9868-57a2d4851a1d" relativeResultsDirectory="9dc83c5d-3e17-40dc-8892-eace8b8233c3" />
    <UnitTestResult executionId="76f54105-7307-4c39-b339-4afaff33efa4" testId="873a263b-012e-0701-b4a4-c83e67e5c769" testName="SAFARIstack.Tests.Unit.Validators.RegisterRequestValidatorTests.InvalidEmail_Fails(email: &quot;missing@&quot;)" computerName="MADOC" duration="00:00:00.0007813" startTime="2026-02-13T21:38:02.6986867+02:00" endTime="2026-02-13T21:38:02.6986870+02:00" testType="13cdc9d9-ddb5-4fa4-a97d-d965ccfc6d4b" outcome="Passed" testListId="8c84fa94-04c1-424b-9868-57a2d4851a1d" relativeResultsDirectory="76f54105-7307-4c39-b339-4afaff33efa4" />
    <UnitTestResult executionId="e30ebaeb-d525-40c6-be4b-2e676768e08d" testId="cd16e6a2-389f-e720-a9b8-53949716b148" testName="SAFARIstack.Tests.Unit.Services.ExperienceBookingServiceTests.GetExperienceAnalyticsAsync_WithBookings_AggregatesCorrectly" computerName="MADOC" duration="00:00:00.0858565" startTime="2026-02-13T21:38:10.1112594+02:00" endTime="2026-02-13T21:38:10.1112602+02:00" testType="13cdc9d9-ddb5-4fa4-a97d-d965ccfc6d4b" outcome="Passed" testListId="8c84fa94-04c1-424b-9868-57a2d4851a1d" relativeResultsDirectory="e30ebaeb-d525-40c6-be4b-2e676768e08d" />
    <UnitTestResult executionId="425ba80e-2692-47ac-ba1e-2213f48629e3" testId="435300ac-5f56-9cb8-fa07-f72636610410" testName="SAFARIstack.Tests.Unit.Domain.PropertySettingsTests.UpdateOperationalSettings_InvalidVATRate_Throws(vatRate: -0,01)" computerName="MADOC" duration="00:00:00.0014130" startTime="2026-02-13T21:38:02.9672793+02:00" endTime="2026-02-13T21:38:02.9672798+02:00" testType="13cdc9d9-ddb5-4fa4-a97d-d965ccfc6d4b" outcome="Passed" testListId="8c84fa94-04c1-424b-9868-57a2d4851a1d" relativeResultsDirectory="425ba80e-2692-47ac-ba1e-2213f48629e3" />
    <UnitTestResult executionId="0a4137a0-7375-457a-96c9-c6e2d067aab5" testId="46347563-1136-da9b-bcef-35d5e14dcb07" testName="SAFARIstack.Tests.Unit.Services.MultiPropertyServiceTests.GetGroupDashboardAsync_EmptyGroup_ReturnsZeroMetrics" computerName="MADOC" duration="00:00:07.7165558" startTime="2026-02-13T21:38:09.7942753+02:00" endTime="2026-02-13T21:38:09.7942766+02:00" testType="13cdc9d9-ddb5-4fa4-a97d-d965ccfc6d4b" outcome="Passed" testListId="8c84fa94-04c1-424b-9868-57a2d4851a1d" relativeResultsDirectory="0a4137a0-7375-457a-96c9-c6e2d067aab5" />
    <UnitTestResult executionId="5c3eb361-a1f7-486b-b3e0-c79c0a0a9b08" testId="a2b7b041-f6f0-e4e9-0e7d-9c74f8c06e15" testName="SAFARIstack.Tests.Unit.Base.EnumerationTests.FromName_ValidName_ReturnsCorrect" computerName="MADOC" duration="00:00:00.0059991" startTime="2026-02-13T21:38:02.8637410+02:00" endTime="2026-02-13T21:38:02.8637411+02:00" testType="13cdc9d9-ddb5-4fa4-a97d-d965ccfc6d4b" outcome="Passed" testListId="8c84fa94-04c1-424b-9868-57a2d4851a1d" relativeResultsDirectory="5c3eb361-a1f7-486b-b3e0-c79c0a0a9b08" />
    <UnitTestResult executionId="3fb196e7-66a4-4f9b-b941-dbe5dc778b38" testId="11f756d8-f285-0c1a-9765-556137b68c73" testName="SAFARIstack.Tests.Unit.Domain.RoleTests.Update_CustomRole_Succeeds" computerName="MADOC" duration="00:00:00.0005287" startTime="2026-02-13T21:38:02.9071608+02:00" endTime="2026-02-13T21:38:02.9071609+02:00" testType="13cdc9d9-ddb5-4fa4-a97d-d965ccfc6d4b" outcome="Passed" testListId="8c84fa94-04c1-424b-9868-57a2d4851a1d" relativeResultsDirectory="3fb196e7-66a4-4f9b-b941-dbe5dc778b38" />
    <UnitTestResult executionId="6986a39f-a2e9-40f1-9191-e56ef43b619f" testId="5e5f5472-bc53-2ae9-abf3-9b2bd2fe327f" testName="SAFARIstack.Tests.Unit.Domain.MerchantConfigurationTests.Deactivate_SetsIsActiveFalse" computerName="MADOC" duration="00:00:00.0007660" startTime="2026-02-13T21:38:02.4990671+02:00" endTime="2026-02-13T21:38:02.4990672+02:00" testType="13cdc9d9-ddb5-4fa4-a97d-d965ccfc6d4b" outcome="Passed" testListId="8c84fa94-04c1-424b-9868-57a2d4851a1d" relativeResultsDirectory="6986a39f-a2e9-40f1-9191-e56ef43b619f" />
    <UnitTestResult executionId="65e4e085-1e39-487e-baf7-6115e5876f70" testId="09fb9bba-2640-e4db-4cd5-5aa7c5de0809" testName="SAFARIstack.Tests.Unit.Domain.ApplicationUserTests.LinkStaffMember_SetsStaffId" computerName="MADOC" duration="00:00:00.0009775" startTime="2026-02-13T21:38:02.6318739+02:00" endTime="2026-02-13T21:38:02.6318741+02:00" testType="13cdc9d9-ddb5-4fa4-a97d-d965ccfc6d4b" outcome="Passed" testListId="8c84fa94-04c1-424b-9868-57a2d4851a1d" relativeResultsDirectory="65e4e085-1e39-487e-baf7-6115e5876f70" />
    <UnitTestResult executionId="12e72271-3248-4d6d-be23-ab1e5726b693" testId="08e989ab-83e9-1c49-2528-dd233d193d16" testName="SAFARIstack.Tests.Unit.Validators.LoginRequestValidatorTests.InvalidEmail_Fails" computerName="MADOC" duration="00:00:00.0320157" startTime="2026-02-13T21:38:02.7392608+02:00" endTime="2026-02-13T21:38:02.7392610+02:00" testType="13cdc9d9-ddb5-4fa4-a97d-d965ccfc6d4b" outcome="Passed" testListId="8c84fa94-04c1-424b-9868-57a2d4851a1d" relativeResultsDirectory="12e72271-3248-4d6d-be23-ab1e5726b693" />
    <UnitTestResult executionId="5b2500ed-b99f-4200-bcad-ceac5773167e" testId="d118cab0-5b68-e5b3-38d9-bd5cc00e63fa" testName="SAFARIstack.Tests.Unit.Services.AiConciergeServiceTests.HandleInquiryAsync_ClassifiesIntentCorrectly(question: &quot;When is the next game drive safari?&quot;, expectedIntent: &quot;Safari&quot;)" computerName="MADOC" duration="00:00:00.0018929" startTime="2026-02-13T21:38:09.3785209+02:00" endTime="2026-02-13T21:38:09.3785210+02:00" testType="13cdc9d9-ddb5-4fa4-a97d-d965ccfc6d4b" outcome="Passed" testListId="8c84fa94-04c1-424b-9868-57a2d4851a1d" relativeResultsDirectory="5b2500ed-b99f-4200-bcad-ceac5773167e" />
    <UnitTestResult executionId="1beec40b-fe47-4686-9c0a-76d50eb442f4" testId="89166a81-ffe5-d136-1efe-9413a85db3eb" testName="SAFARIstack.Tests.Unit.Domain.NotificationServiceTests.GetQueuedNotifications_DelegatesToRepository" computerName="MADOC" duration="00:00:00.0158412" startTime="2026-02-13T21:38:03.3320634+02:00" endTime="2026-02-13T21:38:03.3320638+02:00" testType="13cdc9d9-ddb5-4fa4-a97d-d965ccfc6d4b" outcome="Passed" testListId="8c84fa94-04c1-424b-9868-57a2d4851a1d" relativeResultsDirectory="1beec40b-fe47-4686-9c0a-76d50eb442f4" />
    <UnitTestResult executionId="e9af771d-fb87-414e-ad87-5bba5bf720bd" testId="24922706-ad78-93b7-73fb-1cd1b6e135f9" testName="SAFARIstack.Tests.Unit.Services.GiftCardServiceTests.VoidGiftCardAsync_MarksCardAsVoided" computerName="MADOC" duration="00:00:00.0535513" startTime="2026-02-13T21:38:09.6622606+02:00" endTime="2026-02-13T21:38:09.6622611+02:00" testType="13cdc9d9-ddb5-4fa4-a97d-d965ccfc6d4b" outcome="Passed" testListId="8c84fa94-04c1-424b-9868-57a2d4851a1d" relativeResultsDirectory="e9af771d-fb87-414e-ad87-5bba5bf720bd" />
    <UnitTestResult executionId="6899a7f3-3a61-44f7-8c13-5393cf324a63" testId="61992aaa-3651-c04b-db41-9786530c8973" testName="SAFARIstack.Tests.Unit.Domain.ApplicationUserTests.RecordLogin_ResetsFailedAttempts" computerName="MADOC" duration="00:00:00.0010387" startTime="2026-02-13T21:38:02.6830645+02:00" endTime="2026-02-13T21:38:02.6830647+02:00" testType="13cdc9d9-ddb5-4fa4-a97d-d965ccfc6d4b" outcome="Passed" testListId="8c84fa94-04c1-424b-9868-57a2d4851a1d" relativeResultsDirectory="6899a7f3-3a61-44f7-8c13-5393cf324a63" />
    <UnitTestResult executionId="a2987954-ab75-4005-8838-6a1d5caa43d8" testId="e78bf23c-4552-9e4f-d160-423582b9cc79" testName="SAFARIstack.Tests.Unit.Validators.RfidHeartbeatRequestValidatorTests.EmptyReaderId_Fails" computerName="MADOC" duration="00:00:00.0082953" startTime="2026-02-13T21:38:02.7419254+02:00" endTime="2026-02-13T21:38:02.7419255+02:00" testType="13cdc9d9-ddb5-4fa4-a97d-d965ccfc6d4b" outcome="Passed" testListId="8c84fa94-04c1-424b-9868-57a2d4851a1d" relativeResultsDirectory="a2987954-ab75-4005-8838-6a1d5caa43d8" />
    <UnitTestResult executionId="95bc79f5-9096-4da8-9903-fe8b5d7a2dba" testId="6824ccbe-1eb9-c66e-88b0-4bf4e638cd41" testName="SAFARIstack.Tests.Unit.Domain.EnterpriseEntityTests.GiftCard_Void_ChangesStatusToVoided" computerName="MADOC" duration="00:00:00.0005172" startTime="2026-02-13T21:38:02.7504453+02:00" endTime="2026-02-13T21:38:02.7504455+02:00" testType="13cdc9d9-ddb5-4fa4-a97d-d965ccfc6d4b" outcome="Passed" testListId="8c84fa94-04c1-424b-9868-57a2d4851a1d" relativeResultsDirectory="95bc79f5-9096-4da8-9903-fe8b5d7a2dba" />
    <UnitTestResult executionId="17a5025d-e104-429b-aff1-2c1ee326bc40" testId="e84c54b2-4e50-74f7-b13e-df9627569cc0" testName="SAFARIstack.Tests.Unit.Domain.GuestLoyaltyTests.RecordStay_TierUpgrade_BasedOnNights(totalNights: 50, expectedTier: Gold)" computerName="MADOC" duration="00:00:00.0000382" startTime="2026-02-13T21:38:02.8710972+02:00" endTime="2026-02-13T21:38:02.8710973+02:00" testType="13cdc9d9-ddb5-4fa4-a97d-d965ccfc6d4b" outcome="Passed" testListId="8c84fa94-04c1-424b-9868-57a2d4851a1d" relativeResultsDirectory="17a5025d-e104-429b-aff1-2c1ee326bc40" />
    <UnitTestResult executionId="399d06d7-40e4-461b-8511-4f2714460aa8" testId="80849279-c406-a511-8c37-c0ced33935a6" testName="SAFARIstack.Tests.Unit.Domain.RoomTests.UpdateStatus_ChangesStatus" computerName="MADOC" duration="00:00:00.0004018" startTime="2026-02-13T21:38:02.7979679+02:00" endTime="2026-02-13T21:38:02.7979680+02:00" testType="13cdc9d9-ddb5-4fa4-a97d-d965ccfc6d4b" outcome="Passed" testListId="8c84fa94-04c1-424b-9868-57a2d4851a1d" relativeResultsDirectory="399d06d7-40e4-461b-8511-4f2714460aa8" />
    <UnitTestResult executionId="61ace4a1-0ad6-49c0-8b9b-06f38a5bc4a8" testId="737ee44b-5903-df2d-26e9-813d1fea3041" testName="SAFARIstack.Tests.Unit.Domain.RolePermissionTests.Create_SetsIds" computerName="MADOC" duration="00:00:00.0014675" startTime="2026-02-13T21:38:02.6833341+02:00" endTime="2026-02-13T21:38:02.6833343+02:00" testType="13cdc9d9-ddb5-4fa4-a97d-d965ccfc6d4b" outcome="Passed" testListId="8c84fa94-04c1-424b-9868-57a2d4851a1d" relativeResultsDirectory="61ace4a1-0ad6-49c0-8b9b-06f38a5bc4a8" />
    <UnitTestResult executionId="3ddd6f51-bcab-4d67-8134-c4d0dae8bf8d" testId="bd14f65c-7f6c-45df-99c4-8db803e492b8" testName="SAFARIstack.Tests.Unit.Domain.EmailTemplateTests.Update_SetsNewValues" computerName="MADOC" duration="00:00:00.0008609" startTime="2026-02-13T21:38:02.7806330+02:00" endTime="2026-02-13T21:38:02.7806331+02:00" testType="13cdc9d9-ddb5-4fa4-a97d-d965ccfc6d4b" outcome="Passed" testListId="8c84fa94-04c1-424b-9868-57a2d4851a1d" relativeResultsDirectory="3ddd6f51-bcab-4d67-8134-c4d0dae8bf8d" />
    <UnitTestResult executionId="c33c6ac7-a4dd-436b-be53-4f676a6c8edf" testId="3fee99aa-b21a-155d-ba97-147a4e70585a" testName="SAFARIstack.Tests.Unit.Base.EnumerationTests.GetAll_ReturnsAllStaticFields" computerName="MADOC" duration="00:00:00.0006717" startTime="2026-02-13T21:38:02.8656904+02:00" endTime="2026-02-13T21:38:02.8656905+02:00" testType="13cdc9d9-ddb5-4fa4-a97d-d965ccfc6d4b" outcome="Passed" testListId="8c84fa94-04c1-424b-9868-57a2d4851a1d" relativeResultsDirectory="c33c6ac7-a4dd-436b-be53-4f676a6c8edf" />
    <UnitTestResult executionId="212677f2-6386-408a-86b1-95ec508059b0" testId="e9c031e9-63bc-ba92-d492-62c02248daef" testName="SAFARIstack.Tests.Unit.Domain.MerchantConfigurationTests.UpdateUrls_SetsAll" computerName="MADOC" duration="00:00:00.0033405" startTime="2026-02-13T21:38:02.4934569+02:00" endTime="2026-02-13T21:38:02.4934571+02:00" testType="13cdc9d9-ddb5-4fa4-a97d-d965ccfc6d4b" outcome="Passed" testListId="8c84fa94-04c1-424b-9868-57a2d4851a1d" relativeResultsDirectory="212677f2-6386-408a-86b1-95ec508059b0" />
    <UnitTestResult executionId="13394193-eb52-49bd-8d08-f8d576cc18c9" testId="cd18548d-1ec4-9b80-f105-8bf61e471b7b" testName="SAFARIstack.Tests.Unit.Domain.PaymentTests.Create_ZeroAmount_Throws" computerName="MADOC" duration="00:00:00.0021976" startTime="2026-02-13T21:38:02.8742516+02:00" endTime="2026-02-13T21:38:02.8742518+02:00" testType="13cdc9d9-ddb5-4fa4-a97d-d965ccfc6d4b" outcome="Passed" testListId="8c84fa94-04c1-424b-9868-57a2d4851a1d" relativeResultsDirectory="13394193-eb52-49bd-8d08-f8d576cc18c9" />
    <UnitTestResult executionId="eb36f0db-9b3c-429a-b46a-a53a682c8ac2" testId="66dae0dd-99cc-5125-c1f2-96181ea822de" testName="SAFARIstack.Tests.Unit.Domain.FolioTests.AddCharge_MultipleCharges_AccumulatesCorrectly" computerName="MADOC" duration="00:00:00.0007050" startTime="2026-02-13T21:38:02.8980174+02:00" endTime="2026-02-13T21:38:02.8980175+02:00" testType="13cdc9d9-ddb5-4fa4-a97d-d965ccfc6d4b" outcome="Passed" testListId="8c84fa94-04c1-424b-9868-57a2d4851a1d" relativeResultsDirectory="eb36f0db-9b3c-429a-b46a-a53a682c8ac2" />
    <UnitTestResult executionId="f1aa0b4b-d6a2-4964-866b-de009c4b7ef1" testId="d2c6c2df-5324-4f99-47a8-52bdc0d5f507" testName="SAFARIstack.Tests.Unit.Base.EnumerationTests.FromName_CaseInsensitive" computerName="MADOC" duration="00:00:00.0003312" startTime="2026-02-13T21:38:02.8653389+02:00" endTime="2026-02-13T21:38:02.8653390+02:00" testType="13cdc9d9-ddb5-4fa4-a97d-d965ccfc6d4b" outcome="Passed" testListId="8c84fa94-04c1-424b-9868-57a2d4851a1d" relativeResultsDirectory="f1aa0b4b-d6a2-4964-866b-de009c4b7ef1" />
    <UnitTestResult executionId="dd09013d-f47c-411d-881e-42d655cc34ea" testId="52fcd472-e056-00d9-b644-cea036ed4736" testName="SAFARIstack.Tests.Unit.Domain.MerchantConfigurationTests.Create_AllProviderTypes_Succeeds(type: PayFast)" computerName="MADOC" duration="00:00:00.0000126" startTime="2026-02-13T21:38:02.4972386+02:00" endTime="2026-02-13T21:38:02.4972387+02:00" testType="13cdc9d9-ddb5-4fa4-a97d-d965ccfc6d4b" outcome="Passed" testListId="8c84fa94-04c1-424b-9868-57a2d4851a1d" relativeResultsDirectory="dd09013d-f47c-411d-881e-42d655cc34ea" />
    <UnitTestResult executionId="5b2e137b-a9ae-453a-9b71-c8c7ff40a774" testId="d18216b7-4d42-c99a-f708-ecef4bbe3c24" testName="SAFARIstack.Tests.Unit.Domain.FolioTests.Close_SmallRoundingDifference_Succeeds" computerName="MADOC" duration="00:00:00.0005994" startTime="2026-02-13T21:38:02.8884529+02:00" endTime="2026-02-13T21:38:02.8884530+02:00" testType="13cdc9d9-ddb5-4fa4-a97d-d965ccfc6d4b" outcome="Passed" testListId="8c84fa94-04c1-424b-9868-57a2d4851a1d" relativeResultsDirectory="5b2e137b-a9ae-453a-9b71-c8c7ff40a774" />
    <UnitTestResult executionId="2686f98b-cfe2-48ef-a1fd-e19d70bbb952" testId="7a05f048-84e1-ac88-3841-baa9d67c1cdf" testName="SAFARIstack.Tests.Unit.Validators.RfidHeartbeatRequestValidatorTests.ValidRequest_Passes" computerName="MADOC" duration="00:00:00.0004098" startTime="2026-02-13T21:38:02.7422407+02:00" endTime="2026-02-13T21:38:02.7422408+02:00" testType="13cdc9d9-ddb5-4fa4-a97d-d965ccfc6d4b" outcome="Passed" testListId="8c84fa94-04c1-424b-9868-57a2d4851a1d" relativeResultsDirectory="2686f98b-cfe2-48ef-a1fd-e19d70bbb952" />
    <UnitTestResult executionId="a27337f4-11ca-494c-a870-15fe20e7f1de" testId="772931e4-3210-be5e-ff28-0f1aaa641f70" testName="SAFARIstack.Tests.Unit.Domain.EnterpriseEntityTests.GiftCard_Redeem_ThrowsWhenInsufficientBalance" computerName="MADOC" duration="00:00:00.0268023" startTime="2026-02-13T21:38:02.7531607+02:00" endTime="2026-02-13T21:38:02.7531608+02:00" testType="13cdc9d9-ddb5-4fa4-a97d-d965ccfc6d4b" outcome="Passed" testListId="8c84fa94-04c1-424b-9868-57a2d4851a1d" relativeResultsDirectory="a27337f4-11ca-494c-a870-15fe20e7f1de" />
    <UnitTestResult executionId="9d5903d3-c06d-4058-8a98-4be4b4d17291" testId="54b183a1-c620-8150-aca3-9a2524c05b9b" testName="SAFARIstack.Tests.Unit.Domain.RfidCardTests.UpdateLastUsed_SetsTimestamp" computerName="MADOC" duration="00:00:00.0007460" startTime="2026-02-13T21:38:02.7441941+02:00" endTime="2026-02-13T21:38:02.7441943+02:00" testType="13cdc9d9-ddb5-4fa4-a97d-d965ccfc6d4b" outcome="Passed" testListId="8c84fa94-04c1-424b-9868-57a2d4851a1d" relativeResultsDirectory="9d5903d3-c06d-4058-8a98-4be4b4d17291" />
    <UnitTestResult executionId="24e4ffcc-382f-4991-b73c-ff9c82322bf5" testId="c66fa6ee-c57f-d93b-3761-48562408594d" testName="SAFARIstack.Tests.Unit.Domain.EnterpriseEntityTests.PropertyGroup_AddProperty_AddsAndPreventsDuplicates" computerName="MADOC" duration="00:00:00.0085894" startTime="2026-02-13T21:38:02.7364545+02:00" endTime="2026-02-13T21:38:02.7364546+02:00" testType="13cdc9d9-ddb5-4fa4-a97d-d965ccfc6d4b" outcome="Passed" testListId="8c84fa94-04c1-424b-9868-57a2d4851a1d" relativeResultsDirectory="24e4ffcc-382f-4991-b73c-ff9c82322bf5" />
    <UnitTestResult executionId="18ac12c3-64a0-42bf-9db0-c596091d6566" testId="b2890d42-e1ba-cdff-2868-4c6b7b02edae" testName="SAFARIstack.Tests.Unit.ValueObjects.PercentageTests.FromPercent_Valid_ConvertsFractionCorrectly" computerName="MADOC" duration="00:00:00.0003208" startTime="2026-02-13T21:38:02.4929829+02:00" endTime="2026-02-13T21:38:02.4929831+02:00" testType="13cdc9d9-ddb5-4fa4-a97d-d965ccfc6d4b" outcome="Passed" testListId="8c84fa94-04c1-424b-9868-57a2d4851a1d" relativeResultsDirectory="18ac12c3-64a0-42bf-9db0-c596091d6566" />
    <UnitTestResult executionId="d5dc208f-de72-4755-81d6-bc0eaafea05d" testId="0acb3037-3ae3-24a0-616b-cf86f70514dd" testName="SAFARIstack.Tests.Unit.Domain.GuestLoyaltyTests.RecordStay_TierUpgrade_BasedOnNights(totalNights: 20, expectedTier: Silver)" computerName="MADOC" duration="00:00:00.0000332" startTime="2026-02-13T21:38:02.8713163+02:00" endTime="2026-02-13T21:38:02.8713166+02:00" testType="13cdc9d9-ddb5-4fa4-a97d-d965ccfc6d4b" outcome="Passed" testListId="8c84fa94-04c1-424b-9868-57a2d4851a1d" relativeResultsDirectory="d5dc208f-de72-4755-81d6-bc0eaafea05d" />
    <UnitTestResult executionId="8bee3894-35ea-429a-9d3d-bbeab6470617" testId="9fa6b3fb-dacb-31c8-c849-85d612ed40d4" testName="SAFARIstack.Tests.Unit.Validators.RegisterRequestValidatorTests.InvalidEmail_Fails(email: &quot;&quot;)" computerName="MADOC" duration="00:00:00.0071498" startTime="2026-02-13T21:38:02.6990575+02:00" endTime="2026-02-13T21:38:02.6990578+02:00" testType="13cdc9d9-ddb5-4fa4-a97d-d965ccfc6d4b" outcome="Passed" testListId="8c84fa94-04c1-424b-9868-57a2d4851a1d" relativeResultsDirectory="8bee3894-35ea-429a-9d3d-bbeab6470617" />
    <UnitTestResult executionId="d99a11e9-a14a-4b59-85b2-a5b60b191901" testId="fa414449-b957-2142-314c-4f1d70b1e24c" testName="SAFARIstack.Tests.Unit.Domain.SeasonTests.CoversDate_ReturnExpectedResult(year: 2026, month: 6, day: 30, expected: True)" computerName="MADOC" duration="00:00:00.0218539" startTime="2026-02-13T21:38:02.5166191+02:00" endTime="2026-02-13T21:38:02.5166192+02:00" testType="13cdc9d9-ddb5-4fa4-a97d-d965ccfc6d4b" outcome="Passed" testListId="8c84fa94-04c1-424b-9868-57a2d4851a1d" relativeResultsDirectory="d99a11e9-a14a-4b59-85b2-a5b60b191901" />
    <UnitTestResult executionId="ccf60207-8e2a-4ff5-8947-f8bda250606c" testId="34b42155-c9b0-02ef-6064-ab6d1d700f9b" testName="SAFARIstack.Tests.Unit.Domain.GuestTests.Create_RaisesGuestCreatedEvent" computerName="MADOC" duration="00:00:00.0008326" startTime="2026-02-13T21:38:02.8583366+02:00" endTime="2026-02-13T21:38:02.8583392+02:00" testType="13cdc9d9-ddb5-4fa4-a97d-d965ccfc6d4b" outcome="Passed" testListId="8c84fa94-04c1-424b-9868-57a2d4851a1d" relativeResultsDirectory="ccf60207-8e2a-4ff5-8947-f8bda250606c" />
    <UnitTestResult executionId="cd9a972a-119e-42fb-91e2-7807d576961a" testId="b36d1271-72b1-323e-5561-0a4e26bb0fe7" testName="SAFARIstack.Tests.Unit.Domain.PropertySettingsTests.UpdateOperationalSettings_InvalidTourismLevyRate_Throws(rate: 1,01)" computerName="MADOC" duration="00:00:00.0018349" startTime="2026-02-13T21:38:02.9633579+02:00" endTime="2026-02-13T21:38:02.9633581+02:00" testType="13cdc9d9-ddb5-4fa4-a97d-d965ccfc6d4b" outcome="Passed" testListId="8c84fa94-04c1-424b-9868-57a2d4851a1d" relativeResultsDirectory="cd9a972a-119e-42fb-91e2-7807d576961a" />
    <UnitTestResult executionId="c5b27c97-372d-43e3-8c86-85101cab3d47" testId="f2152adf-a37c-98d0-2c00-af160866d578" testName="SAFARIstack.Tests.Unit.Validators.RfidCheckInRequestValidatorTests.ValidRequest_Passes" computerName="MADOC" duration="00:00:00.1562638" startTime="2026-02-13T21:38:02.5265936+02:00" endTime="2026-02-13T21:38:02.5265939+02:00" testType="13cdc9d9-ddb5-4fa4-a97d-d965ccfc6d4b" outcome="Passed" testListId="8c84fa94-04c1-424b-9868-57a2d4851a1d" relativeResultsDirectory="c5b27c97-372d-43e3-8c86-85101cab3d47" />
    <UnitTestResult executionId="c8bcbd42-52ae-489c-ad1d-2d421eaf662a" testId="64731cd4-1a89-d5e7-3b24-54373acaa3f0" testName="SAFARIstack.Tests.Unit.Domain.FolioLineItemTests.Void_SetsVoidedAndReason" computerName="MADOC" duration="00:00:00.0011432" startTime="2026-02-13T21:38:02.5144939+02:00" endTime="2026-02-13T21:38:02.5144942+02:00" testType="13cdc9d9-ddb5-4fa4-a97d-d965ccfc6d4b" outcome="Passed" testListId="8c84fa94-04c1-424b-9868-57a2d4851a1d" relativeResultsDirectory="c8bcbd42-52ae-489c-ad1d-2d421eaf662a" />
    <UnitTestResult executionId="d57825eb-b426-41a5-8dae-813246505b44" testId="637097f5-ce4f-dc31-7675-13996f6bd793" testName="SAFARIstack.Tests.Unit.Services.AiConciergeServiceTests.HandleInquiryAsync_ClassifiesIntentCorrectly(question: &quot;Are there any shops nearby?&quot;, expectedIntent: &quot;LocalInfo&quot;)" computerName="MADOC" duration="00:00:00.1145469" startTime="2026-02-13T21:38:09.2609703+02:00" endTime="2026-02-13T21:38:09.2609710+02:00" testType="13cdc9d9-ddb5-4fa4-a97d-d965ccfc6d4b" outcome="Passed" testListId="8c84fa94-04c1-424b-9868-57a2d4851a1d" relativeResultsDirectory="d57825eb-b426-41a5-8dae-813246505b44" />
    <UnitTestResult executionId="95c95fd9-a979-4373-8220-c68d04a1ea7a" testId="78ff913f-a539-37c4-1e63-783eb4ccc79a" testName="SAFARIstack.Tests.Unit.Services.GuestInboxServiceTests.SendReplyAsync_UpdatesMessageStatus" computerName="MADOC" duration="00:00:00.0207936" startTime="2026-02-13T21:38:10.5062171+02:00" endTime="2026-02-13T21:38:10.5062179+02:00" testType="13cdc9d9-ddb5-4fa4-a97d-d965ccfc6d4b" outcome="Passed" testListId="8c84fa94-04c1-424b-9868-57a2d4851a1d" relativeResultsDirectory="95c95fd9-a979-4373-8220-c68d04a1ea7a" />
[...]
    <TestEntry testId="609facc3-dd59-be89-ccd6-2e45f5294337" executionId="4ba75e22-a94a-460c-8948-671cd0c30d2a" testListId="8c84fa94-04c1-424b-9868-57a2d4851a1d" />
    <TestEntry testId="5f75a212-7c47-a4bd-34d6-42e45b34597f" executionId="9d0ce66c-2a1f-4f13-a122-4504021178fe" testListId="8c84fa94-04c1-424b-9868-57a2d4851a1d" />
    <TestEntry testId="4adf8034-449f-a727-4e69-2295e49d745e" executionId="eca28a3b-636c-488b-854d-4d243cbb819f" testListId="8c84fa94-04c1-424b-9868-57a2d4851a1d" />
    <TestEntry testId="f6853484-bb91-fe2c-8707-5d4a542d4b9c" executionId="bd44fb71-9fc3-4da6-a876-a7a9eb66da0c" testListId="8c84fa94-04c1-424b-9868-57a2d4851a1d" />
    <TestEntry testId="9998db8a-570c-aefc-5918-f35b63deb467" executionId="ce501585-1dfe-43a3-93e7-1cd45937b758" testListId="8c84fa94-04c1-424b-9868-57a2d4851a1d" />
    <TestEntry testId="30e0f59a-bb1a-4885-4512-47da12862bb8" executionId="417d335a-c929-4dab-aeda-681f6b1bdb74" testListId="8c84fa94-04c1-424b-9868-57a2d4851a1d" />
    <TestEntry testId="61832c43-fa2b-00b6-5a07-b1712f037df5" executionId="bc643c36-79fa-49f1-86cf-8613483e3697" testListId="8c84fa94-04c1-424b-9868-57a2d4851a1d" />
    <TestEntry testId="90f0dd62-5d64-a28d-388e-dbd946d92e4d" executionId="31ed64d2-186f-43fe-bc35-6baf930c06f8" testListId="8c84fa94-04c1-424b-9868-57a2d4851a1d" />
    <TestEntry testId="db2429b7-8feb-1f1d-f35e-36d1195ae821" executionId="3f24973e-8820-4468-83e5-201acd80686b" testListId="8c84fa94-04c1-424b-9868-57a2d4851a1d" />
    <TestEntry testId="038b9875-39c1-9fe6-64bb-7f48e33de5a6" executionId="aa2d44d2-30c6-4f2c-b915-d0aede0f825a" testListId="8c84fa94-04c1-424b-9868-57a2d4851a1d" />
    <TestEntry testId="67de0c79-d534-571f-4408-db156216cbc0" executionId="ea183997-95ac-4f5a-999f-acff6c90f3cd" testListId="8c84fa94-04c1-424b-9868-57a2d4851a1d" />
    <TestEntry testId="d5b038c3-43f7-53dd-2cdf-23a9a95ac0ce" executionId="ad147f97-9bd3-4ee2-b3c9-a82c350947e4" testListId="8c84fa94-04c1-424b-9868-57a2d4851a1d" />
    <TestEntry testId="74926296-eaf5-1082-7f7d-4a8db8627b0f" executionId="6a7adb8d-5e2b-4b57-8aca-f4bc77c365ee" testListId="8c84fa94-04c1-424b-9868-57a2d4851a1d" />
    <TestEntry testId="2963d712-b84f-aeb5-8162-c43f38a2bf34" executionId="e98ffd04-01d5-474a-a648-5d8471586e1f" testListId="8c84fa94-04c1-424b-9868-57a2d4851a1d" />
    <TestEntry testId="71e18a18-2074-393e-4ff0-b78ba1c98fbd" executionId="3c95992b-84b3-4204-a17c-a0e9de55460c" testListId="8c84fa94-04c1-424b-9868-57a2d4851a1d" />
    <TestEntry testId="0f4c9ca2-0ce6-ea03-8fd6-40fe20cea0e0" executionId="b5398eac-0b0c-4325-a364-05e6e13ccf86" testListId="8c84fa94-04c1-424b-9868-57a2d4851a1d" />
    <TestEntry testId="a6df2adc-cd0a-c2fc-0e4b-f2d23a14bd14" executionId="9d56ac20-0fb1-4000-84c6-a43ea1eb62a8" testListId="8c84fa94-04c1-424b-9868-57a2d4851a1d" />
    <TestEntry testId="a2d0825a-ced7-bb69-4720-0e26d59e447c" executionId="cded8452-a923-4499-abf2-8d7c71305e80" testListId="8c84fa94-04c1-424b-9868-57a2d4851a1d" />
    <TestEntry testId="b841c32b-93b0-7cb1-21ad-70c6c1e57a35" executionId="ad4c5763-be31-4eeb-a2e2-1f08f96d102a" testListId="8c84fa94-04c1-424b-9868-57a2d4851a1d" />
    <TestEntry testId="8809b8f3-fb0f-8568-b8a7-5923e9ddb7b1" executionId="4b103fc5-012d-4ad1-bbd5-bd488006e4ad" testListId="8c84fa94-04c1-424b-9868-57a2d4851a1d" />
    <TestEntry testId="9638e08c-244c-266f-0eec-2889beb69703" executionId="bd103a08-aada-4c6b-b3d3-66e94faa2328" testListId="8c84fa94-04c1-424b-9868-57a2d4851a1d" />
    <TestEntry testId="ec1cf2d6-e364-c1c7-b67a-e8ed6c7ee4cf" executionId="27855316-e0ee-4edc-b924-0a45f3bdd03f" testListId="8c84fa94-04c1-424b-9868-57a2d4851a1d" />
    <TestEntry testId="7a18befe-ef13-2001-03f8-78d4a91f1fc4" executionId="9971fad8-7f4b-4783-a521-77767a684840" testListId="8c84fa94-04c1-424b-9868-57a2d4851a1d" />
    <TestEntry testId="4106280d-4011-ab40-3da2-9c084b196a37" executionId="e26f7b6f-84dc-4097-adbe-bd9f9a079428" testListId="8c84fa94-04c1-424b-9868-57a2d4851a1d" />
    <TestEntry testId="cc468304-062f-afdd-8f74-a216f39dbede" executionId="dd2aab40-2f5e-4134-b8d0-1fcba6c17392" testListId="8c84fa94-04c1-424b-9868-57a2d4851a1d" />
    <TestEntry testId="1a030d43-b5e8-9865-08e7-f6b78dc541c8" executionId="3ca80472-4123-4406-89c0-125a7706ed21" testListId="8c84fa94-04c1-424b-9868-57a2d4851a1d" />
    <TestEntry testId="d381fe8e-367c-7e11-ecc8-660ce042aa56" executionId="3f3de0e5-34f6-4a5b-b54b-c520376cca9a" testListId="8c84fa94-04c1-424b-9868-57a2d4851a1d" />
    <TestEntry testId="6f95d599-fcdb-83d0-1fde-48ce01b4884e" executionId="22dc139e-dbf0-45f5-8da1-476611264ff5" testListId="8c84fa94-04c1-424b-9868-57a2d4851a1d" />
    <TestEntry testId="1aea3514-ddf5-b12d-3f9a-bc76ac023703" executionId="7d4c93d7-6ebb-492f-a6c2-5d8152f3fc41" testListId="8c84fa94-04c1-424b-9868-57a2d4851a1d" />
    <TestEntry testId="a26771db-5fa0-a780-ca6e-4683e107cbb3" executionId="008da088-7dea-4be2-8e1d-9b07bde5dedf" testListId="8c84fa94-04c1-424b-9868-57a2d4851a1d" />
    <TestEntry testId="326e2e2e-0408-3516-0f13-08a4e6025310" executionId="859fb7f7-d98f-4240-8580-1f91c1606744" testListId="8c84fa94-04c1-424b-9868-57a2d4851a1d" />
    <TestEntry testId="35908c9e-837b-a92d-9942-c3378b4eb102" executionId="2a37e0c7-0b33-4baa-b8c0-f6534ac0782c" testListId="8c84fa94-04c1-424b-9868-57a2d4851a1d" />
    <TestEntry testId="42c4cdfc-2b45-092a-dafd-38ded0f25fb4" executionId="c11f0f67-2984-40e2-85a2-3334ff903786" testListId="8c84fa94-04c1-424b-9868-57a2d4851a1d" />
    <TestEntry testId="be739eb1-d68c-38b7-21a7-5b557ccfb891" executionId="8861988d-8a87-4ee8-8dcf-e0db42bc5847" testListId="8c84fa94-04c1-424b-9868-57a2d4851a1d" />
    <TestEntry testId="6a7050fd-ace7-f8b0-8ccb-f1b923358e6d" executionId="bdbbddc6-3077-47e6-9444-d08f611a54a5" testListId="8c84fa94-04c1-424b-9868-57a2d4851a1d" />
    <TestEntry testId="24e5aa4e-c1b5-9738-1ffa-b6e41140ffb4" executionId="51819563-32b5-4c10-8645-cc7852d6b899" testListId="8c84fa94-04c1-424b-9868-57a2d4851a1d" />
    <TestEntry testId="b5bb63db-9b61-5784-204d-4b6daefe14fa" executionId="60340eac-419c-4e3c-9b07-6f6b3339871e" testListId="8c84fa94-04c1-424b-9868-57a2d4851a1d" />
    <TestEntry testId="7c1f6603-fa26-77c7-2fe3-ea0c4f81f8fe" executionId="a1bb13ae-64c6-4324-af60-cdde86422296" testListId="8c84fa94-04c1-424b-9868-57a2d4851a1d" />
    <TestEntry testId="63da8ef7-a6ab-e6ce-eac9-319a74d80226" executionId="1809c2bb-4381-48d7-b545-51c4642b7ca3" testListId="8c84fa94-04c1-424b-9868-57a2d4851a1d" />
    <TestEntry testId="cf359a77-50ca-545a-8d3b-ed5b25be2585" executionId="c7ba2ba0-e6bf-44bd-8c64-d3c0d5072884" testListId="8c84fa94-04c1-424b-9868-57a2d4851a1d" />
    <TestEntry testId="6440c9d1-002e-5c27-c7e7-78826538946f" executionId="f8dda720-b922-4911-81d1-bf5f1a0bdb89" testListId="8c84fa94-04c1-424b-9868-57a2d4851a1d" />
    <TestEntry testId="36c6b7b9-2ddd-bf76-7345-d8b1ba0f3b31" executionId="0d785d5a-2f83-4799-a3fc-587d41db38e1" testListId="8c84fa94-04c1-424b-9868-57a2d4851a1d" />
    <TestEntry testId="157e1997-6067-430e-2355-230dfe019f1e" executionId="6142c984-679a-4fed-996b-ffed7cfc4c59" testListId="8c84fa94-04c1-424b-9868-57a2d4851a1d" />
    <TestEntry testId="29cf298f-0a9e-315a-01c5-7c5452f4f0a3" executionId="799d51a8-0fc7-4a9f-b5b6-dfdf9c2c7a53" testListId="8c84fa94-04c1-424b-9868-57a2d4851a1d" />
    <TestEntry testId="2f945cb0-2d38-9df1-04c6-97b81d80c5e5" executionId="b4328911-467d-4a78-9cb6-b22239163126" testListId="8c84fa94-04c1-424b-9868-57a2d4851a1d" />
    <TestEntry testId="9edecd31-c94f-e7bc-9659-ef55476efa75" executionId="d87708fb-8fca-414d-9b03-6158573f63c1" testListId="8c84fa94-04c1-424b-9868-57a2d4851a1d" />
    <TestEntry testId="7576243b-9c2d-c664-baa0-dd9f23233a8f" executionId="70078ef0-04f1-4181-89e0-2d1c37e480f4" testListId="8c84fa94-04c1-424b-9868-57a2d4851a1d" />
    <TestEntry testId="8bc5ab72-0f5f-643a-8602-d0a25d88196a" executionId="d3d6a3ae-5d3e-4f9c-a213-0ed3f5420f32" testListId="8c84fa94-04c1-424b-9868-57a2d4851a1d" />
    <TestEntry testId="435197a1-fcb2-222d-fe69-e2623aafb45f" executionId="1c711e58-5897-4665-9049-de82ddafb5e8" testListId="8c84fa94-04c1-424b-9868-57a2d4851a1d" />
    <TestEntry testId="eeea6062-324f-f80e-2818-cb4eba8ebf70" executionId="eb787b68-27de-485b-ae97-a4da5908f317" testListId="8c84fa94-04c1-424b-9868-57a2d4851a1d" />
    <TestEntry testId="68adb6c4-5f1a-7346-f4fb-2375fff14f47" executionId="8ec81744-2d4e-4c89-a6d4-73e4ed2d46d2" testListId="8c84fa94-04c1-424b-9868-57a2d4851a1d" />
    <TestEntry testId="d5759162-a4df-2ff2-9fbb-174124ecc9dd" executionId="28af2c08-762f-4197-bf94-fbb69bf731a1" testListId="8c84fa94-04c1-424b-9868-57a2d4851a1d" />
    <TestEntry testId="91ac3f21-30cb-b125-575d-3121826f421e" executionId="3bf55714-2a08-4e96-a3cf-8712e1270350" testListId="8c84fa94-04c1-424b-9868-57a2d4851a1d" />
    <TestEntry testId="95c5f3ee-42a2-1330-b386-1594aedd815f" executionId="3aa695cc-114d-4c86-89b7-36f44f7aabb3" testListId="8c84fa94-04c1-424b-9868-57a2d4851a1d" />
    <TestEntry testId="cb1467a6-5c49-e868-6a9f-59e4c6b37ebb" executionId="87394a6e-3065-4b54-91c0-166af5164722" testListId="8c84fa94-04c1-424b-9868-57a2d4851a1d" />
    <TestEntry testId="5591afcf-c85d-8a1e-1ef4-1c7704beabb7" executionId="41db6c30-a3ed-4a3d-bee4-1b328f88cd91" testListId="8c84fa94-04c1-424b-9868-57a2d4851a1d" />
    <TestEntry testId="cb69b0f5-309a-e53b-9b52-7063d828d1a0" executionId="843731e0-1c88-4f65-8196-037db5ce7c66" testListId="8c84fa94-04c1-424b-9868-57a2d4851a1d" />
    <TestEntry testId="afe4988f-7519-209c-a0ac-097709cac258" executionId="ed422506-89a5-4a2f-aa8c-84ae3014049a" testListId="8c84fa94-04c1-424b-9868-57a2d4851a1d" />
    <TestEntry testId="dd71db32-d674-32d8-2906-e8b13ccc0a13" executionId="d28ccb85-3243-4526-8791-156aee697faa" testListId="8c84fa94-04c1-424b-9868-57a2d4851a1d" />
    <TestEntry testId="a592cd3f-5eb8-86c8-2a89-e8b2799693e8" executionId="03e6d032-2be8-4cf6-ac06-676360ff76d5" testListId="8c84fa94-04c1-424b-9868-57a2d4851a1d" />
    <TestEntry testId="d80e9571-55b1-be3c-9188-ae3ec9558a4b" executionId="6d18afec-dd65-4ce1-82c9-cca9420541c8" testListId="8c84fa94-04c1-424b-9868-57a2d4851a1d" />
    <TestEntry testId="f7c50e35-6778-2fa4-c756-284419f9e55e" executionId="97f8949c-d7a5-4064-9047-1e7c2d132564" testListId="8c84fa94-04c1-424b-9868-57a2d4851a1d" />
    <TestEntry testId="339297cf-83e0-ae1f-a70a-386b23d780b7" executionId="817c010f-eaec-4025-b548-f2dd93904057" testListId="8c84fa94-04c1-424b-9868-57a2d4851a1d" />
    <TestEntry testId="975528cd-cbce-a3e4-3d88-7973696eb596" executionId="d0057a92-d754-4c67-b1f3-fd91b5b708e0" testListId="8c84fa94-04c1-424b-9868-57a2d4851a1d" />
    <TestEntry testId="6668dfea-8b5c-2386-bf51-c19463396865" executionId="02825015-cc7e-4a1c-a123-e52101a7fd34" testListId="8c84fa94-04c1-424b-9868-57a2d4851a1d" />
    <TestEntry testId="0111f27d-ea6f-313d-19eb-478898b358df" executionId="983363b8-c4c2-499c-80c4-622190b96457" testListId="8c84fa94-04c1-424b-9868-57a2d4851a1d" />
    <TestEntry testId="0cc8adc7-9253-38bc-48aa-e0d872a40c46" executionId="13fb22ac-45ee-4222-90c6-98480035ee93" testListId="8c84fa94-04c1-424b-9868-57a2d4851a1d" />
    <TestEntry testId="57bee17c-f99a-ae6c-4eab-6688423ce836" executionId="80aee0ce-7ada-4be1-9f1c-20ef02da1d2d" testListId="8c84fa94-04c1-424b-9868-57a2d4851a1d" />
    <TestEntry testId="b9bcf3a6-d83f-441e-20cc-66f2531e340c" executionId="84c96358-2d09-4ab1-9774-1af678e49bcf" testListId="8c84fa94-04c1-424b-9868-57a2d4851a1d" />
    <TestEntry testId="2bfb5a39-9670-26ed-a862-f9630264a70a" executionId="a60c5797-703b-4a2a-925f-c83b625c4eea" testListId="8c84fa94-04c1-424b-9868-57a2d4851a1d" />
    <TestEntry testId="02decdb1-019c-82ae-51b2-acd3869372a5" executionId="e4d3221a-8c34-4c0b-9865-746bc44ca0dd" testListId="8c84fa94-04c1-424b-9868-57a2d4851a1d" />
    <TestEntry testId="06461319-a218-d2c9-5d4c-c28ab4b4a7bb" executionId="e4f59a2c-4c41-48fc-bf52-bf01f477d942" testListId="8c84fa94-04c1-424b-9868-57a2d4851a1d" />
    <TestEntry testId="2f339b08-24a5-9997-935a-bdac4d1b8a90" executionId="c8705df4-e7f6-442d-a72b-be0318ea0ca5" testListId="8c84fa94-04c1-424b-9868-57a2d4851a1d" />
    <TestEntry testId="5692ea8b-750a-113f-eb12-93fbee1d6a1b" executionId="ea40adf2-c4f2-4303-99f4-a0573811611d" testListId="8c84fa94-04c1-424b-9868-57a2d4851a1d" />
    <TestEntry testId="06c7b017-adaa-ba00-d732-03bb72d495b2" executionId="fefcc31c-7e8e-42f7-b303-c294f4831e6a" testListId="8c84fa94-04c1-424b-9868-57a2d4851a1d" />
    <TestEntry testId="9a216892-5582-af1e-63d4-bd3f3edb22d3" executionId="24fc2f41-cf9a-4d10-baae-d35cc5932639" testListId="8c84fa94-04c1-424b-9868-57a2d4851a1d" />
    <TestEntry testId="37255447-cc72-e072-fb29-ebfa5b5f8171" executionId="3a46576e-ace1-40cf-b3dc-4050ae4d44df" testListId="8c84fa94-04c1-424b-9868-57a2d4851a1d" />
    <TestEntry testId="ccdf26fa-6c09-a0bf-fcef-bb5c9e82b499" executionId="363566e2-3a53-4f1a-8151-a56d235755f6" testListId="8c84fa94-04c1-424b-9868-57a2d4851a1d" />
    <TestEntry testId="4d96745c-2cc2-01a5-1e5b-6e399d8bf03e" executionId="9b663acf-a4fb-4882-a7df-34a552ba3458" testListId="8c84fa94-04c1-424b-9868-57a2d4851a1d" />
    <TestEntry testId="162e4059-44cb-ab1f-37dd-60bcb48b099d" executionId="a4ca948e-a9ee-42f5-b4a1-b66fc39d0c6d" testListId="8c84fa94-04c1-424b-9868-57a2d4851a1d" />
    <TestEntry testId="20b6d027-153f-7f55-4982-f2f6a7c682f9" executionId="aaf5196a-4d1d-484e-80ab-c0a5791fdf57" testListId="8c84fa94-04c1-424b-9868-57a2d4851a1d" />
    <TestEntry testId="f60b3325-3827-afc3-36ad-55a38b1763e9" executionId="50751e4e-470f-462f-af06-2845c5202148" testListId="8c84fa94-04c1-424b-9868-57a2d4851a1d" />
    <TestEntry testId="67ca1b7a-aa7c-864d-dfd7-fd4ece69a5bd" executionId="63a6b206-0132-40f2-aa98-a55dcd80c056" testListId="8c84fa94-04c1-424b-9868-57a2d4851a1d" />
    <TestEntry testId="45155842-ac38-d8bd-1b12-95ed050a745a" executionId="206c1e03-d219-4982-a45d-8a6aa1316b2e" testListId="8c84fa94-04c1-424b-9868-57a2d4851a1d" />
    <TestEntry testId="3126ec62-a46d-06b7-022c-943fef89c37f" executionId="359f1a4d-beef-47c4-a299-45f1813a6fd6" testListId="8c84fa94-04c1-424b-9868-57a2d4851a1d" />
    <TestEntry testId="760656ad-c677-3640-5894-50ca210bd189" executionId="a8a715ef-77c3-4d1d-b1c3-05e744d97ab3" testListId="8c84fa94-04c1-424b-9868-57a2d4851a1d" />
    <TestEntry testId="6275fef7-e938-f425-eae1-12d3fc531167" executionId="3d4d3f64-3329-42e8-ace0-4cfae4d5bcec" testListId="8c84fa94-04c1-424b-9868-57a2d4851a1d" />
    <TestEntry testId="0845c9e4-4f7d-4f27-e45f-6184307dae43" executionId="6d6e53c4-09ec-4296-8133-df17e50a4541" testListId="8c84fa94-04c1-424b-9868-57a2d4851a1d" />
    <TestEntry testId="df0b9502-9d0a-6161-249d-1bf9026949c9" executionId="1136a349-6ccf-4479-95f6-ba90562f01ea" testListId="8c84fa94-04c1-424b-9868-57a2d4851a1d" />
    <TestEntry testId="2dff6181-2bb8-dfe7-c611-cfc31f7dcea7" executionId="ad3ffc36-fba6-4d39-a1c2-d7cbb726dbe1" testListId="8c84fa94-04c1-424b-9868-57a2d4851a1d" />
    <TestEntry testId="4882fe99-5001-3dee-2b2b-648fa53047b2" executionId="b19e162e-7c19-475e-9ee8-e4286667f354" testListId="8c84fa94-04c1-424b-9868-57a2d4851a1d" />
    <TestEntry testId="d37246f5-8e14-fa38-7628-ca1358151df4" executionId="abc62785-6d9b-45e7-bcea-c8f8f1f176b6" testListId="8c84fa94-04c1-424b-9868-57a2d4851a1d" />
    <TestEntry testId="becc37f9-78f4-f94a-a3a1-e5fcf4ee07a0" executionId="85b3df01-6b7d-4d5c-a559-620e8a524ba5" testListId="8c84fa94-04c1-424b-9868-57a2d4851a1d" />
    <TestEntry testId="3689bbdc-a000-c552-3356-545f0b047eb4" executionId="156ba34c-24b5-4a2c-8c97-d7ca6411c829" testListId="8c84fa94-04c1-424b-9868-57a2d4851a1d" />
    <TestEntry testId="52d48905-36ee-61dd-1ce0-1ff0f4ef39b2" executionId="3de8f4ea-8b36-4f56-9ce1-8016b7a74300" testListId="8c84fa94-04c1-424b-9868-57a2d4851a1d" />
    <TestEntry testId="01e74fe9-588c-cb5a-49f0-02d3d757845f" executionId="f37657fb-8a95-4c97-a6af-3d4006c5896a" testListId="8c84fa94-04c1-424b-9868-57a2d4851a1d" />
    <TestEntry testId="4ea96d1d-371b-1257-a228-c403cc031203" executionId="173b8006-b39b-43e6-99c8-dc9a38754453" testListId="8c84fa94-04c1-424b-9868-57a2d4851a1d" />
    <TestEntry testId="b61f070c-2784-320c-4902-c0497cfd232c" executionId="62e74add-5ce4-4c71-a5d8-3b68087d4f39" testListId="8c84fa94-04c1-424b-9868-57a2d4851a1d" />
    <TestEntry testId="c0094b99-d77b-bceb-f512-282c12ea2475" executionId="5be3973c-22a8-4a44-a9bd-a3422bf723ad" testListId="8c84fa94-04c1-424b-9868-57a2d4851a1d" />
    <TestEntry testId="0ca61dc0-002d-9bac-a0c1-6f421ed6cb51" executionId="e6fc01b9-2201-4d0c-91d7-957685706e53" testListId="8c84fa94-04c1-424b-9868-57a2d4851a1d" />
    <TestEntry testId="4d5584ff-a3aa-e395-97e6-f5057e53e6d9" executionId="ab0178d4-0da8-43bd-9239-030e970bce0c" testListId="8c84fa94-04c1-424b-9868-57a2d4851a1d" />
    <TestEntry testId="85ff9f60-39f9-d33a-804c-7b2f65ca0f88" executionId="211b8f6a-3379-4da4-ae21-74b732298c07" testListId="8c84fa94-04c1-424b-9868-57a2d4851a1d" />
    <TestEntry testId="cf0a4b25-524c-792f-1062-f9689c83c709" executionId="a231ede8-3870-4ef8-be46-c7a118f7de3c" testListId="8c84fa94-04c1-424b-9868-57a2d4851a1d" />
    <TestEntry testId="e682c877-0501-b531-4e09-f3712082ebd1" executionId="c557ba8c-0cda-48ea-b6ef-2ba4fe27817a" testListId="8c84fa94-04c1-424b-9868-57a2d4851a1d" />
    <TestEntry testId="b61f3a57-386c-73a8-2bde-a82f9d3299cb" executionId="e3bea283-a3d7-4af2-ab9f-d3f6fef09165" testListId="8c84fa94-04c1-424b-9868-57a2d4851a1d" />
    <TestEntry testId="5a4d66e0-8e1f-0ebc-e215-c8e45efb2e49" executionId="ac6af22d-4281-41f4-9601-03a0aa6e1797" testListId="8c84fa94-04c1-424b-9868-57a2d4851a1d" />
    <TestEntry testId="0b414909-18ca-f21b-8dda-8f8b8fc51f4f" executionId="e96c9a32-68e1-4a1b-9a1b-cb49a9b97566" testListId="8c84fa94-04c1-424b-9868-57a2d4851a1d" />
    <TestEntry testId="807499f9-9afe-f1dc-3496-0510590ffeee" executionId="d26076d3-9993-4e7c-b073-3516dbbf3f19" testListId="8c84fa94-04c1-424b-9868-57a2d4851a1d" />
    <TestEntry testId="b751e3c2-ed10-d575-2ea5-c3119f6328fa" executionId="d3122ded-4162-428f-a35b-73659d80df1b" testListId="8c84fa94-04c1-424b-9868-57a2d4851a1d" />
    <TestEntry testId="cade82f6-76b9-35c0-3076-01b9bc424004" executionId="c304e134-2d0d-4232-a839-d34537f1862e" testListId="8c84fa94-04c1-424b-9868-57a2d4851a1d" />
    <TestEntry testId="942adfcc-fd28-7782-bd7c-bb012428dab4" executionId="7d6b575b-5479-4768-96d3-ff343c604bd7" testListId="8c84fa94-04c1-424b-9868-57a2d4851a1d" />
    <TestEntry testId="5a28063b-a861-67bb-0979-64dcdaefe170" executionId="13bec311-d66c-4064-b7ce-ef072448a597" testListId="8c84fa94-04c1-424b-9868-57a2d4851a1d" />
    <TestEntry testId="675aa422-1807-5c12-19d4-d243aba7fd0e" executionId="8972d0bc-ecf1-4b14-b58e-974a7281ec06" testListId="8c84fa94-04c1-424b-9868-57a2d4851a1d" />
    <TestEntry testId="c29f1830-21fd-70f4-f615-e6786930cef7" executionId="02f86194-1b62-41a5-84a8-e124d5f3fa59" testListId="8c84fa94-04c1-424b-9868-57a2d4851a1d" />
    <TestEntry testId="9fcfbd93-a523-3e03-daec-3cf8e95206a3" executionId="cd9354ae-275c-4c2d-bf71-9cc432e3c188" testListId="8c84fa94-04c1-424b-9868-57a2d4851a1d" />
  </TestEntries>
  <TestLists>
    <TestList name="Results Not in a List" id="8c84fa94-04c1-424b-9868-57a2d4851a1d" />
    <TestList name="All Loaded Results" id="19431567-8539-422a-85d7-44ee4e166bda" />
  </TestLists>
  <ResultSummary outcome="Completed">
    <Counters total="515" executed="515" passed="515" failed="0" error="0" timeout="0" aborted="0" inconclusive="0" passedButRunAborted="0" notRunnable="0" notExecuted="0" disconnected="0" warning="0" completed="0" inProgress="0" pending="0" />
    <Output>
      <StdOut>[xUnit.net 00:00:00.00] xUnit.net VSTest Adapter v2.8.2+699d445a1a (64-bit .NET 9.0.9)&#xD;
[xUnit.net 00:00:00.35]   Discovering: SAFARIstack.Tests.Unit&#xD;
[xUnit.net 00:00:00.74]   Discovered:  SAFARIstack.Tests.Unit&#xD;
[xUnit.net 00:00:00.75]   Starting:    SAFARIstack.Tests.Unit&#xD;
[xUnit.net 00:00:09.56]   Finished:    SAFARIstack.Tests.Unit&#xD;
</StdOut>
    </Output>
  </ResultSummary>
</TestRun>