<?xml version="1.0" encoding="utf-8"?>
<TestRun id="c448b4fc-2f82-4d92-8e23-cfd7ccd45d5d" name="madoc@MADOC 2026-02-13 21:38:42" runUser="MADOC\madoc" xmlns="http://microsoft.com/schemas/VisualStudio/TeamTest/2010">
  <Times creation="2026-02-13T21:38:42.6751860+02:00" queuing="2026-02-13T21:38:42.6751870+02:00" start="2026-02-13T21:37:58.6580627+02:00" finish="2026-02-13T21:39:53.9452585+02:00" />
  <TestSettings name="default" id="6914763b-be46-4323-be79-70cf0003ce23">
    <Deployment runDeploymentRoot="madoc_MADOC_2026-02-13_21_38_42" />
  </TestSettings>
  <Results>
    <UnitTestResult executionId="362f5167-fafc-4073-80c8-40c8098978d6" testId="6dea2dd4-c4fd-ceb1-e0e7-11922da13448" testName="SAFARIstack.Tests.Integration.Stress.CompleteBulkInsertTests.BookingRooms_JoinWithBookingAndRoom" computerName="MADOC" duration="00:00:00.0778718" startTime="2026-02-13T21:39:51.1139696+02:00" endTime="2026-02-13T21:39:51.1139700+02:00" testType="13cdc9d9-ddb5-4fa4-a97d-d965ccfc6d4b" outcome="Passed" testListId="8c84fa94-04c1-424b-9868-57a2d4851a1d" relativeResultsDirectory="362f5167-fafc-4073-80c8-40c8098978d6" />
    <UnitTestResult executionId="c965006f-2ba0-4736-bf8d-d8a58f0b55de" testId="400d7fee-4a2e-e5ef-d2de-330b36b6cd15" testName="SAFARIstack.Tests.Integration.Endpoints.BookingEndpointTests.GetBookingById_AfterCreate_ReturnsBookingDetails" computerName="MADOC" duration="00:00:00.1846860" startTime="2026-02-13T21:39:03.1801937+02:00" endTime="2026-02-13T21:39:03.1801941+02:00" testType="13cdc9d9-ddb5-4fa4-a97d-d965ccfc6d4b" outcome="Passed" testListId="8c84fa94-04c1-424b-9868-57a2d4851a1d" relativeResultsDirectory="c965006f-2ba0-4736-bf8d-d8a58f0b55de" />
    <UnitTestResult executionId="73fe0fb2-adb5-40be-a005-019dc720cb4c" testId="86908c71-1dee-7afc-7d4f-7a019f10ecb5" testName="SAFARIstack.Tests.Integration.Stress.CompleteBulkInsertTests.Rates_HaveValidAmounts" computerName="MADOC" duration="00:00:00.0258229" startTime="2026-02-13T21:39:51.5574299+02:00" endTime="2026-02-13T21:39:51.5574304+02:00" testType="13cdc9d9-ddb5-4fa4-a97d-d965ccfc6d4b" outcome="Passed" testListId="8c84fa94-04c1-424b-9868-57a2d4851a1d" relativeResultsDirectory="73fe0fb2-adb5-40be-a005-019dc720cb4c" />
    <UnitTestResult executionId="e5f13193-825d-4a62-b2cd-147e90ef4ae2" testId="413efb75-826f-b5c4-8e78-12d7dc0c8795" testName="SAFARIstack.Tests.Integration.Endpoints.AuthEndpointTests.GetMe_Authenticated_Returns200WithUserInfo" computerName="MADOC" duration="00:00:00.7712503" startTime="2026-02-13T21:38:59.1659406+02:00" endTime="2026-02-13T21:38:59.1659412+02:00" testType="13cdc9d9-ddb5-4fa4-a97d-d965ccfc6d4b" outcome="Passed" testListId="8c84fa94-04c1-424b-9868-57a2d4851a1d" relativeResultsDirectory="e5f13193-825d-4a62-b2cd-147e90ef4ae2" />
    <UnitTestResult executionId="35130e34-bf0f-4916-9e84-6ec8f61ecedf" testId="36c6d69b-1f90-3467-21bb-99597f56b9c7" testName="SAFARIstack.Tests.Integration.Stress.BulkSeedAndStressTests.SeedingCompleted_UnderThreshold" computerName="MADOC" duration="00:00:00.0019541" startTime="2026-02-13T21:39:47.3249825+02:00" endTime="2026-02-13T21:39:47.3249829+02:00" testType="13cdc9d9-ddb5-4fa4-a97d-d965ccfc6d4b" outcome="Passed" testListId="8c84fa94-04c1-424b-9868-57a2d4851a1d" relativeResultsDirectory="35130e34-bf0f-4916-9e84-6ec8f61ecedf" />
    <UnitTestResult executionId="0daea616-d7be-4f24-b12e-9b0376df91d5" testId="9bbabd28-2802-bf8a-11c7-f5968ac637f7" testName="SAFARIstack.Tests.Integration.Stress.CompleteBulkInsertTests.StaffAttendances_AllHaveValidForeignKeys" computerName="MADOC" duration="00:00:00.0794237" startTime="2026-02-13T21:39:52.9945033+02:00" endTime="2026-02-13T21:39:52.9945037+02:00" testType="13cdc9d9-ddb5-4fa4-a97d-d965ccfc6d4b" outcome="Passed" testListId="8c84fa94-04c1-424b-9868-57a2d4851a1d" relativeResultsDirectory="0daea616-d7be-4f24-b12e-9b0376df91d5" />
    <UnitTestResult executionId="b55a4342-d235-46f8-a357-0cdbec513d5b" testId="f545306b-6bd0-bca4-f38a-c4a091af3f83" testName="SAFARIstack.Tests.Integration.Stress.BulkSeedAndStressTests.ConcurrentUpdate_SameGuest_ThrowsConcurrencyException" computerName="MADOC" duration="00:00:00.1325938" startTime="2026-02-13T21:39:48.9835224+02:00" endTime="2026-02-13T21:39:48.9835227+02:00" testType="13cdc9d9-ddb5-4fa4-a97d-d965ccfc6d4b" outcome="Passed" testListId="8c84fa94-04c1-424b-9868-57a2d4851a1d" relativeResultsDirectory="b55a4342-d235-46f8-a357-0cdbec513d5b" />
    <UnitTestResult executionId="f8c84417-a6d6-4735-a411-7b50b01c060e" testId="eb599654-3859-aac1-0630-2209072a7833" testName="SAFARIstack.Tests.Integration.Stress.BulkSeedAndStressTests.StaffMembers_Has1000Records" computerName="MADOC" duration="00:00:00.0169425" startTime="2026-02-13T21:39:50.3821869+02:00" endTime="2026-02-13T21:39:50.3821873+02:00" testType="13cdc9d9-ddb5-4fa4-a97d-d965ccfc6d4b" outcome="Passed" testListId="8c84fa94-04c1-424b-9868-57a2d4851a1d" relativeResultsDirectory="f8c84417-a6d6-4735-a411-7b50b01c060e" />
    <UnitTestResult executionId="322a72b3-4237-40c5-9345-3eb2c3a385d4" testId="672fd771-83a7-db91-f426-0885ae19f52c" testName="SAFARIstack.Tests.Integration.Stress.CompleteBulkInsertTests.RoomTypeAmenities_AllHaveValidForeignKeys" computerName="MADOC" duration="00:00:00.0792125" startTime="2026-02-13T21:39:50.4633681+02:00" endTime="2026-02-13T21:39:50.4633686+02:00" testType="13cdc9d9-ddb5-4fa4-a97d-d965ccfc6d4b" outcome="Passed" testListId="8c84fa94-04c1-424b-9868-57a2d4851a1d" relativeResultsDirectory="322a72b3-4237-40c5-9345-3eb2c3a385d4" />
    <UnitTestResult executionId="77c88a1d-1d78-4a7d-9e27-e0199f01aa44" testId="431deac5-3e35-fe1f-3df0-2e403c6acfd0" testName="SAFARIstack.Tests.Integration.Endpoints.GuestEndpointTests.SearchGuests_ValidQuery_Returns200WithPagination" computerName="MADOC" duration="00:00:00.2158223" startTime="2026-02-13T21:39:06.6753463+02:00" endTime="2026-02-13T21:39:06.6753467+02:00" testType="13cdc9d9-ddb5-4fa4-a97d-d965ccfc6d4b" outcome="Passed" testListId="8c84fa94-04c1-424b-9868-57a2d4851a1d" relativeResultsDirectory="77c88a1d-1d78-4a7d-9e27-e0199f01aa44" />
    <UnitTestResult executionId="44027a5f-4b5a-4804-9676-1289f2be7743" testId="3e9b3dbb-f6d6-2148-933f-08d6c9d834a7" testName="SAFARIstack.Tests.Integration.Stress.CompleteBulkInsertTests.GuestLoyalties_AllHaveValidGuest" computerName="MADOC" duration="00:00:00.0273833" startTime="2026-02-13T21:39:51.1585142+02:00" endTime="2026-02-13T21:39:51.1585145+02:00" testType="13cdc9d9-ddb5-4fa4-a97d-d965ccfc6d4b" outcome="Passed" testListId="8c84fa94-04c1-424b-9868-57a2d4851a1d" relativeResultsDirectory="44027a5f-4b5a-4804-9676-1289f2be7743" />
    <UnitTestResult executionId="877744e0-1cd7-42df-a0a9-b1fac21b0092" testId="86ee4397-b1c9-a584-eeb5-e1ecfa54c4b0" testName="SAFARIstack.Tests.Integration.Endpoints.SettingsEndpointTests.GetEmailTemplate_WrongProperty_Returns404" computerName="MADOC" duration="00:00:00.0324186" startTime="2026-02-13T21:39:22.7501377+02:00" endTime="2026-02-13T21:39:22.7501382+02:00" testType="13cdc9d9-ddb5-4fa4-a97d-d965ccfc6d4b" outcome="Passed" testListId="8c84fa94-04c1-424b-9868-57a2d4851a1d" relativeResultsDirectory="877744e0-1cd7-42df-a0a9-b1fac21b0092" />
    <UnitTestResult executionId="a309f998-5749-4b1f-96e0-ddd433c2d600" testId="dab64de4-9522-32e1-84f6-1f877110697f" testName="SAFARIstack.Tests.Integration.Stress.BulkSeedAndStressTests.PropertyB_GuestsOnly_BelongToPropertyB" computerName="MADOC" duration="00:00:00.0442110" startTime="2026-02-13T21:39:49.0288538+02:00" endTime="2026-02-13T21:39:49.0288544+02:00" testType="13cdc9d9-ddb5-4fa4-a97d-d965ccfc6d4b" outcome="Passed" testListId="8c84fa94-04c1-424b-9868-57a2d4851a1d" relativeResultsDirectory="a309f998-5749-4b1f-96e0-ddd433c2d600" />
    <UnitTestResult executionId="f6c00a6e-0853-40a8-9e69-1af45772256f" testId="6d0d55ac-7b10-67af-8fa6-5b8f32fffbe6" testName="SAFARIstack.Tests.Integration.Endpoints.StaffAndRfidEndpointTests.ApproveOvertime_Returns200" computerName="MADOC" duration="00:00:00.0315697" startTime="2026-02-13T21:39:25.1712624+02:00" endTime="2026-02-13T21:39:25.1712629+02:00" testType="13cdc9d9-ddb5-4fa4-a97d-d965ccfc6d4b" outcome="Passed" testListId="8c84fa94-04c1-424b-9868-57a2d4851a1d" relativeResultsDirectory="f6c00a6e-0853-40a8-9e69-1af45772256f" />
    <UnitTestResult executionId="733bbf9d-221c-468e-bd54-f1c08fa2ba1e" testId="2d5420b2-913d-346a-e666-5444acc432fc" testName="SAFARIstack.Tests.Integration.Stress.CompleteBulkInsertTests.GuestPreferences_AllHaveValidGuest" computerName="MADOC" duration="00:00:00.0243676" startTime="2026-02-13T21:39:52.7793273+02:00" endTime="2026-02-13T21:39:52.7793276+02:00" testType="13cdc9d9-ddb5-4fa4-a97d-d965ccfc6d4b" outcome="Passed" testListId="8c84fa94-04c1-424b-9868-57a2d4851a1d" relativeResultsDirectory="733bbf9d-221c-468e-bd54-f1c08fa2ba1e" />
    <UnitTestResult executionId="448939f9-5b09-4449-986b-38cd9b4c4147" testId="cb46f940-fb06-9589-ed12-3efad5e906c8" testName="SAFARIstack.Tests.Integration.Stress.BulkSeedAndStressTests.BulkRead_AllFolioLineItems_Under3Seconds" computerName="MADOC" duration="00:00:00.0601539" startTime="2026-02-13T21:39:46.4271930+02:00" endTime="2026-02-13T21:39:46.4271936+02:00" testType="13cdc9d9-ddb5-4fa4-a97d-d965ccfc6d4b" outcome="Passed" testListId="8c84fa94-04c1-424b-9868-57a2d4851a1d" relativeResultsDirectory="448939f9-5b09-4449-986b-38cd9b4c4147" />
    <UnitTestResult executionId="7211b08b-0677-49c2-8f2a-38a271f87c7c" testId="03d1c09e-0ad6-b605-5dff-e907f8f38d63" testName="SAFARIstack.Tests.Integration.Stress.BulkSeedAndStressTests.AllEntities_HaveCreatedAtSet" computerName="MADOC" duration="00:00:00.0178933" startTime="2026-02-13T21:39:50.2477012+02:00" endTime="2026-02-13T21:39:50.2477019+02:00" testType="13cdc9d9-ddb5-4fa4-a97d-d965ccfc6d4b" outcome="Passed" testListId="8c84fa94-04c1-424b-9868-57a2d4851a1d" relativeResultsDirectory="7211b08b-0677-49c2-8f2a-38a271f87c7c" />
    <UnitTestResult executionId="e213557d-178a-4d1d-abd1-8b4a98a118f0" testId="8cff4850-3362-3bf5-a46d-dd34171b80b9" testName="SAFARIstack.Tests.Integration.Endpoints.HousekeepingEndpointTests.CreateHkTask_WithAssignment_Returns201" computerName="MADOC" duration="00:00:00.0729627" startTime="2026-02-13T21:39:09.4750984+02:00" endTime="2026-02-13T21:39:09.4750991+02:00" testType="13cdc9d9-ddb5-4fa4-a97d-d965ccfc6d4b" outcome="Passed" testListId="8c84fa94-04c1-424b-9868-57a2d4851a1d" relativeResultsDirectory="e213557d-178a-4d1d-abd1-8b4a98a118f0" />
    <UnitTestResult executionId="caa2c72a-9a25-4539-b57b-a21475b55afb" testId="7b2c545d-7ddf-5116-ebd4-38ceb5a1d16e" testName="SAFARIstack.Tests.Integration.Stress.CompleteBulkInsertTests.UserRoles_AllHaveValidUserAndRole" computerName="MADOC" duration="00:00:00.0392772" startTime="2026-02-13T21:39:51.7352187+02:00" endTime="2026-02-13T21:39:51.7352192+02:00" testType="13cdc9d9-ddb5-4fa4-a97d-d965ccfc6d4b" outcome="Passed" testListId="8c84fa94-04c1-424b-9868-57a2d4851a1d" relativeResultsDirectory="caa2c72a-9a25-4539-b57b-a21475b55afb" />
    <UnitTestResult executionId="d939f226-8a2e-4a30-88ce-2f5f363d9160" testId="0946639b-a88c-3a20-aa74-b0ebead46b52" testName="SAFARIstack.Tests.Integration.Endpoints.SettingsEndpointTests.DeactivateEmailTemplate_ReturnsNoContent" computerName="MADOC" duration="00:00:00.0893724" startTime="2026-02-13T21:39:23.3169055+02:00" endTime="2026-02-13T21:39:23.3169063+02:00" testType="13cdc9d9-ddb5-4fa4-a97d-d965ccfc6d4b" outcome="Passed" testListId="8c84fa94-04c1-424b-9868-57a2d4851a1d" relativeResultsDirectory="d939f226-8a2e-4a30-88ce-2f5f363d9160" />
    <UnitTestResult executionId="3eeda526-aa61-48f5-8866-f1b344d7cb0e" testId="a5530446-699a-3f3c-d457-b8db02a3b76c" testName="SAFARIstack.Tests.Integration.Stress.CompleteBulkInsertTests.StaffAttendances_Has1000Records" computerName="MADOC" duration="00:00:00.0075275" startTime="2026-02-13T21:39:52.5162529+02:00" endTime="2026-02-13T21:39:52.5162535+02:00" testType="13cdc9d9-ddb5-4fa4-a97d-d965ccfc6d4b" outcome="Passed" testListId="8c84fa94-04c1-424b-9868-57a2d4851a1d" relativeResultsDirectory="3eeda526-aa61-48f5-8866-f1b344d7cb0e" />
    <UnitTestResult executionId="44bdfce2-901b-4d05-904d-3a0ef1cf5410" testId="d2748481-5ff6-0ed2-b6ca-26fc72ed7cbf" testName="SAFARIstack.Tests.Integration.Endpoints.GuestEndpointTests.GetReturningGuests_Returns200" computerName="MADOC" duration="00:00:00.1296789" startTime="2026-02-13T21:39:06.2407770+02:00" endTime="2026-02-13T21:39:06.2407776+02:00" testType="13cdc9d9-ddb5-4fa4-a97d-d965ccfc6d4b" outcome="Passed" testListId="8c84fa94-04c1-424b-9868-57a2d4851a1d" relativeResultsDirectory="44bdfce2-901b-4d05-904d-3a0ef1cf5410" />
    <UnitTestResult executionId="c9a782fa-cd59-448d-a534-7cc8413039b5" testId="fc1947fd-11a3-85bc-d98e-d11f099c630f" testName="SAFARIstack.Tests.Integration.Stress.CompleteBulkInsertTests.CancellationPolicies_PropertyNamePairsAreUnique" computerName="MADOC" duration="00:00:00.0280200" startTime="2026-02-13T21:39:51.6278737+02:00" endTime="2026-02-13T21:39:51.6278740+02:00" testType="13cdc9d9-ddb5-4fa4-a97d-d965ccfc6d4b" outcome="Passed" testListId="8c84fa94-04c1-424b-9868-57a2d4851a1d" relativeResultsDirectory="c9a782fa-cd59-448d-a534-7cc8413039b5" />
    <UnitTestResult executionId="4cda8b17-8f39-47ac-b9ed-bfe531bec76e" testId="426a22d9-3bcf-f45b-05d0-d5c54af2f3b1" testName="SAFARIstack.Tests.Integration.Stress.CompleteBulkInsertTests.CancellationPolicies_AllHaveValidProperty" computerName="MADOC" duration="00:00:00.0229991" startTime="2026-02-13T21:39:51.5989364+02:00" endTime="2026-02-13T21:39:51.5989370+02:00" testType="13cdc9d9-ddb5-4fa4-a97d-d965ccfc6d4b" outcome="Passed" testListId="8c84fa94-04c1-424b-9868-57a2d4851a1d" relativeResultsDirectory="4cda8b17-8f39-47ac-b9ed-bfe531bec76e" />
    <UnitTestResult executionId="ce088ea7-0eee-421e-af12-8e13d0d34230" testId="dec7bcd0-0f1c-4b32-5c02-c18958d18df7" testName="SAFARIstack.Tests.Integration.Endpoints.GuestEndpointTests.GetGuestById_Exists_Returns200" computerName="MADOC" duration="00:00:00.1152583" startTime="2026-02-13T21:39:07.3900441+02:00" endTime="2026-02-13T21:39:07.3900452+02:00" testType="13cdc9d9-ddb5-4fa4-a97d-d965ccfc6d4b" outcome="Passed" testListId="8c84fa94-04c1-424b-9868-57a2d4851a1d" relativeResultsDirectory="ce088ea7-0eee-421e-af12-8e13d0d34230" />
    <UnitTestResult executionId="4b917f7b-d083-4c57-8512-5770afd51d95" testId="9f5e8f14-8d3e-01e2-b203-5b8abd8ca4f3" testName="SAFARIstack.Tests.Integration.Endpoints.SettingsEndpointTests.UpdateMerchantUrls_ChangesUrls" computerName="MADOC" duration="00:00:00.1491153" startTime="2026-02-13T21:39:23.5495450+02:00" endTime="2026-02-13T21:39:23.5495453+02:00" testType="13cdc9d9-ddb5-4fa4-a97d-d965ccfc6d4b" outcome="Passed" testListId="8c84fa94-04c1-424b-9868-57a2d4851a1d" relativeResultsDirectory="4b917f7b-d083-4c57-8512-5770afd51d95" />
    <UnitTestResult executionId="381a2510-2a59-40f2-a2f2-f2ff090a59da" testId="40888003-c6bd-50db-4e90-4d5e55101ca4" testName="SAFARIstack.Tests.Integration.Stress.CompleteBulkInsertTests.GuestLoyalties_TierDistributionQuery" computerName="MADOC" duration="00:00:00.0315051" startTime="2026-02-13T21:39:51.2932316+02:00" endTime="2026-02-13T21:39:51.2932321+02:00" testType="13cdc9d9-ddb5-4fa4-a97d-d965ccfc6d4b" outcome="Passed" testListId="8c84fa94-04c1-424b-9868-57a2d4851a1d" relativeResultsDirectory="381a2510-2a59-40f2-a2f2-f2ff090a59da" />
    <UnitTestResult executionId="f5d26aa9-077d-4904-9569-e0d4d0a2f8d0" testId="2c7fc1ec-8faf-0a32-4f33-9839350b2231" testName="SAFARIstack.Tests.Integration.Endpoints.SettingsEndpointTests.UpdateEmailSettings_ValidRequest_Returns200" computerName="MADOC" duration="00:00:00.1245288" startTime="2026-02-13T21:39:21.8499285+02:00" endTime="2026-02-13T21:39:21.8499289+02:00" testType="13cdc9d9-ddb5-4fa4-a97d-d965ccfc6d4b" outcome="Passed" testListId="8c84fa94-04c1-424b-9868-57a2d4851a1d" relativeResultsDirectory="f5d26aa9-077d-4904-9569-e0d4d0a2f8d0" />
    <UnitTestResult executionId="6e854596-dad7-4177-bb14-b98e72026e55" testId="0ec38484-9933-5aae-f408-7437549ac9a7" testName="SAFARIstack.Tests.Integration.Endpoints.AuthEndpointTests.GetMe_Anonymous_Returns401" computerName="MADOC" duration="00:00:00.0292663" startTime="2026-02-13T21:38:47.9755727+02:00" endTime="2026-02-13T21:38:47.9755732+02:00" testType="13cdc9d9-ddb5-4fa4-a97d-d965ccfc6d4b" outcome="Passed" testListId="8c84fa94-04c1-424b-9868-57a2d4851a1d" relativeResultsDirectory="6e854596-dad7-4177-bb14-b98e72026e55" />
    <UnitTestResult executionId="ba42f312-7c89-4409-8bea-0a3399f11f88" testId="01551bc7-faed-c097-a540-0775c9360c7e" testName="SAFARIstack.Tests.Integration.Endpoints.SettingsEndpointTests.GetEmailTemplates_AfterCreate_ReturnsList" computerName="MADOC" duration="00:00:00.0951572" startTime="2026-02-13T21:39:24.0315655+02:00" endTime="2026-02-13T21:39:24.0315660+02:00" testType="13cdc9d9-ddb5-4fa4-a97d-d965ccfc6d4b" outcome="Passed" testListId="8c84fa94-04c1-424b-9868-57a2d4851a1d" relativeResultsDirectory="ba42f312-7c89-4409-8bea-0a3399f11f88" />
    <UnitTestResult executionId="429394d7-3269-4653-808c-d2a5f373f94a" testId="8d45a7bc-5927-66a6-1409-cecd9537e298" testName="SAFARIstack.Tests.Integration.Stress.CompleteBulkInsertTests.Amenities_PropertyNamePairsAreUnique" computerName="MADOC" duration="00:00:00.0292651" startTime="2026-02-13T21:39:52.3979838+02:00" endTime="2026-02-13T21:39:52.3979843+02:00" testType="13cdc9d9-ddb5-4fa4-a97d-d965ccfc6d4b" outcome="Passed" testListId="8c84fa94-04c1-424b-9868-57a2d4851a1d" relativeResultsDirectory="429394d7-3269-4653-808c-d2a5f373f94a" />
    <UnitTestResult executionId="91458af5-76fb-462a-95d9-35db83d1eb25" testId="b8a98d26-b606-0254-0d25-e9b31b1f1606" testName="SAFARIstack.Tests.Integration.Endpoints.AuthEndpointTests.Register_WeakPassword_Returns400ValidationError" computerName="MADOC" duration="00:00:00.0705197" startTime="2026-02-13T21:38:58.0251709+02:00" endTime="2026-02-13T21:38:58.0251715+02:00" testType="13cdc9d9-ddb5-4fa4-a97d-d965ccfc6d4b" outcome="Passed" testListId="8c84fa94-04c1-424b-9868-57a2d4851a1d" relativeResultsDirectory="91458af5-76fb-462a-95d9-35db83d1eb25" />
    <UnitTestResult executionId="792264d8-2e8a-42d8-9233-6508850d6022" testId="f0f41f65-d8dd-49ac-5455-07e6ff8d8122" testName="SAFARIstack.Tests.Integration.Stress.BulkSeedAndStressTests.UpdatedEntity_HasLaterUpdatedAt" computerName="MADOC" duration="00:00:00.0742122" startTime="2026-02-13T21:39:50.0253952+02:00" endTime="2026-02-13T21:39:50.0253958+02:00" testType="13cdc9d9-ddb5-4fa4-a97d-d965ccfc6d4b" outcome="Passed" testListId="8c84fa94-04c1-424b-9868-57a2d4851a1d" relativeResultsDirectory="792264d8-2e8a-42d8-9233-6508850d6022" />
    <UnitTestResult executionId="a4ea85ff-b02d-4b02-acd2-53feadfdda1d" testId="aae4d2fd-0f47-1517-0523-2c3b6fd1f2b5" testName="SAFARIstack.Tests.Integration.Endpoints.FinancialEndpointTests.GetTotalRevenue_Returns200" computerName="MADOC" duration="00:00:00.0995349" startTime="2026-02-13T21:39:03.7860196+02:00" endTime="2026-02-13T21:39:03.7860199+02:00" testType="13cdc9d9-ddb5-4fa4-a97d-d965ccfc6d4b" outcome="Passed" testListId="8c84fa94-04c1-424b-9868-57a2d4851a1d" relativeResultsDirectory="a4ea85ff-b02d-4b02-acd2-53feadfdda1d" />
    <UnitTestResult executionId="20a0d483-74d2-4d9a-9fa0-a44a862c5f2e" testId="2b387d29-6983-0881-70b7-84a8f49ae912" testName="SAFARIstack.Tests.Integration.Endpoints.BookingEndpointTests.CreateBooking_ValidRequest_Returns201WithBookingRef" computerName="MADOC" duration="00:00:01.4502262" startTime="2026-02-13T21:39:02.5295128+02:00" endTime="2026-02-13T21:39:02.5295132+02:00" testType="13cdc9d9-ddb5-4fa4-a97d-d965ccfc6d4b" outcome="Passed" testListId="8c84fa94-04c1-424b-9868-57a2d4851a1d" relativeResultsDirectory="20a0d483-74d2-4d9a-9fa0-a44a862c5f2e" />
    <UnitTestResult executionId="5c21c251-de38-4213-b2fa-053aa57e1d0b" testId="13c1af37-d0e6-f9bb-ccfd-d89258348b2a" testName="SAFARIstack.Tests.Integration.Stress.CompleteBulkInsertTests.Invoices_AllHaveValidForeignKeys" computerName="MADOC" duration="00:00:00.0499182" startTime="2026-02-13T21:39:52.3328744+02:00" endTime="2026-02-13T21:39:52.3328747+02:00" testType="13cdc9d9-ddb5-4fa4-a97d-d965ccfc6d4b" outcome="Passed" testListId="8c84fa94-04c1-424b-9868-57a2d4851a1d" relativeResultsDirectory="5c21c251-de38-4213-b2fa-053aa57e1d0b" />
    <UnitTestResult executionId="a9685a56-7e91-4592-9554-f30af0812fc1" testId="8e8fee0f-6c14-eb03-1ed5-fcac5b424043" testName="SAFARIstack.Tests.Integration.Endpoints.SettingsEndpointTests.GetMerchantConfig_WrongProperty_Returns404" computerName="MADOC" duration="00:00:00.0466980" startTime="2026-02-13T21:39:22.6058265+02:00" endTime="2026-02-13T21:39:22.6058269+02:00" testType="13cdc9d9-ddb5-4fa4-a97d-d965ccfc6d4b" outcome="Passed" testListId="8c84fa94-04c1-424b-9868-57a2d4851a1d" relativeResultsDirectory="a9685a56-7e91-4592-9554-f30af0812fc1" />
    <UnitTestResult executionId="039c2c51-4331-4926-b036-70282945f7dd" testId="4b246b1a-2806-fc1d-45c7-02ad326279e5" testName="SAFARIstack.Tests.Integration.Stress.CompleteBulkInsertTests.Invoices_Has1000Records" computerName="MADOC" duration="00:00:00.0149550" startTime="2026-02-13T21:39:51.1297723+02:00" endTime="2026-02-13T21:39:51.1297734+02:00" testType="13cdc9d9-ddb5-4fa4-a97d-d965ccfc6d4b" outcome="Passed" testListId="8c84fa94-04c1-424b-9868-57a2d4851a1d" relativeResultsDirectory="039c2c51-4331-4926-b036-70282945f7dd" />
    <UnitTestResult executionId="1740661b-372a-44b7-aace-7d6a41a7024f" testId="dc765945-2b08-7273-34ab-d657a6dc0190" testName="SAFARIstack.Tests.Integration.Endpoints.AuthEndpointTests.Register_DuplicateEmail_Returns400" computerName="MADOC" duration="00:00:02.5663109" startTime="2026-02-13T21:38:50.5437772+02:00" endTime="2026-02-13T21:38:50.5437776+02:00" testType="13cdc9d9-ddb5-4fa4-a97d-d965ccfc6d4b" outcome="Passed" testListId="8c84fa94-04c1-424b-9868-57a2d4851a1d" relativeResultsDirectory="1740661b-372a-44b7-aace-7d6a41a7024f" />
    <UnitTestResult executionId="94dc1a88-2cb8-4c32-8fe3-8df2ccd4592d" testId="5e4ec455-3b5d-90f7-4b89-b473e5f9b27f" testName="SAFARIstack.Tests.Integration.Stress.BulkSeedAndStressTests.Pagination_Guests_ReturnsCorrectPage(skip: 50, take: 50)" computerName="MADOC" duration="00:00:00.0162279" startTime="2026-02-13T21:39:47.3165324+02:00" endTime="2026-02-13T21:39:47.3165328+02:00" testType="13cdc9d9-ddb5-4fa4-a97d-d965ccfc6d4b" outcome="Passed" testListId="8c84fa94-04c1-424b-9868-57a2d4851a1d" relativeResultsDirectory="94dc1a88-2cb8-4c32-8fe3-8df2ccd4592d" />
    <UnitTestResult executionId="78ac745c-21ef-4b17-9eae-5ba307418853" testId="bab69f4b-b894-e90e-9356-d41e25e3a32e" testName="SAFARIstack.Tests.Integration.Stress.CompleteBulkInsertTests.Invoices_TotalAmountAggregation" computerName="MADOC" duration="00:00:00.1043599" startTime="2026-02-13T21:39:51.9920881+02:00" endTime="2026-02-13T21:39:51.9920885+02:00" testType="13cdc9d9-ddb5-4fa4-a97d-d965ccfc6d4b" outcome="Passed" testListId="8c84fa94-04c1-424b-9868-57a2d4851a1d" relativeResultsDirectory="78ac745c-21ef-4b17-9eae-5ba307418853" />
    <UnitTestResult executionId="7b337f21-e23b-427e-aac5-c23a965a84a9" testId="192128c4-dd3e-3f47-a7dd-2a5dee1a48f8" testName="SAFARIstack.Tests.Integration.Endpoints.BookingEndpointTests.CreateBooking_Anonymous_Returns401" computerName="MADOC" duration="00:00:00.0306984" startTime="2026-02-13T21:39:02.5613878+02:00" endTime="2026-02-13T21:39:02.5613885+02:00" testType="13cdc9d9-ddb5-4fa4-a97d-d965ccfc6d4b" outcome="Passed" testListId="8c84fa94-04c1-424b-9868-57a2d4851a1d" relativeResultsDirectory="7b337f21-e23b-427e-aac5-c23a965a84a9" />
    <UnitTestResult executionId="2deff319-57b4-43a6-9339-ba79da05f9a0" testId="da2d9712-7bad-bb70-7066-1d45f09cfc7f" testName="SAFARIstack.Tests.Integration.Endpoints.RateAndHealthEndpointTests.GetRatePlans_Returns200" computerName="MADOC" duration="00:00:00.2711934" startTime="2026-02-13T21:39:10.9832489+02:00" endTime="2026-02-13T21:39:10.9832493+02:00" testType="13cdc9d9-ddb5-4fa4-a97d-d965ccfc6d4b" outcome="Passed" testListId="8c84fa94-04c1-424b-9868-57a2d4851a1d" relativeResultsDirectory="2deff319-57b4-43a6-9339-ba79da05f9a0" />
    <UnitTestResult executionId="b0b89c89-a407-4e0d-8b2d-e21791cc2812" testId="2753bf3c-a5a8-29f6-9413-8592f35e969b" testName="SAFARIstack.Tests.Integration.Endpoints.AuthEndpointTests.GetUsersByProperty_Authenticated_Returns200" computerName="MADOC" duration="00:00:00.3388220" startTime="2026-02-13T21:38:58.3759235+02:00" endTime="2026-02-13T21:38:58.3759243+02:00" testType="13cdc9d9-ddb5-4fa4-a97d-d965ccfc6d4b" outcome="Passed" testListId="8c84fa94-04c1-424b-9868-57a2d4851a1d" relativeResultsDirectory="b0b89c89-a407-4e0d-8b2d-e21791cc2812" />
    <UnitTestResult executionId="30382e95-7e12-4300-8d70-a6ce9d369fe8" testId="638a217b-241b-f9bc-8de7-304528dd9399" testName="SAFARIstack.Tests.Integration.Endpoints.AuthEndpointTests.GetUserById_NonExistent_Returns404" computerName="MADOC" duration="00:00:00.0275607" startTime="2026-02-13T21:39:00.3320050+02:00" endTime="2026-02-13T21:39:00.3320054+02:00" testType="13cdc9d9-ddb5-4fa4-a97d-d965ccfc6d4b" outcome="Passed" testListId="8c84fa94-04c1-424b-9868-57a2d4851a1d" relativeResultsDirectory="30382e95-7e12-4300-8d70-a6ce9d369fe8" />
    <UnitTestResult executionId="71f19e3a-9d6f-4285-a1ce-bbee73e9e04e" testId="e2b378ea-7168-e9bb-55bf-6283f9393789" testName="SAFARIstack.Tests.Integration.Endpoints.GuestEndpointTests.CreateGuest_ValidRequest_Returns201AndPersists" computerName="MADOC" duration="00:00:00.2302897" startTime="2026-02-13T21:39:08.3849358+02:00" endTime="2026-02-13T21:39:08.3849362+02:00" testType="13cdc9d9-ddb5-4fa4-a97d-d965ccfc6d4b" outcome="Passed" testListId="8c84fa94-04c1-424b-9868-57a2d4851a1d" relativeResultsDirectory="71f19e3a-9d6f-4285-a1ce-bbee73e9e04e" />
    <UnitTestResult executionId="4e021d20-75f2-428b-a0cd-72c025250adc" testId="0c9925c3-c3dc-6e36-cd4d-335d87432757" testName="SAFARIstack.Tests.Integration.Stress.BulkSeedAndStressTests.SoftDelete_Booking_SetsDeletedTimestamp" computerName="MADOC" duration="00:00:00.1175439" startTime="2026-02-13T21:39:48.8497633+02:00" endTime="2026-02-13T21:39:48.8497638+02:00" testType="13cdc9d9-ddb5-4fa4-a97d-d965ccfc6d4b" outcome="Passed" testListId="8c84fa94-04c1-424b-9868-57a2d4851a1d" relativeResultsDirectory="4e021d20-75f2-428b-a0cd-72c025250adc" />
    <UnitTestResult executionId="340f4383-05f1-475a-aa5b-3cca8e1a986c" testId="50d5937c-a3b5-18df-847a-0bf2f7632d26" testName="SAFARIstack.Tests.Integration.Endpoints.SettingsEndpointTests.GetPropertySettings_Anonymous_Returns401" computerName="MADOC" duration="00:00:00.0866073" startTime="2026-02-13T21:39:23.1500025+02:00" endTime="2026-02-13T21:39:23.1500028+02:00" testType="13cdc9d9-ddb5-4fa4-a97d-d965ccfc6d4b" outcome="Passed" testListId="8c84fa94-04c1-424b-9868-57a2d4851a1d" relativeResultsDirectory="340f4383-05f1-475a-aa5b-3cca8e1a986c" />
    <UnitTestResult executionId="d6105e9b-00fb-4d49-8356-2fc0e5cc5d2b" testId="49948fd7-2a63-2948-c3d6-e5c498e1cf45" testName="SAFARIstack.Tests.Integration.Endpoints.SettingsEndpointTests.GetMerchantConfigurations_ReturnsList" computerName="MADOC" duration="00:00:00.2756116" startTime="2026-02-13T21:39:20.9706820+02:00" endTime="2026-02-13T21:39:20.9706825+02:00" testType="13cdc9d9-ddb5-4fa4-a97d-d965ccfc6d4b" outcome="Passed" testListId="8c84fa94-04c1-424b-9868-57a2d4851a1d" relativeResultsDirectory="d6105e9b-00fb-4d49-8356-2fc0e5cc5d2b" />
    <UnitTestResult executionId="aeb24b06-3a7b-4a0b-9e25-0a624bfb0fd3" testId="25cfbd48-861b-34fc-7ac4-c24f80341baf" testName="SAFARIstack.Tests.Integration.Endpoints.BookingEndpointTests.CreateBooking_MissingGuest_Returns400" computerName="MADOC" duration="00:00:00.1818110" startTime="2026-02-13T21:39:00.5644178+02:00" endTime="2026-02-13T21:39:00.5644185+02:00" testType="13cdc9d9-ddb5-4fa4-a97d-d965ccfc6d4b" outcome="Passed" testListId="8c84fa94-04c1-424b-9868-57a2d4851a1d" relativeResultsDirectory="aeb24b06-3a7b-4a0b-9e25-0a624bfb0fd3" />
    <UnitTestResult executionId="3d4227a4-f741-45e1-96fd-6f112d9068a7" testId="885aa1a8-f482-8569-ce0b-2e3aed055929" testName="SAFARIstack.Tests.Integration.Endpoints.StaffAndRfidEndpointTests.GetStaffByProperty_Returns200" computerName="MADOC" duration="00:00:00.1318776" startTime="2026-02-13T21:39:24.8402968+02:00" endTime="2026-02-13T21:39:24.8402974+02:00" testType="13cdc9d9-ddb5-4fa4-a97d-d965ccfc6d4b" outcome="Passed" testListId="8c84fa94-04c1-424b-9868-57a2d4851a1d" relativeResultsDirectory="3d4227a4-f741-45e1-96fd-6f112d9068a7" />
    <UnitTestResult executionId="7006d71e-c104-4ced-a92d-7206fb77c199" testId="d0f9becd-8641-72bd-6d45-32a2fefcd4b8" testName="SAFARIstack.Tests.Integration.Stress.BulkSeedAndStressTests.Bookings_Has1000Records" computerName="MADOC" duration="00:00:00.0235338" startTime="2026-02-13T21:39:49.9500846+02:00" endTime="2026-02-13T21:39:49.9500850+02:00" testType="13cdc9d9-ddb5-4fa4-a97d-d965ccfc6d4b" outcome="Passed" testListId="8c84fa94-04c1-424b-9868-57a2d4851a1d" relativeResultsDirectory="7006d71e-c104-4ced-a92d-7206fb77c199" />
    <UnitTestResult executionId="02f6e0d1-5ec2-42df-b258-1c4e0cd2a794" testId="796c2a90-11c2-47d4-9508-8705bb146e2e" testName="SAFARIstack.Tests.Integration.Endpoints.FinancialEndpointTests.CloseFolio_WithNoBalance_Returns204" computerName="MADOC" duration="00:00:00.1262760" startTime="2026-02-13T21:39:05.8570006+02:00" endTime="2026-02-13T21:39:05.8570016+02:00" testType="13cdc9d9-ddb5-4fa4-a97d-d965ccfc6d4b" outcome="Passed" testListId="8c84fa94-04c1-424b-9868-57a2d4851a1d" relativeResultsDirectory="02f6e0d1-5ec2-42df-b258-1c4e0cd2a794" />
    <UnitTestResult executionId="f0f8f5a4-38c3-4375-acb5-c1aa9b1b0744" testId="d671f90e-f5e8-6dba-b649-a33862db0eed" testName="SAFARIstack.Tests.Integration.Stress.BulkSeedAndStressTests.FolioLineItems_Has3000Records" computerName="MADOC" duration="00:00:00.0193823" startTime="2026-02-13T21:39:49.6476866+02:00" endTime="2026-02-13T21:39:49.6476870+02:00" testType="13cdc9d9-ddb5-4fa4-a97d-d965ccfc6d4b" outcome="Passed" testListId="8c84fa94-04c1-424b-9868-57a2d4851a1d" relativeResultsDirectory="f0f8f5a4-38c3-4375-acb5-c1aa9b1b0744" />
    <UnitTestResult executionId="f88cb9b3-95a8-4832-8cbc-9134b2f86fcc" testId="d9b24bdb-023e-64ce-11bb-bbad19054c89" testName="SAFARIstack.Tests.Integration.Endpoints.AuthEndpointTests.ChangePassword_WrongCurrent_ReturnsBadRequest" computerName="MADOC" duration="00:00:01.4825751" startTime="2026-02-13T21:38:47.6478773+02:00" endTime="2026-02-13T21:38:47.6478777+02:00" testType="13cdc9d9-ddb5-4fa4-a97d-d965ccfc6d4b" outcome="Passed" testListId="8c84fa94-04c1-424b-9868-57a2d4851a1d" relativeResultsDirectory="f88cb9b3-95a8-4832-8cbc-9134b2f86fcc" />
    <UnitTestResult executionId="f8693c8e-7a5b-4920-b199-3780c598d4c4" testId="418d4c51-6e69-395a-1b2a-822226078864" testName="SAFARIstack.Tests.Integration.Endpoints.RoomEndpointTests.MarkRoomDirty_ThenClean_Returns204" computerName="MADOC" duration="00:00:00.2801032" startTime="2026-02-13T21:39:19.5584582+02:00" endTime="2026-02-13T21:39:19.5584587+02:00" testType="13cdc9d9-ddb5-4fa4-a97d-d965ccfc6d4b" outcome="Passed" testListId="8c84fa94-04c1-424b-9868-57a2d4851a1d" relativeResultsDirectory="f8693c8e-7a5b-4920-b199-3780c598d4c4" />
    <UnitTestResult executionId="28da7d18-a767-4f9a-9038-6b3f25f597f6" testId="6e68bea2-9c88-0d86-0af3-e455c880d068" testName="SAFARIstack.Tests.Integration.Stress.BulkSeedAndStressTests.CountPerProperty_SumsToTotal" computerName="MADOC" duration="00:00:00.1662239" startTime="2026-02-13T21:39:49.4763763+02:00" endTime="2026-02-13T21:39:49.4763767+02:00" testType="13cdc9d9-ddb5-4fa4-a97d-d965ccfc6d4b" outcome="Passed" testListId="8c84fa94-04c1-424b-9868-57a2d4851a1d" relativeResultsDirectory="28da7d18-a767-4f9a-9038-6b3f25f597f6" />
    <UnitTestResult executionId="91cec75b-f45e-4224-8823-4ef97f6f77f2" testId="deed666a-a82f-8528-e42d-52c3cdfcdaaa" testName="SAFARIstack.Tests.Integration.Endpoints.BookingEndpointTests.CheckIn_NonExistentBooking_Returns404" computerName="MADOC" duration="00:00:00.0434783" startTime="2026-02-13T21:39:03.2617483+02:00" endTime="2026-02-13T21:39:03.2617487+02:00" testType="13cdc9d9-ddb5-4fa4-a97d-d965ccfc6d4b" outcome="Passed" testListId="8c84fa94-04c1-424b-9868-57a2d4851a1d" relativeResultsDirectory="91cec75b-f45e-4224-8823-4ef97f6f77f2" />
    <UnitTestResult executionId="418caa2f-7125-4ed3-9032-6216f3890d72" testId="6752be92-bfb1-e582-f591-12bec8020dad" testName="SAFARIstack.Tests.Integration.Stress.BulkSeedAndStressTests.RfidCards_Has1000Records" computerName="MADOC" duration="00:00:00.0184577" startTime="2026-02-13T21:39:49.0483254+02:00" endTime="2026-02-13T21:39:49.0483257+02:00" testType="13cdc9d9-ddb5-4fa4-a97d-d965ccfc6d4b" outcome="Passed" testListId="8c84fa94-04c1-424b-9868-57a2d4851a1d" relativeResultsDirectory="418caa2f-7125-4ed3-9032-6216f3890d72" />
    <UnitTestResult executionId="23797e86-a5c9-44aa-a18e-44779cc5b6fb" testId="ae91c0b9-1787-6651-daec-776a04585e9a" testName="SAFARIstack.Tests.Integration.Stress.BulkSeedAndStressTests.Users_Has1000Records" computerName="MADOC" duration="00:00:00.0175647" startTime="2026-02-13T21:39:50.0448626+02:00" endTime="2026-02-13T21:39:50.0448630+02:00" testType="13cdc9d9-ddb5-4fa4-a97d-d965ccfc6d4b" outcome="Passed" testListId="8c84fa94-04c1-424b-9868-57a2d4851a1d" relativeResultsDirectory="23797e86-a5c9-44aa-a18e-44779cc5b6fb" />
    <UnitTestResult executionId="019bda9e-2231-4431-90c9-f2a1c75cf509" testId="09a38b64-71c5-4815-b950-fb721e0d8be8" testName="SAFARIstack.Tests.Integration.Endpoints.RateAndHealthEndpointTests.CreateSeason_ValidRequest_Returns201" computerName="MADOC" duration="00:00:00.4611962" startTime="2026-02-13T21:39:11.7620062+02:00" endTime="2026-02-13T21:39:11.7620066+02:00" testType="13cdc9d9-ddb5-4fa4-a97d-d965ccfc6d4b" outcome="Passed" testListId="8c84fa94-04c1-424b-9868-57a2d4851a1d" relativeResultsDirectory="019bda9e-2231-4431-90c9-f2a1c75cf509" />
    <UnitTestResult executionId="5788f851-3a76-4053-921f-e34be1fa573a" testId="2af05b21-10a9-25fa-a0e7-9ff2eb891e8b" testName="SAFARIstack.Tests.Integration.Stress.CompleteBulkInsertTests.GuestLoyalties_Has1000Records" computerName="MADOC" duration="00:00:00.0089012" startTime="2026-02-13T21:39:52.7982354+02:00" endTime="2026-02-13T21:39:52.7982359+02:00" testType="13cdc9d9-ddb5-4fa4-a97d-d965ccfc6d4b" outcome="Passed" testListId="8c84fa94-04c1-424b-9868-57a2d4851a1d" relativeResultsDirectory="5788f851-3a76-4053-921f-e34be1fa573a" />
    <UnitTestResult executionId="8c141e95-af93-417b-886d-d46d0aee59ba" testId="13ab848a-fa75-08dd-20f0-6257ee5787e3" testName="SAFARIstack.Tests.Integration.Endpoints.RateAndHealthEndpointTests.GetSeasonsByProperty_Returns200" computerName="MADOC" duration="00:00:00.1568484" startTime="2026-02-13T21:39:10.4440222+02:00" endTime="2026-02-13T21:39:10.4440226+02:00" testType="13cdc9d9-ddb5-4fa4-a97d-d965ccfc6d4b" outcome="Passed" testListId="8c84fa94-04c1-424b-9868-57a2d4851a1d" relativeResultsDirectory="8c141e95-af93-417b-886d-d46d0aee59ba" />
    <UnitTestResult executionId="fedf0d5b-1d9f-4305-8e02-6e066fdea3d5" testId="f53e97c7-a38b-af1b-3855-d6e8d1d6aa31" testName="SAFARIstack.Tests.Integration.Endpoints.BookingEndpointTests.GetBookingsByProperty_Returns200WithPagination" computerName="MADOC" duration="00:00:00.4991739" startTime="2026-02-13T21:39:01.0649238+02:00" endTime="2026-02-13T21:39:01.0649242+02:00" testType="13cdc9d9-ddb5-4fa4-a97d-d965ccfc6d4b" outcome="Passed" testListId="8c84fa94-04c1-424b-9868-57a2d4851a1d" relativeResultsDirectory="fedf0d5b-1d9f-4305-8e02-6e066fdea3d5" />
    <UnitTestResult executionId="d2922a6f-0390-42a7-8d21-793f37c8daba" testId="e0963244-f0dc-403c-61b3-b8e39d406f7f" testName="SAFARIstack.Tests.Integration.Stress.BulkSeedAndStressTests.RfidReaders_Has200Records" computerName="MADOC" duration="00:00:00.0275999" startTime="2026-02-13T21:39:48.5644780+02:00" endTime="2026-02-13T21:39:48.5644784+02:00" testType="13cdc9d9-ddb5-4fa4-a97d-d965ccfc6d4b" outcome="Passed" testListId="8c84fa94-04c1-424b-9868-57a2d4851a1d" relativeResultsDirectory="d2922a6f-0390-42a7-8d21-793f37c8daba" />
    <UnitTestResult executionId="0a260976-de93-4a66-9715-7c0bf56fe1d1" testId="b2dce24f-2377-d639-d4cc-41cb2316dbf0" testName="SAFARIstack.Tests.Integration.Endpoints.SettingsEndpointTests.GetPropertyNotifications_ReturnsPagedList" computerName="MADOC" duration="00:00:00.2218922" startTime="2026-02-13T21:39:20.1977831+02:00" endTime="2026-02-13T21:39:20.1977835+02:00" testType="13cdc9d9-ddb5-4fa4-a97d-d965ccfc6d4b" outcome="Passed" testListId="8c84fa94-04c1-424b-9868-57a2d4851a1d" relativeResultsDirectory="0a260976-de93-4a66-9715-7c0bf56fe1d1" />
    <UnitTestResult executionId="43e13c6a-62f1-4c43-8fd1-09a09b8eac6a" testId="4bb97d1c-7c46-011a-9eb3-1fd1b314ea51" testName="SAFARIstack.Tests.Integration.Stress.CompleteBulkInsertTests.CancellationPolicies_HaveCorrectPropertyDistribution" computerName="MADOC" duration="00:00:00.0285997" startTime="2026-02-13T21:39:52.4973028+02:00" endTime="2026-02-13T21:39:52.4973032+02:00" testType="13cdc9d9-ddb5-4fa4-a97d-d965ccfc6d4b" outcome="Passed" testListId="8c84fa94-04c1-424b-9868-57a2d4851a1d" relativeResultsDirectory="43e13c6a-62f1-4c43-8fd1-09a09b8eac6a" />
    <UnitTestResult executionId="ccd2864b-cc8e-46fb-8f8d-a15fa6b218a9" testId="94b18dbf-430f-f661-4694-a04859b182dd" testName="SAFARIstack.Tests.Integration.Stress.CompleteBulkInsertTests.Rates_AveragePerPropertyIsReasonable" computerName="MADOC" duration="00:00:00.0320558" startTime="2026-02-13T21:39:52.6171262+02:00" endTime="2026-02-13T21:39:52.6171265+02:00" testType="13cdc9d9-ddb5-4fa4-a97d-d965ccfc6d4b" outcome="Passed" testListId="8c84fa94-04c1-424b-9868-57a2d4851a1d" relativeResultsDirectory="ccd2864b-cc8e-46fb-8f8d-a15fa6b218a9" />
    <UnitTestResult executionId="961f9e3b-8ea7-4f40-8733-df818a2f1ce5" testId="48d9ec0e-a1a1-1a26-6173-4bc3afe6ca43" testName="SAFARIstack.Tests.Integration.Endpoints.SettingsEndpointTests.SetMerchantMode_ToggleLive_ReturnsNoContent" computerName="MADOC" duration="00:00:00.1104908" startTime="2026-02-13T21:39:22.8625701+02:00" endTime="2026-02-13T21:39:22.8625706+02:00" testType="13cdc9d9-ddb5-4fa4-a97d-d965ccfc6d4b" outcome="Passed" testListId="8c84fa94-04c1-424b-9868-57a2d4851a1d" relativeResultsDirectory="961f9e3b-8ea7-4f40-8733-df818a2f1ce5" />
    <UnitTestResult executionId="18d9c9c8-aafc-4f21-b06e-0a79a0f6d452" testId="61efd568-0741-3847-1f7f-c556c1d28091" testName="SAFARIstack.Tests.Integration.Endpoints.FinancialEndpointTests.GetFolioByBooking_AfterCreate_ReturnsData" computerName="MADOC" duration="00:00:00.4874914" startTime="2026-02-13T21:39:05.7075424+02:00" endTime="2026-02-13T21:39:05.7075428+02:00" testType="13cdc9d9-ddb5-4fa4-a97d-d965ccfc6d4b" outcome="Passed" testListId="8c84fa94-04c1-424b-9868-57a2d4851a1d" relativeResultsDirectory="18d9c9c8-aafc-4f21-b06e-0a79a0f6d452" />
    <UnitTestResult executionId="60e89468-b5ad-450b-86cc-d61f4441378a" testId="0c26c5fc-f44d-1860-270e-b4f52a42cd81" testName="SAFARIstack.Tests.Integration.Stress.BulkSeedAndStressTests.TotalPayments_MatchesExpectedPerFolio" computerName="MADOC" duration="00:00:00.0450238" startTime="2026-02-13T21:39:46.6316036+02:00" endTime="2026-02-13T21:39:46.6316040+02:00" testType="13cdc9d9-ddb5-4fa4-a97d-d965ccfc6d4b" outcome="Passed" testListId="8c84fa94-04c1-424b-9868-57a2d4851a1d" relativeResultsDirectory="60e89468-b5ad-450b-86cc-d61f4441378a" />
    <UnitTestResult executionId="1171e4d3-6e53-4f24-9423-4252f34ba26b" testId="06a04218-422f-fb51-9008-582e9f578298" testName="SAFARIstack.Tests.Integration.Endpoints.GuestEndpointTests.BlacklistGuest_ValidReason_Returns204" computerName="MADOC" duration="00:00:00.6388590" startTime="2026-02-13T21:39:08.0656374+02:00" endTime="2026-02-13T21:39:08.0656378+02:00" testType="13cdc9d9-ddb5-4fa4-a97d-d965ccfc6d4b" outcome="Passed" testListId="8c84fa94-04c1-424b-9868-57a2d4851a1d" relativeResultsDirectory="1171e4d3-6e53-4f24-9423-4252f34ba26b" />
    <UnitTestResult executionId="46569094-4dac-4099-bd37-4adc1024b738" testId="69fc7daa-3df9-5244-a96c-94e62883656d" testName="SAFARIstack.Tests.Integration.Endpoints.FinancialEndpointTests.GetPaymentsByFolio_Returns200" computerName="MADOC" duration="00:00:00.3703273" startTime="2026-02-13T21:39:03.6854061+02:00" endTime="2026-02-13T21:39:03.6854066+02:00" testType="13cdc9d9-ddb5-4fa4-a97d-d965ccfc6d4b" outcome="Passed" testListId="8c84fa94-04c1-424b-9868-57a2d4851a1d" relativeResultsDirectory="46569094-4dac-4099-bd37-4adc1024b738" />
    <UnitTestResult executionId="4b5cdef5-d04e-4fe0-ae57-030da2f5893b" testId="ed8a1533-25ab-d115-c4ab-0fd5c9eb2ee3" testName="SAFARIstack.Tests.Integration.Stress.BulkSeedAndStressTests.HousekeepingTasks_Has1000Records" computerName="MADOC" duration="00:00:00.0144697" startTime="2026-02-13T21:39:49.0646549+02:00" endTime="2026-02-13T21:39:49.0646553+02:00" testType="13cdc9d9-ddb5-4fa4-a97d-d965ccfc6d4b" outcome="Passed" testListId="8c84fa94-04c1-424b-9868-57a2d4851a1d" relativeResultsDirectory="4b5cdef5-d04e-4fe0-ae57-030da2f5893b" />
    <UnitTestResult executionId="9866712e-e26c-435a-829b-283e4a905a8c" testId="0151ab8f-d014-f06b-9eac-ab99b346920c" testName="SAFARIstack.Tests.Integration.Stress.CompleteBulkInsertTests.AllTables_HaveExpectedRecordCounts" computerName="MADOC" duration="00:00:00.2519126" startTime="2026-02-13T21:39:52.2819898+02:00" endTime="2026-02-13T21:39:52.2819902+02:00" testType="13cdc9d9-ddb5-4fa4-a97d-d965ccfc6d4b" outcome="Passed" testListId="8c84fa94-04c1-424b-9868-57a2d4851a1d" relativeResultsDirectory="9866712e-e26c-435a-829b-283e4a905a8c" />
    <UnitTestResult executionId="80425b85-867c-4a6f-82dd-f77a6a4cea52" testId="7aa936f0-d66e-5e77-0c96-b84705cc88f0" testName="SAFARIstack.Tests.Integration.Stress.BulkSeedAndStressTests.GuestEmails_AreUniquePerProperty" computerName="MADOC" duration="00:00:00.0659826" startTime="2026-02-13T21:39:46.5855141+02:00" endTime="2026-02-13T21:39:46.5855145+02:00" testType="13cdc9d9-ddb5-4fa4-a97d-d965ccfc6d4b" outcome="Passed" testListId="8c84fa94-04c1-424b-9868-57a2d4851a1d" relativeResultsDirectory="80425b85-867c-4a6f-82dd-f77a6a4cea52" />
    <UnitTestResult executionId="add69ab4-80b5-482a-a867-7a6943af96f6" testId="0c3bea6f-65fc-57ef-ecfc-51c5db824d43" testName="SAFARIstack.Tests.Integration.Endpoints.HousekeepingEndpointTests.GetPendingTasks_Returns200" computerName="MADOC" duration="00:00:00.2148295" startTime="2026-02-13T21:39:08.9647966+02:00" endTime="2026-02-13T21:39:08.9647970+02:00" testType="13cdc9d9-ddb5-4fa4-a97d-d965ccfc6d4b" outcome="Passed" testListId="8c84fa94-04c1-424b-9868-57a2d4851a1d" relativeResultsDirectory="add69ab4-80b5-482a-a867-7a6943af96f6" />
    <UnitTestResult executionId="788b755f-4d47-4955-a961-b33d44886f2d" testId="1c177ad2-d168-cc54-c6b3-473c3f4f0737" testName="SAFARIstack.Tests.Integration.Stress.BulkSeedAndStressTests.Properties_Has2Records" computerName="MADOC" duration="00:00:00.0180335" startTime="2026-02-13T21:39:49.1806090+02:00" endTime="2026-02-13T21:39:49.1806095+02:00" testType="13cdc9d9-ddb5-4fa4-a97d-d965ccfc6d4b" outcome="Passed" testListId="8c84fa94-04c1-424b-9868-57a2d4851a1d" relativeResultsDirectory="788b755f-4d47-4955-a961-b33d44886f2d" />
    <UnitTestResult executionId="e866577a-afd8-47f2-ae98-85c70baed399" testId="dde4a33f-0980-f137-b42e-aabee74b3952" testName="SAFARIstack.Tests.Integration.Endpoints.RoomEndpointTests.CreateRoom_ValidRequest_Returns201" computerName="MADOC" duration="00:00:01.1509452" startTime="2026-02-13T21:39:19.0775939+02:00" endTime="2026-02-13T21:39:19.0775944+02:00" testType="13cdc9d9-ddb5-4fa4-a97d-d965ccfc6d4b" outcome="Passed" testListId="8c84fa94-04c1-424b-9868-57a2d4851a1d" relativeResultsDirectory="e866577a-afd8-47f2-ae98-85c70baed399" />
    <UnitTestResult executionId="3f7aa76d-2349-4038-9374-7b73f3c9ff4d" testId="19912c71-b93b-2440-f4e9-28674aae3b1f" testName="SAFARIstack.Tests.Integration.Endpoints.AuthEndpointTests.GetUserById_ValidId_Returns200" computerName="MADOC" duration="00:00:00.0416284" startTime="2026-02-13T21:39:00.3759076+02:00" endTime="2026-02-13T21:39:00.3759080+02:00" testType="13cdc9d9-ddb5-4fa4-a97d-d965ccfc6d4b" outcome="Passed" testListId="8c84fa94-04c1-424b-9868-57a2d4851a1d" relativeResultsDirectory="3f7aa76d-2349-4038-9374-7b73f3c9ff4d" />
    <UnitTestResult executionId="f88dfaf7-5fc5-4893-a91d-04d16f10915a" testId="18c14ecb-636f-bc96-86e5-1233b70ca3e9" testName="SAFARIstack.Tests.Integration.Stress.CompleteBulkInsertTests.GuestLoyalties_OnePerGuest" computerName="MADOC" duration="00:00:00.0213153" startTime="2026-02-13T21:39:52.4280992+02:00" endTime="2026-02-13T21:39:52.4280998+02:00" testType="13cdc9d9-ddb5-4fa4-a97d-d965ccfc6d4b" outcome="Passed" testListId="8c84fa94-04c1-424b-9868-57a2d4851a1d" relativeResultsDirectory="f88dfaf7-5fc5-4893-a91d-04d16f10915a" />
    <UnitTestResult executionId="de9e9310-bdc5-47dd-a382-1e60089ac433" testId="7e3ab9c3-8f85-4eb5-45c8-cb63ecd0604e" testName="SAFARIstack.Tests.Integration.Stress.CompleteBulkInsertTests.RatePlans_Has200Records" computerName="MADOC" duration="00:00:00.0081279" startTime="2026-02-13T21:39:52.7884429+02:00" endTime="2026-02-13T21:39:52.7884432+02:00" testType="13cdc9d9-ddb5-4fa4-a97d-d965ccfc6d4b" outcome="Passed" testListId="8c84fa94-04c1-424b-9868-57a2d4851a1d" relativeResultsDirectory="de9e9310-bdc5-47dd-a382-1e60089ac433" />
    <UnitTestResult executionId="19fcf660-a669-44d1-9726-a01637283374" testId="f732cda6-302b-e6c5-ca5e-9f37207c12fa" testName="SAFARIstack.Tests.Integration.Endpoints.HousekeepingEndpointTests.CreateHkTask_Anonymous_Returns401" computerName="MADOC" duration="00:00:00.0417532" startTime="2026-02-13T21:39:08.6112345+02:00" endTime="2026-02-13T21:39:08.6112348+02:00" testType="13cdc9d9-ddb5-4fa4-a97d-d965ccfc6d4b" outcome="Passed" testListId="8c84fa94-04c1-424b-9868-57a2d4851a1d" relativeResultsDirectory="19fcf660-a669-44d1-9726-a01637283374" />
    <UnitTestResult executionId="c8f3165f-481a-408d-8ce5-90319fceafa7" testId="51d4843f-8890-ee46-a1a6-b993110e4b0c" testName="SAFARIstack.Tests.Integration.Endpoints.StaffAndRfidEndpointTests.GetStaff_Anonymous_Returns401" computerName="MADOC" duration="00:00:00.0090175" startTime="2026-02-13T21:39:25.1383519+02:00" endTime="2026-02-13T21:39:25.1383523+02:00" testType="13cdc9d9-ddb5-4fa4-a97d-d965ccfc6d4b" outcome="Passed" testListId="8c84fa94-04c1-424b-9868-57a2d4851a1d" relativeResultsDirectory="c8f3165f-481a-408d-8ce5-90319fceafa7" />
    <UnitTestResult executionId="214a5576-25e7-4d4d-88f1-03ede6d2ca87" testId="c40b9bcb-fe01-8b88-407f-61096f6d7b65" testName="SAFARIstack.Tests.Integration.Stress.BulkSeedAndStressTests.Pagination_Guests_ReturnsCorrectPage(skip: 0, take: 50)" computerName="MADOC" duration="00:00:00.0042241" startTime="2026-02-13T21:39:47.3224450+02:00" endTime="2026-02-13T21:39:47.3224454+02:00" testType="13cdc9d9-ddb5-4fa4-a97d-d965ccfc6d4b" outcome="Passed" testListId="8c84fa94-04c1-424b-9868-57a2d4851a1d" relativeResultsDirectory="214a5576-25e7-4d4d-88f1-03ede6d2ca87" />
    <UnitTestResult executionId="52c7c549-aaf1-4069-a364-9def22befbe0" testId="e3961e15-8cd6-ff07-ca8c-e24a83c660d2" testName="SAFARIstack.Tests.Integration.Endpoints.RoomEndpointTests.CreateRoomBlock_ValidRequest_Returns201" computerName="MADOC" duration="00:00:03.2470274" startTime="2026-02-13T21:39:17.8137839+02:00" endTime="2026-02-13T21:39:17.8137843+02:00" testType="13cdc9d9-ddb5-4fa4-a97d-d965ccfc6d4b" outcome="Passed" testListId="8c84fa94-04c1-424b-9868-57a2d4851a1d" relativeResultsDirectory="52c7c549-aaf1-4069-a364-9def22befbe0" />
    <UnitTestResult executionId="cd3e39e8-a734-4a22-a003-a7d8d583ad66" testId="3d8ba655-e7be-85ed-c484-2395633b2bb7" testName="SAFARIstack.Tests.Integration.Endpoints.RateAndHealthEndpointTests.GetRatesByRoomType_Returns200" computerName="MADOC" duration="00:00:00.2586931" startTime="2026-02-13T21:39:10.1933596+02:00" endTime="2026-02-13T21:39:10.1933602+02:00" testType="13cdc9d9-ddb5-4fa4-a97d-d965ccfc6d4b" outcome="Passed" testListId="8c84fa94-04c1-424b-9868-57a2d4851a1d" relativeResultsDirectory="cd3e39e8-a734-4a22-a003-a7d8d583ad66" />
    <UnitTestResult executionId="ed8f1c19-0688-4ec3-a905-3e91c5796219" testId="5d21ef41-7c79-420b-6eaa-968e8c097943" testName="SAFARIstack.Tests.Integration.Endpoints.RateAndHealthEndpointTests.GetAllRoles_Authenticated_Returns200" computerName="MADOC" duration="00:00:00.1285067" startTime="2026-02-13T21:39:09.7624623+02:00" endTime="2026-02-13T21:39:09.7624627+02:00" testType="13cdc9d9-ddb5-4fa4-a97d-d965ccfc6d4b" outcome="Passed" testListId="8c84fa94-04c1-424b-9868-57a2d4851a1d" relativeResultsDirectory="ed8f1c19-0688-4ec3-a905-3e91c5796219" />
    <UnitTestResult executionId="36c821ab-c316-4985-84c5-679bd194cdad" testId="983b5ccf-5ec6-51a2-49b1-d579fea3dc87" testName="SAFARIstack.Tests.Integration.Stress.CompleteBulkInsertTests.RolePermissions_HasSeededMappings" computerName="MADOC" duration="00:00:00.0310575" startTime="2026-02-13T21:39:51.5292794+02:00" endTime="2026-02-13T21:39:51.5292804+02:00" testType="13cdc9d9-ddb5-4fa4-a97d-d965ccfc6d4b" outcome="Passed" testListId="8c84fa94-04c1-424b-9868-57a2d4851a1d" relativeResultsDirectory="36c821ab-c316-4985-84c5-679bd194cdad" />
    <UnitTestResult executionId="f18d0850-d5e8-46cb-b3a5-c45f73e09719" testId="200e6297-470f-ed61-24a0-cfce2f2c4c77" testName="SAFARIstack.Tests.Integration.Endpoints.StaffAndRfidEndpointTests.GetAttendanceReport_Returns200" computerName="MADOC" duration="00:00:00.0820213" startTime="2026-02-13T21:39:24.9268924+02:00" endTime="2026-02-13T21:39:24.9268933+02:00" testType="13cdc9d9-ddb5-4fa4-a97d-d965ccfc6d4b" outcome="Passed" testListId="8c84fa94-04c1-424b-9868-57a2d4851a1d" relativeResultsDirectory="f18d0850-d5e8-46cb-b3a5-c45f73e09719" />
    <UnitTestResult executionId="2daa14b7-5b54-4298-b34c-e9516468f6b1" testId="e8139173-b556-e9d5-6bd4-f116d4701282" testName="SAFARIstack.Tests.Integration.Stress.CompleteBulkInsertTests.Roles_HasSeededSystemRoles" computerName="MADOC" duration="00:00:00.0154352" startTime="2026-02-13T21:39:50.6240797+02:00" endTime="2026-02-13T21:39:50.6240801+02:00" testType="13cdc9d9-ddb5-4fa4-a97d-d965ccfc6d4b" outcome="Passed" testListId="8c84fa94-04c1-424b-9868-57a2d4851a1d" relativeResultsDirectory="2daa14b7-5b54-4298-b34c-e9516468f6b1" />
    <UnitTestResult executionId="8cf210bb-1716-4d10-a7fc-941d54bd179e" testId="e3bd2cdd-aa0a-ab5b-bb26-8401a05b8b35" testName="SAFARIstack.Tests.Integration.Endpoints.RateAndHealthEndpointTests.Health_Returns200WithDatabaseStatus" computerName="MADOC" duration="00:00:00.3140878" startTime="2026-02-13T21:39:11.2993841+02:00" endTime="2026-02-13T21:39:11.2993844+02:00" testType="13cdc9d9-ddb5-4fa4-a97d-d965ccfc6d4b" outcome="Passed" testListId="8c84fa94-04c1-424b-9868-57a2d4851a1d" relativeResultsDirectory="8cf210bb-1716-4d10-a7fc-941d54bd179e" />
    <UnitTestResult executionId="e9442e78-6d77-450c-a781-d74a2eebc51b" testId="b9053b66-d837-cb38-c723-013c36bd600f" testName="SAFARIstack.Tests.Integration.Endpoints.GuestEndpointTests.UpdateGuestContact_ValidRequest_Returns204" computerName="MADOC" duration="00:00:00.1228191" startTime="2026-02-13T21:39:06.4005648+02:00" endTime="2026-02-13T21:39:06.4005652+02:00" testType="13cdc9d9-ddb5-4fa4-a97d-d965ccfc6d4b" outcome="Passed" testListId="8c84fa94-04c1-424b-9868-57a2d4851a1d" relativeResultsDirectory="e9442e78-6d77-450c-a781-d74a2eebc51b" />
    <UnitTestResult executionId="b5d38bd1-32dd-4a88-ab35-e0afab9e2a20" testId="ca9cfaec-f047-5de1-2760-005b52ef7d77" testName="SAFARIstack.Tests.Integration.Endpoints.SettingsEndpointTests.GetQueuedNotifications_ReturnsArray" computerName="MADOC" duration="00:00:00.1048266" startTime="2026-02-13T21:39:22.7149171+02:00" endTime="2026-02-13T21:39:22.7149179+02:00" testType="13cdc9d9-ddb5-4fa4-a97d-d965ccfc6d4b" outcome="Passed" testListId="8c84fa94-04c1-424b-9868-57a2d4851a1d" relativeResultsDirectory="b5d38bd1-32dd-4a88-ab35-e0afab9e2a20" />
    <UnitTestResult executionId="4e76664c-9ed9-4233-b8f3-edbf98fbada5" testId="2cafb3af-e1e8-e0c1-0c36-f2268aab19bd" testName="SAFARIstack.Tests.Integration.Stress.CompleteBulkInsertTests.RoomBlocks_Has1000Records" computerName="MADOC" duration="00:00:00.0156798" startTime="2026-02-13T21:39:52.0291890+02:00" endTime="2026-02-13T21:39:52.0291893+02:00" testType="13cdc9d9-ddb5-4fa4-a97d-d965ccfc6d4b" outcome="Passed" testListId="8c84fa94-04c1-424b-9868-57a2d4851a1d" relativeResultsDirectory="4e76664c-9ed9-4233-b8f3-edbf98fbada5" />
    <UnitTestResult executionId="b52f02a4-87d7-48d9-bb37-b305581a9436" testId="1bed97d3-dddc-f88a-3335-a4150b0b37fd" testName="SAFARIstack.Tests.Integration.Endpoints.AuthEndpointTests.Register_InvalidEmail_Returns400ValidationError" computerName="MADOC" duration="00:00:11.4267608" startTime="2026-02-13T21:38:42.5862589+02:00" endTime="2026-02-13T21:38:42.5863247+02:00" testType="13cdc9d9-ddb5-4fa4-a97d-d965ccfc6d4b" outcome="Passed" testListId="8c84fa94-04c1-424b-9868-57a2d4851a1d" relativeResultsDirectory="b52f02a4-87d7-48d9-bb37-b305581a9436" />
    <UnitTestResult executionId="91fc14cb-1935-4faa-acd0-1cd1b37cadc1" testId="fe101e91-7a84-d353-6316-cedf6764daf9" testName="SAFARIstack.Tests.Integration.Stress.CompleteBulkInsertTests.RoomBlocks_AllHaveValidRoomAndProperty" computerName="MADOC" duration="00:00:00.0622374" startTime="2026-02-13T21:39:52.9139282+02:00" endTime="2026-02-13T21:39:52.9139286+02:00" testType="13cdc9d9-ddb5-4fa4-a97d-d965ccfc6d4b" outcome="Passed" testListId="8c84fa94-04c1-424b-9868-57a2d4851a1d" relativeResultsDirectory="91fc14cb-1935-4faa-acd0-1cd1b37cadc1" />
    <UnitTestResult executionId="946817ad-79ef-476b-8142-074355887885" testId="79ba877e-1d36-6a73-8cad-ada4baed3c5f" testName="SAFARIstack.Tests.Integration.Stress.CompleteBulkInsertTests.AllNewEntities_HaveNonEmptyIds" computerName="MADOC" duration="00:00:00.1091619" startTime="2026-02-13T21:39:50.6073041+02:00" endTime="2026-02-13T21:39:50.6073045+02:00" testType="13cdc9d9-ddb5-4fa4-a97d-d965ccfc6d4b" outcome="Passed" testListId="8c84fa94-04c1-424b-9868-57a2d4851a1d" relativeResultsDirectory="946817ad-79ef-476b-8142-074355887885" />
    <UnitTestResult executionId="71088be7-a01a-4de6-ac4e-900799980f78" testId="656fa329-5dd7-5f48-812b-bf76b455cbb9" testName="SAFARIstack.Tests.Integration.Stress.BulkSeedAndStressTests.AllBookings_HaveValidPropertyId" computerName="MADOC" duration="00:00:00.0573682" startTime="2026-02-13T21:39:49.6271996+02:00" endTime="2026-02-13T21:39:49.6272003+02:00" testType="13cdc9d9-ddb5-4fa4-a97d-d965ccfc6d4b" outcome="Passed" testListId="8c84fa94-04c1-424b-9868-57a2d4851a1d" relativeResultsDirectory="71088be7-a01a-4de6-ac4e-900799980f78" />
    <UnitTestResult executionId="96cdf40d-fbcc-4aa4-96d2-9cd31814edce" testId="4e45f456-7242-7a5f-6b19-d8d70a67a69f" testName="SAFARIstack.Tests.Integration.Endpoints.FinancialEndpointTests.GetOpenFolios_Returns200" computerName="MADOC" duration="00:00:00.2732939" startTime="2026-02-13T21:39:04.6369520+02:00" endTime="2026-02-13T21:39:04.6369528+02:00" testType="13cdc9d9-ddb5-4fa4-a97d-d965ccfc6d4b" outcome="Passed" testListId="8c84fa94-04c1-424b-9868-57a2d4851a1d" relativeResultsDirectory="96cdf40d-fbcc-4aa4-96d2-9cd31814edce" />
    <UnitTestResult executionId="9f972010-fe4e-4635-bc3b-5e3466291974" testId="c0fbdb61-5a6c-bf11-288d-7690ec74b8c1" testName="SAFARIstack.Tests.Integration.Stress.CompleteBulkInsertTests.Amenities_AllHaveValidProperty" computerName="MADOC" duration="00:00:00.0338630" startTime="2026-02-13T21:39:52.3676685+02:00" endTime="2026-02-13T21:39:52.3676688+02:00" testType="13cdc9d9-ddb5-4fa4-a97d-d965ccfc6d4b" outcome="Passed" testListId="8c84fa94-04c1-424b-9868-57a2d4851a1d" relativeResultsDirectory="9f972010-fe4e-4635-bc3b-5e3466291974" />
    <UnitTestResult executionId="3cfef8c5-03c0-49b0-a763-7cecc1563db9" testId="baa7c655-c7f5-e306-474c-365856a12b4e" testName="SAFARIstack.Tests.Integration.Endpoints.SettingsEndpointTests.UpdateEmailTemplate_ChangesContent" computerName="MADOC" duration="00:00:00.3618714" startTime="2026-02-13T21:39:20.6168620+02:00" endTime="2026-02-13T21:39:20.6168625+02:00" testType="13cdc9d9-ddb5-4fa4-a97d-d965ccfc6d4b" outcome="Passed" testListId="8c84fa94-04c1-424b-9868-57a2d4851a1d" relativeResultsDirectory="3cfef8c5-03c0-49b0-a763-7cecc1563db9" />
    <UnitTestResult executionId="55c71044-ac03-4022-994c-05d946610035" testId="61e4fad6-1999-1d27-5c63-8e9ddf2972dd" testName="SAFARIstack.Tests.Integration.Stress.BulkSeedAndStressTests.PropertiesHaveEqualDistribution" computerName="MADOC" duration="00:00:00.0311121" startTime="2026-02-13T21:39:46.7561137+02:00" endTime="2026-02-13T21:39:46.7561141+02:00" testType="13cdc9d9-ddb5-4fa4-a97d-d965ccfc6d4b" outcome="Passed" testListId="8c84fa94-04c1-424b-9868-57a2d4851a1d" relativeResultsDirectory="55c71044-ac03-4022-994c-05d946610035" />
    <UnitTestResult executionId="00884cb9-bbeb-4cea-8edb-13b40defbf82" testId="a6f87e6a-aea7-326c-0c01-7b85a51e782c" testName="SAFARIstack.Tests.Integration.Endpoints.AuthEndpointTests.Login_NonExistentUser_Returns401" computerName="MADOC" duration="00:00:00.2951994" startTime="2026-02-13T21:38:47.9442554+02:00" endTime="2026-02-13T21:38:47.9442560+02:00" testType="13cdc9d9-ddb5-4fa4-a97d-d965ccfc6d4b" outcome="Passed" testListId="8c84fa94-04c1-424b-9868-57a2d4851a1d" relativeResultsDirectory="00884cb9-bbeb-4cea-8edb-13b40defbf82" />
    <UnitTestResult executionId="ec8442e1-2d48-4106-aaff-725e13f11b17" testId="1c1fd85b-8a0d-6708-7bec-8a78da72b273" testName="SAFARIstack.Tests.Integration.Endpoints.StaffAndRfidEndpointTests.RfidHeartbeat_WithoutApiKey_Returns401" computerName="MADOC" duration="00:00:00.0191078" startTime="2026-02-13T21:39:25.1272774+02:00" endTime="2026-02-13T21:39:25.1272778+02:00" testType="13cdc9d9-ddb5-4fa4-a97d-d965ccfc6d4b" outcome="Passed" testListId="8c84fa94-04c1-424b-9868-57a2d4851a1d" relativeResultsDirectory="ec8442e1-2d48-4106-aaff-725e13f11b17" />
    <UnitTestResult executionId="b567997a-6eb3-40c7-952a-09c8191fdcff" testId="bb9f8174-e07c-b4f3-3ea3-c2c28aac4138" testName="SAFARIstack.Tests.Integration.Stress.BulkSeedAndStressTests.AllEntities_HaveUpdatedAtSet" computerName="MADOC" duration="00:00:00.0308999" startTime="2026-02-13T21:39:48.6991338+02:00" endTime="2026-02-13T21:39:48.6991342+02:00" testType="13cdc9d9-ddb5-4fa4-a97d-d965ccfc6d4b" outcome="Passed" testListId="8c84fa94-04c1-424b-9868-57a2d4851a1d" relativeResultsDirectory="b567997a-6eb3-40c7-952a-09c8191fdcff" />
    <UnitTestResult executionId="f8cc5525-b52c-4e8d-b54e-9fbeb977100d" testId="474b01e3-78c6-802f-6074-633a37da45e0" testName="SAFARIstack.Tests.Integration.Endpoints.SettingsEndpointTests.UpdateNotificationPreferences_DisableReviewRequest_Returns200" computerName="MADOC" duration="00:00:00.1086383" startTime="2026-02-13T21:39:22.3113223+02:00" endTime="2026-02-13T21:39:22.3113228+02:00" testType="13cdc9d9-ddb5-4fa4-a97d-d965ccfc6d4b" outcome="Passed" testListId="8c84fa94-04c1-424b-9868-57a2d4851a1d" relativeResultsDirectory="f8cc5525-b52c-4e8d-b54e-9fbeb977100d" />
    <UnitTestResult executionId="8fae315b-f910-4d71-9934-f36e92b235e2" testId="adb5a0dd-2b78-2239-dbb7-7d6f54918c9f" testName="SAFARIstack.Tests.Integration.Stress.CompleteBulkInsertTests.CancellationPolicies_Has1000Records" computerName="MADOC" duration="00:00:00.0151935" startTime="2026-02-13T21:39:51.5751629+02:00" endTime="2026-02-13T21:39:51.5751633+02:00" testType="13cdc9d9-ddb5-4fa4-a97d-d965ccfc6d4b" outcome="Passed" testListId="8c84fa94-04c1-424b-9868-57a2d4851a1d" relativeResultsDirectory="8fae315b-f910-4d71-9934-f36e92b235e2" />
    <UnitTestResult executionId="258f7c73-81c5-4fa9-bfe9-9843a1872f0d" testId="f77ef6d8-dbda-3f2d-d02d-892b17f1b5e6" testName="SAFARIstack.Tests.Integration.Endpoints.RoomEndpointTests.GetAvailableRooms_Returns200" computerName="MADOC" duration="00:00:00.4565122" startTime="2026-02-13T21:39:12.2936310+02:00" endTime="2026-02-13T21:39:12.2936313+02:00" testType="13cdc9d9-ddb5-4fa4-a97d-d965ccfc6d4b" outcome="Passed" testListId="8c84fa94-04c1-424b-9868-57a2d4851a1d" relativeResultsDirectory="258f7c73-81c5-4fa9-bfe9-9843a1872f0d" />
    <UnitTestResult executionId="ba6b9654-ffcc-4836-92d8-5881ce678e1e" testId="818dd062-072f-d886-7728-43424a5a28f7" testName="SAFARIstack.Tests.Integration.Stress.CompleteBulkInsertTests.Seasons_Has100Records" computerName="MADOC" duration="00:00:00.0092250" startTime="2026-02-13T21:39:52.4673822+02:00" endTime="2026-02-13T21:39:52.4673827+02:00" testType="13cdc9d9-ddb5-4fa4-a97d-d965ccfc6d4b" outcome="Passed" testListId="8c84fa94-04c1-424b-9868-57a2d4851a1d" relativeResultsDirectory="ba6b9654-ffcc-4836-92d8-5881ce678e1e" />
    <UnitTestResult executionId="69f3755e-1ad9-4c37-88c7-67fb9b76d5f2" testId="c08187eb-c3c8-cf3d-43e0-44bdb73c68be" testName="SAFARIstack.Tests.Integration.Stress.CompleteBulkInsertTests.Rates_JoinWithRoomTypeAndRatePlan" computerName="MADOC" duration="00:00:00.1284091" startTime="2026-02-13T21:39:51.8771597+02:00" endTime="2026-02-13T21:39:51.8771601+02:00" testType="13cdc9d9-ddb5-4fa4-a97d-d965ccfc6d4b" outcome="Passed" testListId="8c84fa94-04c1-424b-9868-57a2d4851a1d" relativeResultsDirectory="69f3755e-1ad9-4c37-88c7-67fb9b76d5f2" />
    <UnitTestResult executionId="6ade119c-4841-4dbe-8970-d027147cde6a" testId="b4068549-2b00-1279-a658-e18dae09f6f0" testName="SAFARIstack.Tests.Integration.Stress.CompleteBulkInsertTests.Rates_Has1000Records" computerName="MADOC" duration="00:00:00.0075288" startTime="2026-02-13T21:39:52.5059305+02:00" endTime="2026-02-13T21:39:52.5059309+02:00" testType="13cdc9d9-ddb5-4fa4-a97d-d965ccfc6d4b" outcome="Passed" testListId="8c84fa94-04c1-424b-9868-57a2d4851a1d" relativeResultsDirectory="6ade119c-4841-4dbe-8970-d027147cde6a" />
    <UnitTestResult executionId="867e0873-9b92-44d3-ad58-18ba47fd6bc4" testId="f7d46e2b-650a-8c00-d066-b355f04ef876" testName="SAFARIstack.Tests.Integration.Endpoints.RoomEndpointTests.GetRoomTypes_Returns200WithData" computerName="MADOC" duration="00:00:01.0660502" startTime="2026-02-13T21:39:14.2033787+02:00" endTime="2026-02-13T21:39:14.2033792+02:00" testType="13cdc9d9-ddb5-4fa4-a97d-d965ccfc6d4b" outcome="Passed" testListId="8c84fa94-04c1-424b-9868-57a2d4851a1d" relativeResultsDirectory="867e0873-9b92-44d3-ad58-18ba47fd6bc4" />
    <UnitTestResult executionId="5644311c-9f08-4bb0-ba42-279076388c57" testId="1f754607-05a3-4caf-daa6-154fc3b5ec8a" testName="SAFARIstack.Tests.Integration.Stress.CompleteBulkInsertTests.RoomBlocks_HaveValidDateRanges" computerName="MADOC" duration="00:00:00.0319616" startTime="2026-02-13T21:39:50.4967389+02:00" endTime="2026-02-13T21:39:50.4967394+02:00" testType="13cdc9d9-ddb5-4fa4-a97d-d965ccfc6d4b" outcome="Passed" testListId="8c84fa94-04c1-424b-9868-57a2d4851a1d" relativeResultsDirectory="5644311c-9f08-4bb0-ba42-279076388c57" />
    <UnitTestResult executionId="af903e7c-3f35-4bd4-9299-052d6e2231e7" testId="2389c910-9263-c7a2-f1cd-758806d5f159" testName="SAFARIstack.Tests.Integration.Stress.BulkSeedAndStressTests.AllRooms_HaveValidRoomTypeId" computerName="MADOC" duration="00:00:00.0899960" startTime="2026-02-13T21:39:46.5181753+02:00" endTime="2026-02-13T21:39:46.5181757+02:00" testType="13cdc9d9-ddb5-4fa4-a97d-d965ccfc6d4b" outcome="Passed" testListId="8c84fa94-04c1-424b-9868-57a2d4851a1d" relativeResultsDirectory="af903e7c-3f35-4bd4-9299-052d6e2231e7" />
    <UnitTestResult executionId="110b6720-5784-4de6-809a-ab31b04fd488" testId="d2e5d332-3f2a-e5d8-b908-ce703ce6eebe" testName="SAFARIstack.Tests.Integration.Stress.BulkSeedAndStressTests.BulkRead_AllGuests_Under2Seconds" computerName="MADOC" duration="00:00:00.0654423" startTime="2026-02-13T21:39:49.2472400+02:00" endTime="2026-02-13T21:39:49.2472404+02:00" testType="13cdc9d9-ddb5-4fa4-a97d-d965ccfc6d4b" outcome="Passed" testListId="8c84fa94-04c1-424b-9868-57a2d4851a1d" relativeResultsDirectory="110b6720-5784-4de6-809a-ab31b04fd488" />
    <UnitTestResult executionId="03aa8510-b941-4d1e-8165-004c9101057a" testId="8bcb51ae-81ba-a0ae-85e1-cab948ac16ce" testName="SAFARIstack.Tests.Integration.Endpoints.SettingsEndpointTests.GetPropertySettings_FirstAccess_ReturnsDefaults" computerName="MADOC" duration="00:00:00.0289043" startTime="2026-02-13T21:39:22.1834852+02:00" endTime="2026-02-13T21:39:22.1834860+02:00" testType="13cdc9d9-ddb5-4fa4-a97d-d965ccfc6d4b" outcome="Passed" testListId="8c84fa94-04c1-424b-9868-57a2d4851a1d" relativeResultsDirectory="03aa8510-b941-4d1e-8165-004c9101057a" />
    <UnitTestResult executionId="7a784dd6-0c5c-427d-b664-80246557c4ab" testId="8967e096-c22b-ed8c-7fcc-57cbbd5fec55" testName="SAFARIstack.Tests.Integration.Stress.CompleteBulkInsertTests.GuestPreferences_Has1000Records" computerName="MADOC" duration="00:00:00.0067997" startTime="2026-02-13T21:39:52.4057706+02:00" endTime="2026-02-13T21:39:52.4057711+02:00" testType="13cdc9d9-ddb5-4fa4-a97d-d965ccfc6d4b" outcome="Passed" testListId="8c84fa94-04c1-424b-9868-57a2d4851a1d" relativeResultsDirectory="7a784dd6-0c5c-427d-b664-80246557c4ab" />
    <UnitTestResult executionId="49e77cdd-cbcb-4812-8571-5a8770e26a91" testId="7e884de6-8889-b62c-f4b1-c01d0d285692" testName="SAFARIstack.Tests.Integration.Stress.CompleteBulkInsertTests.UserRoles_PairsAreUnique" computerName="MADOC" duration="00:00:00.0380373" startTime="2026-02-13T21:39:52.5557844+02:00" endTime="2026-02-13T21:39:52.5557848+02:00" testType="13cdc9d9-ddb5-4fa4-a97d-d965ccfc6d4b" outcome="Passed" testListId="8c84fa94-04c1-424b-9868-57a2d4851a1d" relativeResultsDirectory="49e77cdd-cbcb-4812-8571-5a8770e26a91" />
    <UnitTestResult executionId="50f2c955-2e10-4c4b-ab5b-a1d9af478098" testId="f05f6060-e622-1753-d855-3387c7b71a7d" testName="SAFARIstack.Tests.Integration.Stress.BulkSeedAndStressTests.HousekeepingLifecycle_FullWorkflow_AtScale" computerName="MADOC" duration="00:00:00.1012134" startTime="2026-02-13T21:39:50.3499193+02:00" endTime="2026-02-13T21:39:50.3499197+02:00" testType="13cdc9d9-ddb5-4fa4-a97d-d965ccfc6d4b" outcome="Passed" testListId="8c84fa94-04c1-424b-9868-57a2d4851a1d" relativeResultsDirectory="50f2c955-2e10-4c4b-ab5b-a1d9af478098" />
    <UnitTestResult executionId="8e574ada-6ada-48a4-9b91-2d2e1f137f6d" testId="ef84a839-4411-ce55-b13d-b946107d894a" testName="SAFARIstack.Tests.Integration.Stress.CompleteBulkInsertTests.StaffAttendances_JoinWithStaffAndReader" computerName="MADOC" duration="00:00:00.0995856" startTime="2026-02-13T21:39:51.2603103+02:00" endTime="2026-02-13T21:39:51.2603107+02:00" testType="13cdc9d9-ddb5-4fa4-a97d-d965ccfc6d4b" outcome="Passed" testListId="8c84fa94-04c1-424b-9868-57a2d4851a1d" relativeResultsDirectory="8e574ada-6ada-48a4-9b91-2d2e1f137f6d" />
    <UnitTestResult executionId="11f36eec-94fb-4db2-b8fe-a6fadc3d1378" testId="dce30a70-9c39-a69e-87f0-07561316495f" testName="SAFARIstack.Tests.Integration.Endpoints.HousekeepingEndpointTests.AssignTask_NonExistent_Returns404" computerName="MADOC" duration="00:00:00.0835788" startTime="2026-02-13T21:39:08.6985238+02:00" endTime="2026-02-13T21:39:08.6985242+02:00" testType="13cdc9d9-ddb5-4fa4-a97d-d965ccfc6d4b" outcome="Passed" testListId="8c84fa94-04c1-424b-9868-57a2d4851a1d" relativeResultsDirectory="11f36eec-94fb-4db2-b8fe-a6fadc3d1378" />
    <UnitTestResult executionId="3baa54b9-8674-42d1-917c-652ea521aa0d" testId="7a041a56-7aed-3bff-e5b2-374be2df70c6" testName="SAFARIstack.Tests.Integration.Stress.CompleteBulkInsertTests.Amenities_Has1000Records" computerName="MADOC" duration="00:00:00.0193183" startTime="2026-02-13T21:39:52.0125817+02:00" endTime="2026-02-13T21:39:52.0125821+02:00" testType="13cdc9d9-ddb5-4fa4-a97d-d965ccfc6d4b" outcome="Passed" testListId="8c84fa94-04c1-424b-9868-57a2d4851a1d" relativeResultsDirectory="3baa54b9-8674-42d1-917c-652ea521aa0d" />
    <UnitTestResult executionId="3d74f159-f79d-4203-a398-1bbab5ba8e38" testId="a40cd8d5-d035-7c4f-d4b0-6d7ab4420fdf" testName="SAFARIstack.Tests.Integration.Endpoints.StaffAndRfidEndpointTests.GetTodayAttendance_Returns200" computerName="MADOC" duration="00:00:00.1720173" startTime="2026-02-13T21:39:24.7072066+02:00" endTime="2026-02-13T21:39:24.7072070+02:00" testType="13cdc9d9-ddb5-4fa4-a97d-d965ccfc6d4b" outcome="Passed" testListId="8c84fa94-04c1-424b-9868-57a2d4851a1d" relativeResultsDirectory="3d74f159-f79d-4203-a398-1bbab5ba8e38" />
    <UnitTestResult executionId="9b1f3a25-47fd-4000-a69d-1d966500a9c7" testId="b6bd9fc9-f257-633e-837b-12a720c77ac7" testName="SAFARIstack.Tests.Integration.Endpoints.FinancialEndpointTests.CreateFolio_ValidRequest_Returns201" computerName="MADOC" duration="00:00:00.0728878" startTime="2026-02-13T21:39:04.7114324+02:00" endTime="2026-02-13T21:39:04.7114329+02:00" testType="13cdc9d9-ddb5-4fa4-a97d-d965ccfc6d4b" outcome="Passed" testListId="8c84fa94-04c1-424b-9868-57a2d4851a1d" relativeResultsDirectory="9b1f3a25-47fd-4000-a69d-1d966500a9c7" />
    <UnitTestResult executionId="bdcb1679-c091-4ca2-be19-8aa470307fbc" testId="5de1dd4c-4baa-8e3a-4283-11693b5008fc" testName="SAFARIstack.Tests.Integration.Stress.BulkSeedAndStressTests.BulkRead_AllRooms_Under2Seconds" computerName="MADOC" duration="00:00:00.0774846" startTime="2026-02-13T21:39:46.7100510+02:00" endTime="2026-02-13T21:39:46.7100513+02:00" testType="13cdc9d9-ddb5-4fa4-a97d-d965ccfc6d4b" outcome="Passed" testListId="8c84fa94-04c1-424b-9868-57a2d4851a1d" relativeResultsDirectory="bdcb1679-c091-4ca2-be19-8aa470307fbc" />
    <UnitTestResult executionId="1431e865-1c08-4f42-a0c3-d585e56ae6d8" testId="34bf2824-8f0c-2ad5-2f10-1b9831a59635" testName="SAFARIstack.Tests.Integration.Stress.CompleteBulkInsertTests.RoomTypeAmenities_Has1000Records" computerName="MADOC" duration="00:00:00.0123793" startTime="2026-02-13T21:39:52.4417885+02:00" endTime="2026-02-13T21:39:52.4417888+02:00" testType="13cdc9d9-ddb5-4fa4-a97d-d965ccfc6d4b" outcome="Passed" testListId="8c84fa94-04c1-424b-9868-57a2d4851a1d" relativeResultsDirectory="1431e865-1c08-4f42-a0c3-d585e56ae6d8" />
    <UnitTestResult executionId="b1b8cf40-eb3f-4590-a434-57b94750c5ef" testId="3667b6b4-c4f2-f93e-87e6-760a7dc7b574" testName="SAFARIstack.Tests.Integration.Endpoints.SettingsEndpointTests.DeleteMerchantConfig_ReturnsNoContent" computerName="MADOC" duration="00:00:00.0743374" startTime="2026-02-13T21:39:22.9464833+02:00" endTime="2026-02-13T21:39:22.9464837+02:00" testType="13cdc9d9-ddb5-4fa4-a97d-d965ccfc6d4b" outcome="Passed" testListId="8c84fa94-04c1-424b-9868-57a2d4851a1d" relativeResultsDirectory="b1b8cf40-eb3f-4590-a434-57b94750c5ef" />
    <UnitTestResult executionId="3588ecae-45c1-4108-9b23-d50b536b26d0" testId="dde77075-16e4-87f1-e879-3b253753e759" testName="SAFARIstack.Tests.Integration.Stress.CompleteBulkInsertTests.BookingRooms_AllHavePositiveRates" computerName="MADOC" duration="00:00:00.0097836" startTime="2026-02-13T21:39:52.8274053+02:00" endTime="2026-02-13T21:39:52.8274055+02:00" testType="13cdc9d9-ddb5-4fa4-a97d-d965ccfc6d4b" outcome="Passed" testListId="8c84fa94-04c1-424b-9868-57a2d4851a1d" relativeResultsDirectory="3588ecae-45c1-4108-9b23-d50b536b26d0" />
    <UnitTestResult executionId="4ceb9633-d779-4d4f-b1c4-0b6d89472795" testId="cc6985d2-761b-e0b7-0cd3-1412fcad7196" testName="SAFARIstack.Tests.Integration.Stress.CompleteBulkInsertTests.AllNewTables_BulkReadUnder3Seconds" computerName="MADOC" duration="00:00:00.3411745" startTime="2026-02-13T21:39:50.9667055+02:00" endTime="2026-02-13T21:39:50.9667060+02:00" testType="13cdc9d9-ddb5-4fa4-a97d-d965ccfc6d4b" outcome="Passed" testListId="8c84fa94-04c1-424b-9868-57a2d4851a1d" relativeResultsDirectory="4ceb9633-d779-4d4f-b1c4-0b6d89472795" />
    <UnitTestResult executionId="e2ba742c-1eac-492e-a9f4-56677ade1388" testId="b2864c7e-f8c5-e8ba-de25-b3b8147f198f" testName="SAFARIstack.Tests.Integration.Stress.BulkSeedAndStressTests.PropertyA_BookingsOnly_BelongToPropertyA" computerName="MADOC" duration="00:00:00.0407448" startTime="2026-02-13T21:39:49.8311970+02:00" endTime="2026-02-13T21:39:49.8311976+02:00" testType="13cdc9d9-ddb5-4fa4-a97d-d965ccfc6d4b" outcome="Passed" testListId="8c84fa94-04c1-424b-9868-57a2d4851a1d" relativeResultsDirectory="e2ba742c-1eac-492e-a9f4-56677ade1388" />
    <UnitTestResult executionId="62e41a42-eee6-4c92-932f-c569db4e68e4" testId="169f08f1-40d4-e476-7b02-8a572b0e0cde" testName="SAFARIstack.Tests.Integration.Endpoints.FinancialEndpointTests.AddCharge_ToFolio_Returns200" computerName="MADOC" duration="00:00:00.4752729" startTime="2026-02-13T21:39:04.3090041+02:00" endTime="2026-02-13T21:39:04.3090045+02:00" testType="13cdc9d9-ddb5-4fa4-a97d-d965ccfc6d4b" outcome="Passed" testListId="8c84fa94-04c1-424b-9868-57a2d4851a1d" relativeResultsDirectory="62e41a42-eee6-4c92-932f-c569db4e68e4" />
    <UnitTestResult executionId="e8a29a58-922b-41ea-8814-56c7c7f54ddf" testId="aff85f94-4862-5023-6732-d382e83375d1" testName="SAFARIstack.Tests.Integration.Endpoints.RoomEndpointTests.GetRoomsByFloor_Returns200" computerName="MADOC" duration="00:00:00.3528971" startTime="2026-02-13T21:39:12.6489313+02:00" endTime="2026-02-13T21:39:12.6489317+02:00" testType="13cdc9d9-ddb5-4fa4-a97d-d965ccfc6d4b" outcome="Passed" testListId="8c84fa94-04c1-424b-9868-57a2d4851a1d" relativeResultsDirectory="e8a29a58-922b-41ea-8814-56c7c7f54ddf" />
    <UnitTestResult executionId="044a68c5-02e3-41bf-9309-1155fb6f512f" testId="285f69e4-938d-90d7-1c7f-023e5d6f7d36" testName="SAFARIstack.Tests.Integration.Endpoints.BookingEndpointTests.CreateBooking_CheckOutBeforeCheckIn_Returns400" computerName="MADOC" duration="00:00:00.0469073" startTime="2026-02-13T21:39:03.3119081+02:00" endTime="2026-02-13T21:39:03.3119085+02:00" testType="13cdc9d9-ddb5-4fa4-a97d-d965ccfc6d4b" outcome="Passed" testListId="8c84fa94-04c1-424b-9868-57a2d4851a1d" relativeResultsDirectory="044a68c5-02e3-41bf-9309-1155fb6f512f" />
    <UnitTestResult executionId="8e1a77fb-9774-48d4-b32e-3c491da54bfd" testId="4aabc4bc-a4cf-070d-50dd-6cb6d8a335e3" testName="SAFARIstack.Tests.Integration.Endpoints.RoomEndpointTests.MarkRoom_NonExistent_Returns404" computerName="MADOC" duration="00:00:00.0651909" startTime="2026-02-13T21:39:11.8290196+02:00" endTime="2026-02-13T21:39:11.8290204+02:00" testType="13cdc9d9-ddb5-4fa4-a97d-d965ccfc6d4b" outcome="Passed" testListId="8c84fa94-04c1-424b-9868-57a2d4851a1d" relativeResultsDirectory="8e1a77fb-9774-48d4-b32e-3c491da54bfd" />
    <UnitTestResult executionId="00bf67a4-b1d1-48f2-9925-c643a7d136ef" testId="8741fbdf-93f1-1c9e-2341-bd23180100ef" testName="SAFARIstack.Tests.Integration.Stress.CompleteBulkInsertTests.Invoices_JoinWithFolioAndGuest" computerName="MADOC" duration="00:00:00.0524659" startTime="2026-02-13T21:39:51.6815983+02:00" endTime="2026-02-13T21:39:51.6815987+02:00" testType="13cdc9d9-ddb5-4fa4-a97d-d965ccfc6d4b" outcome="Passed" testListId="8c84fa94-04c1-424b-9868-57a2d4851a1d" relativeResultsDirectory="00bf67a4-b1d1-48f2-9925-c643a7d136ef" />
    <UnitTestResult executionId="27827084-7890-4149-baff-bbc7dcd3eb36" testId="2dab9633-6db9-047e-8c03-6946e08ef8fa" testName="SAFARIstack.Tests.Integration.Stress.CompleteBulkInsertTests.UserRoles_JoinWithUserAndRole" computerName="MADOC" duration="00:00:00.0645047" startTime="2026-02-13T21:39:52.7512431+02:00" endTime="2026-02-13T21:39:52.7512434+02:00" testType="13cdc9d9-ddb5-4fa4-a97d-d965ccfc6d4b" outcome="Passed" testListId="8c84fa94-04c1-424b-9868-57a2d4851a1d" relativeResultsDirectory="27827084-7890-4149-baff-bbc7dcd3eb36" />
    <UnitTestResult executionId="be3977fd-dcde-4165-ba71-de0ca1465c1a" testId="f50e0e3e-c42e-62f0-a4cf-ce6d8863fa29" testName="SAFARIstack.Tests.Integration.Endpoints.AuthEndpointTests.Register_ValidRequest_Returns201AndPersists" computerName="MADOC" duration="00:00:03.5724332" startTime="2026-02-13T21:38:46.1647140+02:00" endTime="2026-02-13T21:38:46.1647146+02:00" testType="13cdc9d9-ddb5-4fa4-a97d-d965ccfc6d4b" outcome="Passed" testListId="8c84fa94-04c1-424b-9868-57a2d4851a1d" relativeResultsDirectory="be3977fd-dcde-4165-ba71-de0ca1465c1a" />
    <UnitTestResult executionId="2b9e8cab-7d00-4fa1-81ca-cc6b557e52ea" testId="56fb1117-8c70-eeab-6a11-a19fa2d622e4" testName="SAFARIstack.Tests.Integration.Endpoints.RoomEndpointTests.CreateRoom_Anonymous_Returns401" computerName="MADOC" duration="00:00:00.1392545" startTime="2026-02-13T21:39:19.2274754+02:00" endTime="2026-02-13T21:39:19.2274758+02:00" testType="13cdc9d9-ddb5-4fa4-a97d-d965ccfc6d4b" outcome="Passed" testListId="8c84fa94-04c1-424b-9868-57a2d4851a1d" relativeResultsDirectory="2b9e8cab-7d00-4fa1-81ca-cc6b557e52ea" />
    <UnitTestResult executionId="a7d7071d-6de4-4369-9220-aebf6c098551" testId="aacedb6f-1fbb-906e-9afe-aeb89140d697" testName="SAFARIstack.Tests.Integration.Endpoints.StaffAndRfidEndpointTests.RfidCheckIn_WithoutApiKey_Returns401" computerName="MADOC" duration="00:00:00.1793945" startTime="2026-02-13T21:39:25.1071945+02:00" endTime="2026-02-13T21:39:25.1071949+02:00" testType="13cdc9d9-ddb5-4fa4-a97d-d965ccfc6d4b" outcome="Passed" testListId="8c84fa94-04c1-424b-9868-57a2d4851a1d" relativeResultsDirectory="a7d7071d-6de4-4369-9220-aebf6c098551" />
    <UnitTestResult executionId="9b4319f0-3c44-451a-9ca3-10cdae8f1cb0" testId="a821e029-edb8-dd4b-a251-d3a585cbcc88" testName="SAFARIstack.Tests.Integration.Endpoints.SettingsEndpointTests.CreateEmailTemplate_ValidRequest_Returns201" computerName="MADOC" duration="00:00:00.0821052" startTime="2026-02-13T21:39:22.5477071+02:00" endTime="2026-02-13T21:39:22.5477075+02:00" testType="13cdc9d9-ddb5-4fa4-a97d-d965ccfc6d4b" outcome="Passed" testListId="8c84fa94-04c1-424b-9868-57a2d4851a1d" relativeResultsDirectory="9b4319f0-3c44-451a-9ca3-10cdae8f1cb0" />
    <UnitTestResult executionId="46de27a4-21d4-448d-a400-28f32ebffe2e" testId="d6796035-f9c1-d359-cdd0-447640fa0c71" testName="SAFARIstack.Tests.Integration.Stress.BulkSeedAndStressTests.BulkRead_AllBookings_Under2Seconds" computerName="MADOC" duration="00:00:00.0814249" startTime="2026-02-13T21:39:49.5635115+02:00" endTime="2026-02-13T21:39:49.5635119+02:00" testType="13cdc9d9-ddb5-4fa4-a97d-d965ccfc6d4b" outcome="Passed" testListId="8c84fa94-04c1-424b-9868-57a2d4851a1d" relativeResultsDirectory="46de27a4-21d4-448d-a400-28f32ebffe2e" />
    <UnitTestResult executionId="7add5e9e-8517-4929-8107-c61eca6b6717" testId="ac583d9b-3cfa-3b87-bec4-fd3df4311bce" testName="SAFARIstack.Tests.Integration.Stress.BulkSeedAndStressTests.Pagination_Guests_ReturnsCorrectPage(skip: 900, take: 50)" computerName="MADOC" duration="00:00:00.0054837" startTime="2026-02-13T21:39:47.2993591+02:00" endTime="2026-02-13T21:39:47.2993599+02:00" testType="13cdc9d9-ddb5-4fa4-a97d-d965ccfc6d4b" outcome="Passed" testListId="8c84fa94-04c1-424b-9868-57a2d4851a1d" relativeResultsDirectory="7add5e9e-8517-4929-8107-c61eca6b6717" />
    <UnitTestResult executionId="c7f31913-6640-4cb9-91fb-e2e0feab75e4" testId="121f8255-7a9e-d962-c1e7-252cb6baf607" testName="SAFARIstack.Tests.Integration.Endpoints.RateAndHealthEndpointTests.AllResponses_ContainSecurityHeaders" computerName="MADOC" duration="00:00:00.1364253" startTime="2026-02-13T21:39:09.9169913+02:00" endTime="2026-02-13T21:39:09.9169917+02:00" testType="13cdc9d9-ddb5-4fa4-a97d-d965ccfc6d4b" outcome="Passed" testListId="8c84fa94-04c1-424b-9868-57a2d4851a1d" relativeResultsDirectory="c7f31913-6640-4cb9-91fb-e2e0feab75e4" />
    <UnitTestResult executionId="0f6e6e94-31dd-48dd-b090-10981eec9181" testId="ffe12626-6119-affa-58db-1ca2940941c7" testName="SAFARIstack.Tests.Integration.Endpoints.RateAndHealthEndpointTests.GetAllPermissions_Authenticated_Returns200" computerName="MADOC" duration="00:00:00.1925194" startTime="2026-02-13T21:39:10.7103847+02:00" endTime="2026-02-13T21:39:10.7103851+02:00" testType="13cdc9d9-ddb5-4fa4-a97d-d965ccfc6d4b" outcome="Passed" testListId="8c84fa94-04c1-424b-9868-57a2d4851a1d" relativeResultsDirectory="0f6e6e94-31dd-48dd-b090-10981eec9181" />
[...]
[21:39:21 DBG] [e4a4e4ff52de436ab0d792869eaacf18] AuthenticationScheme: TestScheme was successfully authenticated.&#xD;
[21:39:21 DBG] AuthenticationScheme: TestScheme was successfully authenticated.&#xD;
[21:39:21 INF] [e4a4e4ff52de436ab0d792869eaacf18] HTTP PUT /api/properties/a6b95f71-f1f3-44ae-bd39-025fceb4f0d0/settings/email responded 200 in 55.4441 ms&#xD;
[21:39:21 INF] HTTP PUT /api/properties/a6b95f71-f1f3-44ae-bd39-025fceb4f0d0/settings/email responded 200 in 55.4441 ms&#xD;
[21:39:21 DBG] [be930be393594638bb6bbf39136b7a14] AuthenticationScheme: TestScheme was successfully authenticated.&#xD;
[21:39:21 DBG] AuthenticationScheme: TestScheme was successfully authenticated.&#xD;
[21:39:21 INF] [be930be393594638bb6bbf39136b7a14] HTTP POST /api/properties/a6b95f71-f1f3-44ae-bd39-025fceb4f0d0/email-templates responded 201 in 42.2510 ms&#xD;
[21:39:21 INF] HTTP POST /api/properties/a6b95f71-f1f3-44ae-bd39-025fceb4f0d0/email-templates responded 201 in 42.2510 ms&#xD;
[21:39:21 DBG] [ac27455e7fd249ba8f7f6512baa97a16] AuthenticationScheme: TestScheme was successfully authenticated.&#xD;
[21:39:21 DBG] AuthenticationScheme: TestScheme was successfully authenticated.&#xD;
[21:39:22 INF] [ac27455e7fd249ba8f7f6512baa97a16] HTTP DELETE /api/properties/a6b95f71-f1f3-44ae-bd39-025fceb4f0d0/email-templates/b9596878-b819-434d-aaf1-472fc7d27497 responded 204 in 71.7315 ms&#xD;
[21:39:22 INF] HTTP DELETE /api/properties/a6b95f71-f1f3-44ae-bd39-025fceb4f0d0/email-templates/b9596878-b819-434d-aaf1-472fc7d27497 responded 204 in 71.7315 ms&#xD;
[21:39:22 DBG] [cc91022eda064b64a568e893f6eca720] AuthenticationScheme: TestScheme was successfully authenticated.&#xD;
[21:39:22 DBG] AuthenticationScheme: TestScheme was successfully authenticated.&#xD;
[21:39:22 INF] [cc91022eda064b64a568e893f6eca720] HTTP GET /api/properties/a6b95f71-f1f3-44ae-bd39-025fceb4f0d0/settings responded 200 in 9.4139 ms&#xD;
[21:39:22 INF] HTTP GET /api/properties/a6b95f71-f1f3-44ae-bd39-025fceb4f0d0/settings responded 200 in 9.4139 ms&#xD;
[21:39:22 DBG] [55574400de1041a896676ad0777016e5] AuthenticationScheme: TestScheme was successfully authenticated.&#xD;
[21:39:22 DBG] AuthenticationScheme: TestScheme was successfully authenticated.&#xD;
[21:39:22 INF] [55574400de1041a896676ad0777016e5] HTTP PUT /api/properties/a6b95f71-f1f3-44ae-bd39-025fceb4f0d0/settings/notifications responded 200 in 42.0981 ms&#xD;
[21:39:22 INF] HTTP PUT /api/properties/a6b95f71-f1f3-44ae-bd39-025fceb4f0d0/settings/notifications responded 200 in 42.0981 ms&#xD;
[21:39:22 DBG] [51e3876108004b108b6c39cf590573fd] AuthenticationScheme: TestScheme was successfully authenticated.&#xD;
[21:39:22 DBG] AuthenticationScheme: TestScheme was successfully authenticated.&#xD;
[21:39:22 INF] [51e3876108004b108b6c39cf590573fd] HTTP POST /api/properties/a6b95f71-f1f3-44ae-bd39-025fceb4f0d0/merchant-config responded 201 in 6.0641 ms&#xD;
[21:39:22 INF] HTTP POST /api/properties/a6b95f71-f1f3-44ae-bd39-025fceb4f0d0/merchant-config responded 201 in 6.0641 ms&#xD;
[21:39:22 DBG] [38bb3df3b7064db9b19dfd08f378eae9] AuthenticationScheme: TestScheme was successfully authenticated.&#xD;
[21:39:22 DBG] AuthenticationScheme: TestScheme was successfully authenticated.&#xD;
[21:39:22 INF] [38bb3df3b7064db9b19dfd08f378eae9] HTTP POST /api/properties/a6b95f71-f1f3-44ae-bd39-025fceb4f0d0/merchant-config/616f74b7-46aa-42ff-ab44-e8f5263112ef/deactivate responded 204 in 66.4134 ms&#xD;
[21:39:22 INF] HTTP POST /api/properties/a6b95f71-f1f3-44ae-bd39-025fceb4f0d0/merchant-config/616f74b7-46aa-42ff-ab44-e8f5263112ef/deactivate responded 204 in 66.4134 ms&#xD;
[21:39:22 DBG] [a302aefaf8f64daa918f2bc4ff175ac0] AuthenticationScheme: TestScheme was successfully authenticated.&#xD;
[21:39:22 DBG] AuthenticationScheme: TestScheme was successfully authenticated.&#xD;
[21:39:22 INF] [a302aefaf8f64daa918f2bc4ff175ac0] HTTP POST /api/properties/a6b95f71-f1f3-44ae-bd39-025fceb4f0d0/email-templates responded 201 in 40.3077 ms&#xD;
[21:39:22 INF] HTTP POST /api/properties/a6b95f71-f1f3-44ae-bd39-025fceb4f0d0/email-templates responded 201 in 40.3077 ms&#xD;
[21:39:22 DBG] [f0dda8e8e554481aa581a2125a8350c5] AuthenticationScheme: TestScheme was successfully authenticated.&#xD;
[21:39:22 DBG] AuthenticationScheme: TestScheme was successfully authenticated.&#xD;
[21:39:22 INF] [f0dda8e8e554481aa581a2125a8350c5] HTTP GET /api/properties/a6b95f71-f1f3-44ae-bd39-025fceb4f0d0/merchant-config/11a70497-f970-4430-810f-be00a0dc98c6 responded 404 in 14.9048 ms&#xD;
[21:39:22 INF] HTTP GET /api/properties/a6b95f71-f1f3-44ae-bd39-025fceb4f0d0/merchant-config/11a70497-f970-4430-810f-be00a0dc98c6 responded 404 in 14.9048 ms&#xD;
[21:39:22 DBG] [60815f6b280848989d6c3ac0deb2f61f] AuthenticationScheme: TestScheme was successfully authenticated.&#xD;
[21:39:22 DBG] AuthenticationScheme: TestScheme was successfully authenticated.&#xD;
[21:39:22 INF] [60815f6b280848989d6c3ac0deb2f61f] HTTP GET /api/properties/a6b95f71-f1f3-44ae-bd39-025fceb4f0d0/notifications/queued responded 200 in 91.8197 ms&#xD;
[21:39:22 INF] HTTP GET /api/properties/a6b95f71-f1f3-44ae-bd39-025fceb4f0d0/notifications/queued responded 200 in 91.8197 ms&#xD;
[21:39:22 DBG] [c8c10fc6004a4ff59aefb2603a989efe] AuthenticationScheme: TestScheme was successfully authenticated.&#xD;
[21:39:22 DBG] AuthenticationScheme: TestScheme was successfully authenticated.&#xD;
[21:39:22 INF] [c8c10fc6004a4ff59aefb2603a989efe] HTTP GET /api/properties/a6b95f71-f1f3-44ae-bd39-025fceb4f0d0/email-templates/d44e21b3-403f-4e40-a939-2c211eb7caf9 responded 404 in 9.7719 ms&#xD;
[21:39:22 INF] HTTP GET /api/properties/a6b95f71-f1f3-44ae-bd39-025fceb4f0d0/email-templates/d44e21b3-403f-4e40-a939-2c211eb7caf9 responded 404 in 9.7719 ms&#xD;
[21:39:22 DBG] [03b7abff2d9e40389ca10f0d8b8dcea9] AuthenticationScheme: TestScheme was successfully authenticated.&#xD;
[21:39:22 DBG] AuthenticationScheme: TestScheme was successfully authenticated.&#xD;
[21:39:22 INF] [03b7abff2d9e40389ca10f0d8b8dcea9] HTTP POST /api/properties/a6b95f71-f1f3-44ae-bd39-025fceb4f0d0/merchant-config responded 201 in 16.0504 ms&#xD;
[21:39:22 INF] HTTP POST /api/properties/a6b95f71-f1f3-44ae-bd39-025fceb4f0d0/merchant-config responded 201 in 16.0504 ms&#xD;
[21:39:22 DBG] [5f8cf8257ea74cb6a51480342783d815] AuthenticationScheme: TestScheme was successfully authenticated.&#xD;
[21:39:22 DBG] AuthenticationScheme: TestScheme was successfully authenticated.&#xD;
[21:39:22 INF] [5f8cf8257ea74cb6a51480342783d815] HTTP PUT /api/properties/a6b95f71-f1f3-44ae-bd39-025fceb4f0d0/merchant-config/531bb87a-78a9-40d2-88e7-77438c92d025/mode responded 204 in 31.3658 ms&#xD;
[21:39:22 INF] HTTP PUT /api/properties/a6b95f71-f1f3-44ae-bd39-025fceb4f0d0/merchant-config/531bb87a-78a9-40d2-88e7-77438c92d025/mode responded 204 in 31.3658 ms&#xD;
[21:39:22 DBG] [c99ff6947b0f4dda9aaf1b76fcec56b6] AuthenticationScheme: TestScheme was successfully authenticated.&#xD;
[21:39:22 DBG] AuthenticationScheme: TestScheme was successfully authenticated.&#xD;
[21:39:22 INF] [c99ff6947b0f4dda9aaf1b76fcec56b6] HTTP POST /api/properties/a6b95f71-f1f3-44ae-bd39-025fceb4f0d0/merchant-config responded 201 in 8.8244 ms&#xD;
[21:39:22 INF] HTTP POST /api/properties/a6b95f71-f1f3-44ae-bd39-025fceb4f0d0/merchant-config responded 201 in 8.8244 ms&#xD;
[21:39:22 DBG] [f1db6b7482ac41c8928980253accd0d8] AuthenticationScheme: TestScheme was successfully authenticated.&#xD;
[21:39:22 DBG] AuthenticationScheme: TestScheme was successfully authenticated.&#xD;
[21:39:22 INF] [f1db6b7482ac41c8928980253accd0d8] HTTP DELETE /api/properties/a6b95f71-f1f3-44ae-bd39-025fceb4f0d0/merchant-config/90379c47-1abe-4d96-9533-4129807c486f responded 204 in 11.9306 ms&#xD;
[21:39:22 INF] HTTP DELETE /api/properties/a6b95f71-f1f3-44ae-bd39-025fceb4f0d0/merchant-config/90379c47-1abe-4d96-9533-4129807c486f responded 204 in 11.9306 ms&#xD;
[21:39:22 DBG] [1885eb78232b4272a49411b603f50576] AuthenticationScheme: TestScheme was successfully authenticated.&#xD;
[21:39:22 DBG] AuthenticationScheme: TestScheme was successfully authenticated.&#xD;
[21:39:22 INF] [1885eb78232b4272a49411b603f50576] HTTP PUT /api/properties/a6b95f71-f1f3-44ae-bd39-025fceb4f0d0/settings/operational responded 200 in 35.4072 ms&#xD;
[21:39:22 INF] HTTP PUT /api/properties/a6b95f71-f1f3-44ae-bd39-025fceb4f0d0/settings/operational responded 200 in 35.4072 ms&#xD;
[21:39:23 DBG] [6a3e1723d3a94a598b0de78b8e314d87] AuthenticationScheme: TestScheme was not authenticated.&#xD;
[21:39:23 DBG] AuthenticationScheme: TestScheme was not authenticated.&#xD;
[21:39:23 INF] [6a3e1723d3a94a598b0de78b8e314d87] AuthenticationScheme: TestScheme was challenged.&#xD;
[21:39:23 INF] AuthenticationScheme: TestScheme was challenged.&#xD;
[21:39:23 INF] [6a3e1723d3a94a598b0de78b8e314d87] HTTP GET /api/properties/a6b95f71-f1f3-44ae-bd39-025fceb4f0d0/settings responded 401 in 0.9781 ms&#xD;
[21:39:23 INF] HTTP GET /api/properties/a6b95f71-f1f3-44ae-bd39-025fceb4f0d0/settings responded 401 in 0.9781 ms&#xD;
[21:39:23 DBG] [f9f1614100eb4b74a73be6bf797800f5] AuthenticationScheme: TestScheme was successfully authenticated.&#xD;
[21:39:23 DBG] AuthenticationScheme: TestScheme was successfully authenticated.&#xD;
[21:39:23 INF] [f9f1614100eb4b74a73be6bf797800f5] HTTP POST /api/properties/a6b95f71-f1f3-44ae-bd39-025fceb4f0d0/merchant-config responded 201 in 26.6692 ms&#xD;
[21:39:23 INF] HTTP POST /api/properties/a6b95f71-f1f3-44ae-bd39-025fceb4f0d0/merchant-config responded 201 in 26.6692 ms&#xD;
[21:39:23 DBG] [a6914417a3a145eb9723bc8738a41e45] AuthenticationScheme: TestScheme was successfully authenticated.&#xD;
[21:39:23 DBG] AuthenticationScheme: TestScheme was successfully authenticated.&#xD;
[21:39:23 INF] [a6914417a3a145eb9723bc8738a41e45] HTTP POST /api/properties/a6b95f71-f1f3-44ae-bd39-025fceb4f0d0/email-templates responded 201 in 22.3913 ms&#xD;
[21:39:23 INF] HTTP POST /api/properties/a6b95f71-f1f3-44ae-bd39-025fceb4f0d0/email-templates responded 201 in 22.3913 ms&#xD;
[21:39:23 DBG] [f2c52688a31a490b90a2d65bb436107b] AuthenticationScheme: TestScheme was successfully authenticated.&#xD;
[21:39:23 DBG] AuthenticationScheme: TestScheme was successfully authenticated.&#xD;
[21:39:23 INF] [f2c52688a31a490b90a2d65bb436107b] HTTP POST /api/properties/a6b95f71-f1f3-44ae-bd39-025fceb4f0d0/email-templates/64494376-a0fb-42ea-b975-3e102f74d6ff/deactivate responded 204 in 10.4051 ms&#xD;
[21:39:23 INF] HTTP POST /api/properties/a6b95f71-f1f3-44ae-bd39-025fceb4f0d0/email-templates/64494376-a0fb-42ea-b975-3e102f74d6ff/deactivate responded 204 in 10.4051 ms&#xD;
[21:39:23 DBG] [0022c419d55e4b1db135aa3748a439bf] AuthenticationScheme: TestScheme was successfully authenticated.&#xD;
[21:39:23 DBG] AuthenticationScheme: TestScheme was successfully authenticated.&#xD;
[21:39:23 INF] [0022c419d55e4b1db135aa3748a439bf] HTTP GET /api/properties/a6b95f71-f1f3-44ae-bd39-025fceb4f0d0/email-templates/64494376-a0fb-42ea-b975-3e102f74d6ff responded 200 in 9.1327 ms&#xD;
[21:39:23 INF] HTTP GET /api/properties/a6b95f71-f1f3-44ae-bd39-025fceb4f0d0/email-templates/64494376-a0fb-42ea-b975-3e102f74d6ff responded 200 in 9.1327 ms&#xD;
[21:39:23 DBG] [ba8b023e9ddd4565985476f60b6dacdf] AuthenticationScheme: TestScheme was successfully authenticated.&#xD;
[21:39:23 DBG] AuthenticationScheme: TestScheme was successfully authenticated.&#xD;
[21:39:23 INF] [ba8b023e9ddd4565985476f60b6dacdf] HTTP POST /api/properties/a6b95f71-f1f3-44ae-bd39-025fceb4f0d0/merchant-config responded 201 in 63.9790 ms&#xD;
[21:39:23 INF] HTTP POST /api/properties/a6b95f71-f1f3-44ae-bd39-025fceb4f0d0/merchant-config responded 201 in 63.9790 ms&#xD;
[21:39:23 DBG] [7e5e41577ae64581924a7302db3ed40d] AuthenticationScheme: TestScheme was successfully authenticated.&#xD;
[21:39:23 DBG] AuthenticationScheme: TestScheme was successfully authenticated.&#xD;
[21:39:23 INF] [7e5e41577ae64581924a7302db3ed40d] HTTP PUT /api/properties/a6b95f71-f1f3-44ae-bd39-025fceb4f0d0/merchant-config/53880967-0823-4481-9c68-7ab97dfbf25d/urls responded 200 in 13.3766 ms&#xD;
[21:39:23 INF] HTTP PUT /api/properties/a6b95f71-f1f3-44ae-bd39-025fceb4f0d0/merchant-config/53880967-0823-4481-9c68-7ab97dfbf25d/urls responded 200 in 13.3766 ms&#xD;
[21:39:23 DBG] [42ad12e29e934542849a202f77175d77] AuthenticationScheme: TestScheme was successfully authenticated.&#xD;
[21:39:23 DBG] AuthenticationScheme: TestScheme was successfully authenticated.&#xD;
[21:39:23 INF] [42ad12e29e934542849a202f77175d77] HTTP POST /api/properties/a6b95f71-f1f3-44ae-bd39-025fceb4f0d0/notifications/92cb7d65-ba92-4b8e-8c50-5e9b56831e07/read responded 404 in 63.0328 ms&#xD;
[21:39:23 INF] HTTP POST /api/properties/a6b95f71-f1f3-44ae-bd39-025fceb4f0d0/notifications/92cb7d65-ba92-4b8e-8c50-5e9b56831e07/read responded 404 in 63.0328 ms&#xD;
[21:39:23 DBG] [fabe44f6a606416288450938b4e13c42] AuthenticationScheme: TestScheme was successfully authenticated.&#xD;
[21:39:23 DBG] AuthenticationScheme: TestScheme was successfully authenticated.&#xD;
[21:39:23 INF] [fabe44f6a606416288450938b4e13c42] HTTP POST /api/properties/a6b95f71-f1f3-44ae-bd39-025fceb4f0d0/notifications/599111ed-6442-4a7f-aac1-9e5fb57245f2/sent responded 404 in 13.8201 ms&#xD;
[21:39:23 INF] HTTP POST /api/properties/a6b95f71-f1f3-44ae-bd39-025fceb4f0d0/notifications/599111ed-6442-4a7f-aac1-9e5fb57245f2/sent responded 404 in 13.8201 ms&#xD;
[21:39:23 DBG] [fdc303e8e94341a887030d0ddd73a437] AuthenticationScheme: TestScheme was successfully authenticated.&#xD;
[21:39:23 DBG] AuthenticationScheme: TestScheme was successfully authenticated.&#xD;
[21:39:23 INF] [fdc303e8e94341a887030d0ddd73a437] HTTP POST /api/properties/a6b95f71-f1f3-44ae-bd39-025fceb4f0d0/email-templates responded 201 in 14.9635 ms&#xD;
[21:39:23 INF] HTTP POST /api/properties/a6b95f71-f1f3-44ae-bd39-025fceb4f0d0/email-templates responded 201 in 14.9635 ms&#xD;
[21:39:23 DBG] [6cae11f93fbe4eafa8bbc8131f72b424] AuthenticationScheme: TestScheme was successfully authenticated.&#xD;
[21:39:23 DBG] AuthenticationScheme: TestScheme was successfully authenticated.&#xD;
[21:39:24 INF] [6cae11f93fbe4eafa8bbc8131f72b424] HTTP GET /api/properties/a6b95f71-f1f3-44ae-bd39-025fceb4f0d0/email-templates responded 200 in 52.6441 ms&#xD;
[21:39:24 INF] HTTP GET /api/properties/a6b95f71-f1f3-44ae-bd39-025fceb4f0d0/email-templates responded 200 in 52.6441 ms&#xD;
[21:39:24 DBG] [cd79826e134c4b80b2a64ba0bd017d2a] AuthenticationScheme: TestScheme was successfully authenticated.&#xD;
[21:39:24 DBG] AuthenticationScheme: TestScheme was successfully authenticated.&#xD;
[21:39:24 INF] [cd79826e134c4b80b2a64ba0bd017d2a] HTTP POST /api/properties/a6b95f71-f1f3-44ae-bd39-025fceb4f0d0/merchant-config responded 201 in 5.3583 ms&#xD;
[21:39:24 INF] HTTP POST /api/properties/a6b95f71-f1f3-44ae-bd39-025fceb4f0d0/merchant-config responded 201 in 5.3583 ms&#xD;
[21:39:24 DBG] [76633415f32c4a1eb7f225b9ed2deddb] AuthenticationScheme: TestScheme was successfully authenticated.&#xD;
[21:39:24 DBG] AuthenticationScheme: TestScheme was successfully authenticated.&#xD;
[21:39:24 INF] [76633415f32c4a1eb7f225b9ed2deddb] HTTP PUT /api/properties/a6b95f71-f1f3-44ae-bd39-025fceb4f0d0/merchant-config/619c1664-ff1a-4f48-b22c-06cbf9c9dfbc/credentials responded 200 in 20.5474 ms&#xD;
[21:39:24 INF] HTTP PUT /api/properties/a6b95f71-f1f3-44ae-bd39-025fceb4f0d0/merchant-config/619c1664-ff1a-4f48-b22c-06cbf9c9dfbc/credentials responded 200 in 20.5474 ms&#xD;
[21:39:24 DBG] [65d2e648ac0d4340969c61c311c1b9c1] AuthenticationScheme: TestScheme was successfully authenticated.&#xD;
[21:39:24 DBG] AuthenticationScheme: TestScheme was successfully authenticated.&#xD;
[21:39:24 INF] [65d2e648ac0d4340969c61c311c1b9c1] HTTP POST /api/staff/overtime/request responded 200 in 298.2298 ms&#xD;
[21:39:24 INF] HTTP POST /api/staff/overtime/request responded 200 in 298.2298 ms&#xD;
[21:39:24 DBG] [5c8ec57658e846c7b867629b4cc283b2] AuthenticationScheme: TestScheme was successfully authenticated.&#xD;
[21:39:24 DBG] AuthenticationScheme: TestScheme was successfully authenticated.&#xD;
[21:39:24 INF] [5c8ec57658e846c7b867629b4cc283b2] HTTP GET /api/staff/attendance/today responded 200 in 147.5380 ms&#xD;
[21:39:24 INF] HTTP GET /api/staff/attendance/today responded 200 in 147.5380 ms&#xD;
[21:39:24 DBG] [f30e2694859e41918132312ee15473d5] AuthenticationScheme: TestScheme was successfully authenticated.&#xD;
[21:39:24 DBG] AuthenticationScheme: TestScheme was successfully authenticated.&#xD;
[21:39:24 INF] [f30e2694859e41918132312ee15473d5] HTTP GET /api/staff/a6b95f71-f1f3-44ae-bd39-025fceb4f0d0 responded 200 in 104.7031 ms&#xD;
[21:39:24 INF] HTTP GET /api/staff/a6b95f71-f1f3-44ae-bd39-025fceb4f0d0 responded 200 in 104.7031 ms&#xD;
[21:39:24 DBG] [107a5e9ba9ea478dad50f397022a2bd2] AuthenticationScheme: TestScheme was successfully authenticated.&#xD;
[21:39:24 DBG] AuthenticationScheme: TestScheme was successfully authenticated.&#xD;
[21:39:24 INF] [107a5e9ba9ea478dad50f397022a2bd2] HTTP GET /api/staff/attendance/report responded 200 in 50.7035 ms&#xD;
[21:39:24 INF] HTTP GET /api/staff/attendance/report responded 200 in 50.7035 ms&#xD;
[21:39:24 DBG] [4d3ec1522a164b3c9d187e0a5166c3ae] AuthenticationScheme: TestScheme was not authenticated.&#xD;
[21:39:24 DBG] AuthenticationScheme: TestScheme was not authenticated.&#xD;
[21:39:25 INF] [4d3ec1522a164b3c9d187e0a5166c3ae] RfidReader was not authenticated. Failure message: Missing X-Reader-API-Key header&#xD;
[21:39:25 INF] RfidReader was not authenticated. Failure message: Missing X-Reader-API-Key header&#xD;
[21:39:25 INF] [4d3ec1522a164b3c9d187e0a5166c3ae] AuthenticationScheme: RfidReader was challenged.&#xD;
[21:39:25 INF] AuthenticationScheme: RfidReader was challenged.&#xD;
[21:39:25 INF] [4d3ec1522a164b3c9d187e0a5166c3ae] HTTP POST /api/rfid/check-in responded 401 in 154.6118 ms&#xD;
[21:39:25 INF] HTTP POST /api/rfid/check-in responded 401 in 154.6118 ms&#xD;
[21:39:25 DBG] [1065be8a60fe4019a08b3c24b5f1548a] AuthenticationScheme: TestScheme was not authenticated.&#xD;
[21:39:25 DBG] AuthenticationScheme: TestScheme was not authenticated.&#xD;
[21:39:25 INF] [1065be8a60fe4019a08b3c24b5f1548a] RfidReader was not authenticated. Failure message: Missing X-Reader-API-Key header&#xD;
[21:39:25 INF] RfidReader was not authenticated. Failure message: Missing X-Reader-API-Key header&#xD;
[21:39:25 INF] [1065be8a60fe4019a08b3c24b5f1548a] AuthenticationScheme: RfidReader was challenged.&#xD;
[21:39:25 INF] AuthenticationScheme: RfidReader was challenged.&#xD;
[21:39:25 INF] [1065be8a60fe4019a08b3c24b5f1548a] HTTP POST /api/rfid/heartbeat responded 401 in 1.5031 ms&#xD;
[21:39:25 INF] HTTP POST /api/rfid/heartbeat responded 401 in 1.5031 ms&#xD;
[21:39:25 DBG] [90c07a8ce005427d86a7a1b743f907cc] AuthenticationScheme: TestScheme was not authenticated.&#xD;
[21:39:25 DBG] AuthenticationScheme: TestScheme was not authenticated.&#xD;
[21:39:25 INF] [90c07a8ce005427d86a7a1b743f907cc] AuthenticationScheme: TestScheme was challenged.&#xD;
[21:39:25 INF] AuthenticationScheme: TestScheme was challenged.&#xD;
[21:39:25 INF] [90c07a8ce005427d86a7a1b743f907cc] HTTP GET /api/staff/a6b95f71-f1f3-44ae-bd39-025fceb4f0d0 responded 401 in 0.6165 ms&#xD;
[21:39:25 INF] HTTP GET /api/staff/a6b95f71-f1f3-44ae-bd39-025fceb4f0d0 responded 401 in 0.6165 ms&#xD;
[21:39:25 DBG] [dbcd6a2e41ca4650870e0fc57382cc96] AuthenticationScheme: TestScheme was successfully authenticated.&#xD;
[21:39:25 DBG] AuthenticationScheme: TestScheme was successfully authenticated.&#xD;
[21:39:25 INF] [dbcd6a2e41ca4650870e0fc57382cc96] HTTP POST /api/staff/overtime/4f3cb5f4-95cb-41e0-955f-2331fa674f0f/approve responded 200 in 13.6897 ms&#xD;
[21:39:25 INF] HTTP POST /api/staff/overtime/4f3cb5f4-95cb-41e0-955f-2331fa674f0f/approve responded 200 in 13.6897 ms&#xD;
[xUnit.net 00:01:52.80]   Finished:    SAFARIstack.Tests.Integration&#xD;
</StdOut>
    </Output>
  </ResultSummary>
</TestRun>